#
# There is insufficient memory for the Java Runtime Environment to continue.
# pthread_getattr_np
# Possible reasons:
#   The system is out of physical RAM or swap space
#   In 32 bit mode, the process size limit was hit
# Possible solutions:
#   Reduce memory load on the system
#   Increase physical memory or swap space
#   Check if swap backing store is full
#   Use 64 bit Java on a 64 bit OS
#   Decrease Java heap size (-Xmx/-Xms)
#   Decrease number of Java threads
#   Decrease Java thread stack sizes (-Xss)
#   Set larger code cache with -XX:ReservedCodeCacheSize=
# This output file may be truncated or incomplete.
#
#  Out of Memory Error (os_linux_x86.cpp:718), pid=3996, tid=47592316724992
#
# JRE version: OpenJDK Runtime Environment (7.0_79-b14) (build 1.7.0_79-b14)
# Java VM: OpenJDK 64-Bit Server VM (24.79-b02 mixed mode linux-amd64 compressed oops)
# Derivative: IcedTea 2.5.6
# Distribution: Ubuntu 14.04 LTS, package 7u79-2.5.6-0ubuntu1.14.04.1
# Core dump written. Default location: /home/adam/.virtualenvs/op2/omics_pipe/omics_pipe/scripts/core or core.3996
#

---------------  T H R E A D  ---------------

Current thread (0x00002b48c0380800):  JavaThread "pool-1-thread-19" [_thread_new, id=4088, stack(0x0000000000000000,0x0000000000000000)]

Stack: [0x0000000000000000,0x0000000000000000],  sp=0x00002b48f321dae0,  free space=46476871798k
Native frames: (J=compiled Java code, j=interpreted, Vv=VM code, C=native code)
V  [libjvm.so+0x94afd5]
V  [libjvm.so+0x48b9f4]
V  [libjvm.so+0x7cf89a]
V  [libjvm.so+0x7cf8ed]
V  [libjvm.so+0x8f8409]
V  [libjvm.so+0x900fbc]
V  [libjvm.so+0x7c4f62]


---------------  P R O C E S S  ---------------

Java Threads: ( => current thread )
=>0x00002b48c0380800 JavaThread "pool-1-thread-19" [_thread_new, id=4088, stack(0x0000000000000000,0x0000000000000000)]
  0x00002b48c037e800 JavaThread "pool-1-thread-18" [_thread_blocked, id=4087, stack(0x00002b48f301d000,0x00002b48f311e000)]
  0x00002b48c0236800 JavaThread "pool-1-thread-17" [_thread_blocked, id=4086, stack(0x00002b48f2f1c000,0x00002b48f301d000)]
  0x00002b48c0234800 JavaThread "pool-1-thread-16" [_thread_blocked, id=4085, stack(0x00002b48f2e1b000,0x00002b48f2f1c000)]
  0x00002b48c0232000 JavaThread "pool-1-thread-15" [_thread_blocked, id=4084, stack(0x00002b48f2d1a000,0x00002b48f2e1b000)]
  0x00002b48c0230000 JavaThread "pool-1-thread-14" [_thread_blocked, id=4083, stack(0x00002b48f2c19000,0x00002b48f2d1a000)]
  0x00002b48c022e800 JavaThread "pool-1-thread-13" [_thread_blocked, id=4082, stack(0x00002b48f2b18000,0x00002b48f2c19000)]
  0x00002b48c030d000 JavaThread "pool-1-thread-12" [_thread_blocked, id=4081, stack(0x00002b48f2a17000,0x00002b48f2b18000)]
  0x00002b48c030b800 JavaThread "pool-1-thread-11" [_thread_blocked, id=4080, stack(0x00002b48f2916000,0x00002b48f2a17000)]
  0x00002b48c0309800 JavaThread "pool-1-thread-10" [_thread_blocked, id=4079, stack(0x00002b48f2815000,0x00002b48f2916000)]
  0x00002b48c0307000 JavaThread "pool-1-thread-9" [_thread_blocked, id=4078, stack(0x00002b48f2714000,0x00002b48f2815000)]
  0x00002b48c0375000 JavaThread "pool-1-thread-8" [_thread_blocked, id=4077, stack(0x00002b48f2613000,0x00002b48f2714000)]
  0x00002b48c0373000 JavaThread "pool-1-thread-7" [_thread_blocked, id=4076, stack(0x00002b48f2512000,0x00002b48f2613000)]
  0x00002b48c0371000 JavaThread "pool-1-thread-6" [_thread_blocked, id=4075, stack(0x00002b48f2411000,0x00002b48f2512000)]
  0x00002b48c036f000 JavaThread "pool-1-thread-5" [_thread_blocked, id=4074, stack(0x00002b48f2310000,0x00002b48f2411000)]
  0x00002b48c01a4000 JavaThread "pool-1-thread-4" [_thread_blocked, id=4073, stack(0x00002b48f220f000,0x00002b48f2310000)]
  0x00002b48c01a2000 JavaThread "pool-1-thread-3" [_thread_blocked, id=4072, stack(0x00002b48f210e000,0x00002b48f220f000)]
  0x00002b48c01a7800 JavaThread "pool-1-thread-2" [_thread_blocked, id=4071, stack(0x00002b48f200d000,0x00002b48f210e000)]
  0x00002b48c033f000 JavaThread "pool-1-thread-1" [_thread_blocked, id=4070, stack(0x00002b48f1f0c000,0x00002b48f200d000)]
  0x00002b48c00d8800 JavaThread "Service Thread" daemon [_thread_blocked, id=4063, stack(0x00002b48f1b8f000,0x00002b48f1c90000)]
  0x00002b48c00d6800 JavaThread "C2 CompilerThread1" daemon [_thread_in_native, id=4062, stack(0x00002b48f1a8e000,0x00002b48f1b8f000)]
  0x00002b48c00d3800 JavaThread "C2 CompilerThread0" daemon [_thread_blocked, id=4061, stack(0x00002b48f198d000,0x00002b48f1a8e000)]
  0x00002b48c00d1800 JavaThread "Signal Dispatcher" daemon [_thread_blocked, id=4060, stack(0x00002b48f188c000,0x00002b48f198d000)]
  0x00002b48c00a6800 JavaThread "Finalizer" daemon [_thread_blocked, id=4056, stack(0x00002b48f1414000,0x00002b48f1515000)]
  0x00002b48c00a4800 JavaThread "Reference Handler" daemon [_thread_blocked, id=4055, stack(0x00002b48f1313000,0x00002b48f1414000)]
  0x00002b48c000b800 JavaThread "main" [_thread_in_Java, id=4001, stack(0x00002b48bb039000,0x00002b48bb13a000)]

Other Threads:
  0x00002b48c00a0800 VMThread [stack: 0x00002b48f1212000,0x00002b48f1313000] [id=4054]
  0x00002b48c00e3800 WatcherThread [stack: 0x00002b48f1c90000,0x00002b48f1d91000] [id=4064]

VM state:not at safepoint (normal execution)

VM Mutex/Monitor currently owned by a thread: None

Heap
 PSYoungGen      total 194048K, used 77086K [0x00000006c0000000, 0x00000006d0400000, 0x0000000800000000)
  eden space 168448K, 30% used [0x00000006c0000000,0x00000006c3277398,0x00000006ca480000)
  from space 25600K, 99% used [0x00000006ceb00000,0x00000006d03d0770,0x00000006d0400000)
  to   space 31232K, 0% used [0x00000006cc700000,0x00000006cc700000,0x00000006ce580000)
 ParOldGen       total 75776K, used 49331K [0x0000000440000000, 0x0000000444a00000, 0x00000006c0000000)
  object space 75776K, 65% used [0x0000000440000000,0x000000044302cd68,0x0000000444a00000)
 PSPermGen       total 21504K, used 4695K [0x0000000400000000, 0x0000000401500000, 0x0000000440000000)
  object space 21504K, 21% used [0x0000000400000000,0x0000000400495c10,0x0000000401500000)

Card table byte_map: [0x00002b48c7000000,0x00002b48c9001000] byte_map_base: 0x00002b48c5000000

Polling page: 0x00002b48bb023000

Code Cache  [0x00002b48c4000000, 0x00002b48c4270000, 0x00002b48c7000000)
 total_blobs=539 nmethods=338 adapters=154 free_code_cache=48098Kb largest_free_block=49217728

Compilation events (10 events):
Event: 1.744 Thread 0x00002b48c00d3800 nmethod 336 0x00002b48c40fb550 code [0x00002b48c40fb680, 0x00002b48c40fb718]
Event: 1.744 Thread 0x00002b48c00d3800  337             org.bioinfo.ngs.qc.qualimap.process.BamStatsAnalysis::getShallowCopy (51 bytes)
Event: 1.750 Thread 0x00002b48c00d6800 nmethod 335 0x00002b48c4107310 code [0x00002b48c41074c0, 0x00002b48c41079c8]
Event: 1.750 Thread 0x00002b48c00d6800  338             java.util.ArrayList::clear (39 bytes)
Event: 1.752 Thread 0x00002b48c00d3800 nmethod 337 0x00002b48c4108d10 code [0x00002b48c4108ec0, 0x00002b48c41095e8]
Event: 1.752 Thread 0x00002b48c00d3800  339   !         org.bioinfo.ngs.qc.qualimap.process.ProcessBunchOfReadsTask::call (312 bytes)
Event: 1.752 Thread 0x00002b48c00d6800 nmethod 338 0x00002b48c4108a10 code [0x00002b48c4108b40, 0x00002b48c4108c98]
Event: 1.752 Thread 0x00002b48c00d6800  340             org.bioinfo.ngs.qc.qualimap.beans.BamGenomeWindow::acumInsertSize (31 bytes)
Event: 1.753 Thread 0x00002b48c00d6800 nmethod 340 0x00002b48c410a2d0 code [0x00002b48c410a400, 0x00002b48c410a478]
Event: 1.753 Thread 0x00002b48c00d6800  341 % !         org.bioinfo.ngs.qc.qualimap.process.BamStatsAnalysis::run @ 651 (2575 bytes)

GC Heap History (10 events):
Event: 0.747 GC heap before
{Heap before GC invocations=7 (full 0):
 PSYoungGen      total 71168K, used 71136K [0x00000006c0000000, 0x00000006c5300000, 0x0000000800000000)
  eden space 69632K, 100% used [0x00000006c0000000,0x00000006c4400000,0x00000006c4400000)
  from space 1536K, 97% used [0x00000006c4980000,0x00000006c4af8050,0x00000006c4b00000)
  to   space 5632K, 0% used [0x00000006c4400000,0x00000006c4400000,0x00000006c4980000)
 ParOldGen       total 22016K, used 6914K [0x0000000440000000, 0x0000000441580000, 0x00000006c0000000)
  object space 22016K, 31% used [0x0000000440000000,0x00000004406c0968,0x0000000441580000)
 PSPermGen       total 21504K, used 4372K [0x0000000400000000, 0x0000000401500000, 0x0000000440000000)
  object space 21504K, 20% used [0x0000000400000000,0x0000000400445330,0x0000000401500000)
Event: 0.754 GC heap after
Heap after GC invocations=7 (full 0):
 PSYoungGen      total 75264K, used 5632K [0x00000006c0000000, 0x00000006c9d00000, 0x0000000800000000)
  eden space 69632K, 0% used [0x00000006c0000000,0x00000006c0000000,0x00000006c4400000)
  from space 5632K, 100% used [0x00000006c4400000,0x00000006c4980000,0x00000006c4980000)
  to   space 10752K, 0% used [0x00000006c9280000,0x00000006c9280000,0x00000006c9d00000)
 ParOldGen       total 22016K, used 14987K [0x0000000440000000, 0x0000000441580000, 0x00000006c0000000)
  object space 22016K, 68% used [0x0000000440000000,0x0000000440ea2cb8,0x0000000441580000)
 PSPermGen       total 21504K, used 4372K [0x0000000400000000, 0x0000000401500000, 0x0000000440000000)
  object space 21504K, 20% used [0x0000000400000000,0x0000000400445330,0x0000000401500000)
}
Event: 0.823 GC heap before
{Heap before GC invocations=8 (full 0):
 PSYoungGen      total 75264K, used 75264K [0x00000006c0000000, 0x00000006c9d00000, 0x0000000800000000)
  eden space 69632K, 100% used [0x00000006c0000000,0x00000006c4400000,0x00000006c4400000)
  from space 5632K, 100% used [0x00000006c4400000,0x00000006c4980000,0x00000006c4980000)
  to   space 10752K, 0% used [0x00000006c9280000,0x00000006c9280000,0x00000006c9d00000)
 ParOldGen       total 22016K, used 14987K [0x0000000440000000, 0x0000000441580000, 0x00000006c0000000)
  object space 22016K, 68% used [0x0000000440000000,0x0000000440ea2cb8,0x0000000441580000)
 PSPermGen       total 21504K, used 4372K [0x0000000400000000, 0x0000000401500000, 0x0000000440000000)
  object space 21504K, 20% used [0x0000000400000000,0x0000000400445330,0x0000000401500000)
Event: 0.842 GC heap after
Heap after GC invocations=8 (full 0):
 PSYoungGen      total 144384K, used 10752K [0x00000006c0000000, 0x00000006ca800000, 0x0000000800000000)
  eden space 133632K, 0% used [0x00000006c0000000,0x00000006c0000000,0x00000006c8280000)
  from space 10752K, 100% used [0x00000006c9280000,0x00000006c9d00000,0x00000006c9d00000)
  to   space 16384K, 0% used [0x00000006c8280000,0x00000006c8280000,0x00000006c9280000)
 ParOldGen       total 32768K, used 22443K [0x0000000440000000, 0x0000000442000000, 0x00000006c0000000)
  object space 32768K, 68% used [0x0000000440000000,0x00000004415eacb8,0x0000000442000000)
 PSPermGen       total 21504K, used 4372K [0x0000000400000000, 0x0000000401500000, 0x0000000440000000)
  object space 21504K, 20% used [0x0000000400000000,0x0000000400445330,0x0000000401500000)
}
Event: 0.953 GC heap before
{Heap before GC invocations=9 (full 0):
 PSYoungGen      total 144384K, used 144384K [0x00000006c0000000, 0x00000006ca800000, 0x0000000800000000)
  eden space 133632K, 100% used [0x00000006c0000000,0x00000006c8280000,0x00000006c8280000)
  from space 10752K, 100% used [0x00000006c9280000,0x00000006c9d00000,0x00000006c9d00000)
  to   space 16384K, 0% used [0x00000006c8280000,0x00000006c8280000,0x00000006c9280000)
 ParOldGen       total 32768K, used 22443K [0x0000000440000000, 0x0000000442000000, 0x00000006c0000000)
  object space 32768K, 68% used [0x0000000440000000,0x00000004415eacb8,0x0000000442000000)
 PSPermGen       total 21504K, used 4372K [0x0000000400000000, 0x0000000401500000, 0x0000000440000000)
  object space 21504K, 20% used [0x0000000400000000,0x0000000400445330,0x0000000401500000)
Event: 0.976 GC heap after
Heap after GC invocations=9 (full 0):
 PSYoungGen      total 150016K, used 16384K [0x00000006c0000000, 0x00000006d0500000, 0x0000000800000000)
  eden space 133632K, 0% used [0x00000006c0000000,0x00000006c0000000,0x00000006c8280000)
  from space 16384K, 100% used [0x00000006c8280000,0x00000006c9280000,0x00000006c9280000)
  to   space 26624K, 0% used [0x00000006ceb00000,0x00000006ceb00000,0x00000006d0500000)
 ParOldGen       total 47104K, used 40467K [0x0000000440000000, 0x0000000442e00000, 0x00000006c0000000)
  object space 47104K, 85% used [0x0000000440000000,0x0000000442784cd8,0x0000000442e00000)
 PSPermGen       total 21504K, used 4372K [0x0000000400000000, 0x0000000401500000, 0x0000000440000000)
  object space 21504K, 20% used [0x0000000400000000,0x0000000400445330,0x0000000401500000)
}
Event: 0.976 GC heap before
{Heap before GC invocations=10 (full 1):
 PSYoungGen      total 150016K, used 16384K [0x00000006c0000000, 0x00000006d0500000, 0x0000000800000000)
  eden space 133632K, 0% used [0x00000006c0000000,0x00000006c0000000,0x00000006c8280000)
  from space 16384K, 100% used [0x00000006c8280000,0x00000006c9280000,0x00000006c9280000)
  to   space 26624K, 0% used [0x00000006ceb00000,0x00000006ceb00000,0x00000006d0500000)
 ParOldGen       total 47104K, used 40467K [0x0000000440000000, 0x0000000442e00000, 0x00000006c0000000)
  object space 47104K, 85% used [0x0000000440000000,0x0000000442784cd8,0x0000000442e00000)
 PSPermGen       total 21504K, used 4372K [0x0000000400000000, 0x0000000401500000, 0x0000000440000000)
  object space 21504K, 20% used [0x0000000400000000,0x0000000400445330,0x0000000401500000)
Event: 1.178 GC heap after
Heap after GC invocations=10 (full 1):
 PSYoungGen      total 150016K, used 8692K [0x00000006c0000000, 0x00000006d0500000, 0x0000000800000000)
  eden space 133632K, 0% used [0x00000006c0000000,0x00000006c0000000,0x00000006c8280000)
  from space 16384K, 53% used [0x00000006c8280000,0x00000006c8afd3d8,0x00000006c9280000)
  to   space 26624K, 0% used [0x00000006ceb00000,0x00000006ceb00000,0x00000006d0500000)
 ParOldGen       total 75776K, used 46939K [0x0000000440000000, 0x0000000444a00000, 0x00000006c0000000)
  object space 75776K, 61% used [0x0000000440000000,0x0000000442dd6d68,0x0000000444a00000)
 PSPermGen       total 21504K, used 4371K [0x0000000400000000, 0x0000000401500000, 0x0000000440000000)
  object space 21504K, 20% used [0x0000000400000000,0x0000000400444e58,0x0000000401500000)
}
Event: 1.607 GC heap before
{Heap before GC invocations=11 (full 1):
 PSYoungGen      total 150016K, used 142324K [0x00000006c0000000, 0x00000006d0500000, 0x0000000800000000)
  eden space 133632K, 100% used [0x00000006c0000000,0x00000006c8280000,0x00000006c8280000)
  from space 16384K, 53% used [0x00000006c8280000,0x00000006c8afd3d8,0x00000006c9280000)
  to   space 26624K, 0% used [0x00000006ceb00000,0x00000006ceb00000,0x00000006d0500000)
 ParOldGen       total 75776K, used 46939K [0x0000000440000000, 0x0000000444a00000, 0x00000006c0000000)
  object space 75776K, 61% used [0x0000000440000000,0x0000000442dd6d68,0x0000000444a00000)
 PSPermGen       total 21504K, used 4694K [0x0000000400000000, 0x0000000401500000, 0x0000000440000000)
  object space 21504K, 21% used [0x0000000400000000,0x0000000400495980,0x0000000401500000)
Event: 1.619 GC heap after
Heap after GC invocations=11 (full 1):
 PSYoungGen      total 194048K, used 25409K [0x00000006c0000000, 0x00000006d0400000, 0x0000000800000000)
  eden space 168448K, 0% used [0x00000006c0000000,0x00000006c0000000,0x00000006ca480000)
  from space 25600K, 99% used [0x00000006ceb00000,0x00000006d03d0770,0x00000006d0400000)
  to   space 31232K, 0% used [0x00000006cc700000,0x00000006cc700000,0x00000006ce580000)
 ParOldGen       total 75776K, used 49331K [0x0000000440000000, 0x0000000444a00000, 0x00000006c0000000)
  object space 75776K, 65% used [0x0000000440000000,0x000000044302cd68,0x0000000444a00000)
 PSPermGen       total 21504K, used 4694K [0x0000000400000000, 0x0000000401500000, 0x0000000440000000)
  object space 21504K, 21% used [0x0000000400000000,0x0000000400495980,0x0000000401500000)
}

Deoptimization events (10 events):
Event: 0.760 Thread 0x00002b48c000b800 Uncommon trap: reason=unreached action=reinterpret pc=0x00002b48c4099fbc method=java.util.HashMap.getEntry(Ljava/lang/Object;)Ljava/util/HashMap$Entry; @ 39
Event: 0.780 Thread 0x00002b48c000b800 Uncommon trap: reason=unreached action=reinterpret pc=0x00002b48c4075db8 method=java.util.HashMap.getEntry(Ljava/lang/Object;)Ljava/util/HashMap$Entry; @ 39
Event: 1.250 Thread 0x00002b48c000b800 Uncommon trap: reason=unreached action=reinterpret pc=0x00002b48c4098560 method=org.bioinfo.ngs.qc.qualimap.common.GenomicFeatureStreamReader.readNextRecord()Lorg/bioinfo/ngs/qc/qualimap/common/GenomicFeature; @ 9
Event: 1.250 Thread 0x00002b48c000b800 Uncommon trap: reason=unreached action=reinterpret pc=0x00002b48c409f5ac method=org.bioinfo.ngs.qc.qualimap.process.BamStatsAnalysis.loadSelectedRegions()V @ 224
Event: 1.256 Thread 0x00002b48c000b800 Uncommon trap: reason=class_check action=maybe_recompile pc=0x00002b48c406c0e0 method=java.util.HashMap.getEntry(Ljava/lang/Object;)Ljava/util/HashMap$Entry; @ 68
Event: 1.257 Thread 0x00002b48c000b800 Uncommon trap: reason=class_check action=maybe_recompile pc=0x00002b48c406c0e0 method=java.util.HashMap.getEntry(Ljava/lang/Object;)Ljava/util/HashMap$Entry; @ 68
Event: 1.257 Thread 0x00002b48c000b800 Uncommon trap: reason=class_check action=maybe_recompile pc=0x00002b48c406c0e0 method=java.util.HashMap.getEntry(Ljava/lang/Object;)Ljava/util/HashMap$Entry; @ 68
Event: 1.257 Thread 0x00002b48c000b800 Uncommon trap: reason=class_check action=maybe_recompile pc=0x00002b48c406c0e0 method=java.util.HashMap.getEntry(Ljava/lang/Object;)Ljava/util/HashMap$Entry; @ 68
Event: 1.262 Thread 0x00002b48c000b800 Uncommon trap: reason=unreached action=reinterpret pc=0x00002b48c4095f74 method=java.util.HashMap.getEntry(Ljava/lang/Object;)Ljava/util/HashMap$Entry; @ 58
Event: 1.265 Thread 0x00002b48c000b800 Uncommon trap: reason=unreached action=reinterpret pc=0x00002b48c4097010 method=java.util.HashMap.getEntry(Ljava/lang/Object;)Ljava/util/HashMap$Entry; @ 58

Internal exceptions (10 events):
Event: 1.262 Thread 0x00002b48c000b800 Threw 0x00000006c5f24b28 at /build/openjdk-7-FO0dNI/openjdk-7-7u79-2.5.6/build/openjdk/hotspot/src/share/vm/prims/jvm.cpp:1284
Event: 1.263 Thread 0x00002b48c000b800 Threw 0x00000006c5f2a5d0 at /build/openjdk-7-FO0dNI/openjdk-7-7u79-2.5.6/build/openjdk/hotspot/src/share/vm/prims/jvm.cpp:1284
Event: 1.263 Thread 0x00002b48c000b800 Threw 0x00000006c5f2e318 at /build/openjdk-7-FO0dNI/openjdk-7-7u79-2.5.6/build/openjdk/hotspot/src/share/vm/prims/jvm.cpp:1284
Event: 1.263 Thread 0x00002b48c000b800 Threw 0x00000006c5f33f70 at /build/openjdk-7-FO0dNI/openjdk-7-7u79-2.5.6/build/openjdk/hotspot/src/share/vm/prims/jvm.cpp:1284
Event: 1.264 Thread 0x00002b48c000b800 Threw 0x00000006c5f37d10 at /build/openjdk-7-FO0dNI/openjdk-7-7u79-2.5.6/build/openjdk/hotspot/src/share/vm/prims/jvm.cpp:1284
Event: 1.264 Thread 0x00002b48c000b800 Threw 0x00000006c5f3b4c0 at /build/openjdk-7-FO0dNI/openjdk-7-7u79-2.5.6/build/openjdk/hotspot/src/share/vm/prims/jvm.cpp:1284
Event: 1.383 Thread 0x00002b48c000b800 Threw 0x00000006c61fb748 at /build/openjdk-7-FO0dNI/openjdk-7-7u79-2.5.6/build/openjdk/hotspot/src/share/vm/prims/jvm.cpp:1284
Event: 1.384 Thread 0x00002b48c000b800 Threw 0x00000006c62077d0 at /build/openjdk-7-FO0dNI/openjdk-7-7u79-2.5.6/build/openjdk/hotspot/src/share/vm/prims/jvm.cpp:1284
Event: 1.386 Thread 0x00002b48c033f000 Threw 0x00000006c63a6520 at /build/openjdk-7-FO0dNI/openjdk-7-7u79-2.5.6/build/openjdk/hotspot/src/share/vm/prims/jvm.cpp:1284
Event: 1.386 Thread 0x00002b48c033f000 Threw 0x00000006c63aa510 at /build/openjdk-7-FO0dNI/openjdk-7-7u79-2.5.6/build/openjdk/hotspot/src/share/vm/prims/jvm.cpp:1284

Events (10 events):
Event: 1.693 Thread 0x00002b48c00d3800 flushing nmethod 0x00002b48c406ecd0
Event: 1.700 Thread 0x00002b48c030b800 Thread added: 0x00002b48c030b800
Event: 1.715 Thread 0x00002b48c030d000 Thread added: 0x00002b48c030d000
Event: 1.724 Thread 0x00002b48c022e800 Thread added: 0x00002b48c022e800
Event: 1.732 Thread 0x00002b48c0230000 Thread added: 0x00002b48c0230000
Event: 1.739 Thread 0x00002b48c0232000 Thread added: 0x00002b48c0232000
Event: 1.745 Thread 0x00002b48c0234800 Thread added: 0x00002b48c0234800
Event: 1.753 Thread 0x00002b48c0236800 Thread added: 0x00002b48c0236800
Event: 1.760 Thread 0x00002b48c037e800 Thread added: 0x00002b48c037e800
Event: 1.766 Thread 0x00002b48c0380800 Thread added: 0x00002b48c0380800


Dynamic libraries:
00400000-00401000 r-xp 00000000 ca:01 169629                             /usr/lib/jvm/java-7-openjdk-amd64/jre/bin/java
00600000-00601000 r--p 00000000 ca:01 169629                             /usr/lib/jvm/java-7-openjdk-amd64/jre/bin/java
00601000-00602000 rw-p 00001000 ca:01 169629                             /usr/lib/jvm/java-7-openjdk-amd64/jre/bin/java
00971000-00992000 rw-p 00000000 00:00 0                                  [heap]
400000000-401500000 rw-p 00000000 00:00 0 
401500000-440000000 rw-p 00000000 00:00 0 
440000000-444a00000 rw-p 00000000 00:00 0 
444a00000-6c0000000 rw-p 00000000 00:00 0 
6c0000000-6d0400000 rw-p 00000000 00:00 0 
6d0400000-6d0500000 ---p 00000000 00:00 0 
6d0500000-800000000 rw-p 00000000 00:00 0 
2b48baffe000-2b48bb021000 r-xp 00000000 ca:01 429522                     /lib/x86_64-linux-gnu/ld-2.19.so
2b48bb021000-2b48bb023000 rw-p 00000000 00:00 0 
2b48bb023000-2b48bb024000 r--p 00000000 00:00 0 
2b48bb024000-2b48bb025000 rw-p 00000000 00:00 0 
2b48bb025000-2b48bb02d000 rw-s 00000000 ca:1a00 3473412                  /tmp/hsperfdata_adam/3996
2b48bb02d000-2b48bb02e000 r--s 00002000 ca:01 169540                     /usr/lib/jvm/java-7-openjdk-amd64/jre/lib/ext/dnsns.jar
2b48bb02e000-2b48bb032000 r--s 00034000 ca:01 169541                     /usr/lib/jvm/java-7-openjdk-amd64/jre/lib/ext/sunjce_provider.jar
2b48bb032000-2b48bb034000 r--s 00006000 ca:01 45236                      /usr/share/java/java-atk-wrapper.jar
2b48bb034000-2b48bb039000 rw-p 00000000 00:00 0 
2b48bb039000-2b48bb03c000 ---p 00000000 00:00 0 
2b48bb03c000-2b48bb144000 rw-p 00000000 00:00 0                          [stack:4001]
2b48bb144000-2b48bb1fa000 rw-p 00000000 00:00 0 
2b48bb1fa000-2b48bb21b000 rw-p 00000000 00:00 0 
2b48bb21b000-2b48bb21f000 r--s 0003c000 ca:01 169542                     /usr/lib/jvm/java-7-openjdk-amd64/jre/lib/ext/sunpkcs11.jar
2b48bb21f000-2b48bb220000 r--s 00004000 ca:01 925570                     /opt/software/qualimap/qualimap_v2.1.1/lib/batik-xml-1.6-1.jar
2b48bb220000-2b48bb221000 r--p 00022000 ca:01 429522                     /lib/x86_64-linux-gnu/ld-2.19.so
2b48bb221000-2b48bb222000 rw-p 00023000 ca:01 429522                     /lib/x86_64-linux-gnu/ld-2.19.so
2b48bb222000-2b48bb223000 rw-p 00000000 00:00 0 
2b48bb223000-2b48bb230000 r-xp 00000000 ca:01 169556                     /usr/lib/jvm/java-7-openjdk-amd64/jre/lib/amd64/jli/libjli.so
2b48bb230000-2b48bb42f000 ---p 0000d000 ca:01 169556                     /usr/lib/jvm/java-7-openjdk-amd64/jre/lib/amd64/jli/libjli.so
2b48bb42f000-2b48bb430000 r--p 0000c000 ca:01 169556                     /usr/lib/jvm/java-7-openjdk-amd64/jre/lib/amd64/jli/libjli.so
2b48bb430000-2b48bb431000 rw-p 0000d000 ca:01 169556                     /usr/lib/jvm/java-7-openjdk-amd64/jre/lib/amd64/jli/libjli.so
2b48bb431000-2b48bb5ec000 r-xp 00000000 ca:01 429525                     /lib/x86_64-linux-gnu/libc-2.19.so
2b48bb5ec000-2b48bb7eb000 ---p 001bb000 ca:01 429525                     /lib/x86_64-linux-gnu/libc-2.19.so
2b48bb7eb000-2b48bb7ef000 r--p 001ba000 ca:01 429525                     /lib/x86_64-linux-gnu/libc-2.19.so
2b48bb7ef000-2b48bb7f1000 rw-p 001be000 ca:01 429525                     /lib/x86_64-linux-gnu/libc-2.19.so
2b48bb7f1000-2b48bb7f6000 rw-p 00000000 00:00 0 
2b48bb7f6000-2b48bb7f9000 r-xp 00000000 ca:01 429513                     /lib/x86_64-linux-gnu/libdl-2.19.so
2b48bb7f9000-2b48bb9f8000 ---p 00003000 ca:01 429513                     /lib/x86_64-linux-gnu/libdl-2.19.so
2b48bb9f8000-2b48bb9f9000 r--p 00002000 ca:01 429513                     /lib/x86_64-linux-gnu/libdl-2.19.so
2b48bb9f9000-2b48bb9fa000 rw-p 00003000 ca:01 429513                     /lib/x86_64-linux-gnu/libdl-2.19.so
2b48bb9fa000-2b48bba13000 r-xp 00000000 ca:01 429526                     /lib/x86_64-linux-gnu/libpthread-2.19.so
2b48bba13000-2b48bbc12000 ---p 00019000 ca:01 429526                     /lib/x86_64-linux-gnu/libpthread-2.19.so
2b48bbc12000-2b48bbc13000 r--p 00018000 ca:01 429526                     /lib/x86_64-linux-gnu/libpthread-2.19.so
2b48bbc13000-2b48bbc14000 rw-p 00019000 ca:01 429526                     /lib/x86_64-linux-gnu/libpthread-2.19.so
2b48bbc14000-2b48bbc18000 rw-p 00000000 00:00 0 
2b48bbc18000-2b48bbc30000 r-xp 00000000 ca:01 396077                     /lib/x86_64-linux-gnu/libz.so.1.2.8
2b48bbc30000-2b48bbe2f000 ---p 00018000 ca:01 396077                     /lib/x86_64-linux-gnu/libz.so.1.2.8
2b48bbe2f000-2b48bbe30000 r--p 00017000 ca:01 396077                     /lib/x86_64-linux-gnu/libz.so.1.2.8
2b48bbe30000-2b48bbe31000 rw-p 00018000 ca:01 396077                     /lib/x86_64-linux-gnu/libz.so.1.2.8
2b48bbe31000-2b48bc94a000 r-xp 00000000 ca:01 169558                     /usr/lib/jvm/java-7-openjdk-amd64/jre/lib/amd64/server/libjvm.so
2b48bc94a000-2b48bcb4a000 ---p 00b19000 ca:01 169558                     /usr/lib/jvm/java-7-openjdk-amd64/jre/lib/amd64/server/libjvm.so
2b48bcb4a000-2b48bcbe4000 r--p 00b19000 ca:01 169558                     /usr/lib/jvm/java-7-openjdk-amd64/jre/lib/amd64/server/libjvm.so
2b48bcbe4000-2b48bcc07000 rw-p 00bb3000 ca:01 169558                     /usr/lib/jvm/java-7-openjdk-amd64/jre/lib/amd64/server/libjvm.so
2b48bcc07000-2b48bcc35000 rw-p 00000000 00:00 0 
2b48bcc35000-2b48bcd1b000 r-xp 00000000 ca:01 811                        /usr/lib/x86_64-linux-gnu/libstdc++.so.6.0.19
2b48bcd1b000-2b48bcf1a000 ---p 000e6000 ca:01 811                        /usr/lib/x86_64-linux-gnu/libstdc++.so.6.0.19
2b48bcf1a000-2b48bcf22000 r--p 000e5000 ca:01 811                        /usr/lib/x86_64-linux-gnu/libstdc++.so.6.0.19
2b48bcf22000-2b48bcf24000 rw-p 000ed000 ca:01 811                        /usr/lib/x86_64-linux-gnu/libstdc++.so.6.0.19
2b48bcf24000-2b48bcf39000 rw-p 00000000 00:00 0 
2b48bcf39000-2b48bd03e000 r-xp 00000000 ca:01 429508                     /lib/x86_64-linux-gnu/libm-2.19.so
2b48bd03e000-2b48bd23d000 ---p 00105000 ca:01 429508                     /lib/x86_64-linux-gnu/libm-2.19.so
2b48bd23d000-2b48bd23e000 r--p 00104000 ca:01 429508                     /lib/x86_64-linux-gnu/libm-2.19.so
2b48bd23e000-2b48bd23f000 rw-p 00105000 ca:01 429508                     /lib/x86_64-linux-gnu/libm-2.19.so
2b48bd23f000-2b48bd255000 r-xp 00000000 ca:01 395112                     /lib/x86_64-linux-gnu/libgcc_s.so.1
2b48bd255000-2b48bd454000 ---p 00016000 ca:01 395112                     /lib/x86_64-linux-gnu/libgcc_s.so.1
2b48bd454000-2b48bd455000 rw-p 00015000 ca:01 395112                     /lib/x86_64-linux-gnu/libgcc_s.so.1
2b48bd455000-2b48bd45c000 r-xp 00000000 ca:01 429528                     /lib/x86_64-linux-gnu/librt-2.19.so
2b48bd45c000-2b48bd65b000 ---p 00007000 ca:01 429528                     /lib/x86_64-linux-gnu/librt-2.19.so
2b48bd65b000-2b48bd65c000 r--p 00006000 ca:01 429528                     /lib/x86_64-linux-gnu/librt-2.19.so
2b48bd65c000-2b48bd65d000 rw-p 00007000 ca:01 429528                     /lib/x86_64-linux-gnu/librt-2.19.so
2b48bd65d000-2b48bd66d000 r-xp 00000000 ca:01 169571                     /usr/lib/jvm/java-7-openjdk-amd64/jre/lib/amd64/libverify.so
2b48bd66d000-2b48bd86c000 ---p 00010000 ca:01 169571                     /usr/lib/jvm/java-7-openjdk-amd64/jre/lib/amd64/libverify.so
2b48bd86c000-2b48bd86e000 r--p 0000f000 ca:01 169571                     /usr/lib/jvm/java-7-openjdk-amd64/jre/lib/amd64/libverify.so
2b48bd86e000-2b48bd86f000 rw-p 00011000 ca:01 169571                     /usr/lib/jvm/java-7-openjdk-amd64/jre/lib/amd64/libverify.so
2b48bd86f000-2b48bd89a000 r-xp 00000000 ca:01 169592                     /usr/lib/jvm/java-7-openjdk-amd64/jre/lib/amd64/libjava.so
2b48bd89a000-2b48bda99000 ---p 0002b000 ca:01 169592                     /usr/lib/jvm/java-7-openjdk-amd64/jre/lib/amd64/libjava.so
2b48bda99000-2b48bda9a000 r--p 0002a000 ca:01 169592                     /usr/lib/jvm/java-7-openjdk-amd64/jre/lib/amd64/libjava.so
2b48bda9a000-2b48bda9c000 rw-p 0002b000 ca:01 169592                     /usr/lib/jvm/java-7-openjdk-amd64/jre/lib/amd64/libjava.so
2b48bda9c000-2b48bdaa5000 r-xp 00000000 ca:01 429519                     /lib/x86_64-linux-gnu/libnss_compat-2.19.so
2b48bdaa5000-2b48bdca4000 ---p 00009000 ca:01 429519                     /lib/x86_64-linux-gnu/libnss_compat-2.19.so
2b48bdca4000-2b48bdca5000 r--p 00008000 ca:01 429519                     /lib/x86_64-linux-gnu/libnss_compat-2.19.so
2b48bdca5000-2b48bdca6000 rw-p 00009000 ca:01 429519                     /lib/x86_64-linux-gnu/libnss_compat-2.19.so
2b48bdca6000-2b48bdcbd000 r-xp 00000000 ca:01 429520                     /lib/x86_64-linux-gnu/libnsl-2.19.so
2b48bdcbd000-2b48bdebc000 ---p 00017000 ca:01 429520                     /lib/x86_64-linux-gnu/libnsl-2.19.so
2b48bdebc000-2b48bdebd000 r--p 00016000 ca:01 429520                     /lib/x86_64-linux-gnu/libnsl-2.19.so
2b48bdebd000-2b48bdebe000 rw-p 00017000 ca:01 429520                     /lib/x86_64-linux-gnu/libnsl-2.19.so
2b48bdebe000-2b48bdec0000 rw-p 00000000 00:00 0 
2b48bdec0000-2b48bdecb000 r-xp 00000000 ca:01 429531                     /lib/x86_64-linux-gnu/libnss_nis-2.19.so
2b48bdecb000-2b48be0ca000 ---p 0000b000 ca:01 429531                     /lib/x86_64-linux-gnu/libnss_nis-2.19.so
2b48be0ca000-2b48be0cb000 r--p 0000a000 ca:01 429531                     /lib/x86_64-linux-gnu/libnss_nis-2.19.so
2b48be0cb000-2b48be0cc000 rw-p 0000b000 ca:01 429531                     /lib/x86_64-linux-gnu/libnss_nis-2.19.so
2b48be0cc000-2b48be0d7000 r-xp 00000000 ca:01 429509                     /lib/x86_64-linux-gnu/libnss_files-2.19.so
2b48be0d7000-2b48be2d6000 ---p 0000b000 ca:01 429509                     /lib/x86_64-linux-gnu/libnss_files-2.19.so
2b48be2d6000-2b48be2d7000 r--p 0000a000 ca:01 429509                     /lib/x86_64-linux-gnu/libnss_files-2.19.so
2b48be2d7000-2b48be2d8000 rw-p 0000b000 ca:01 429509                     /lib/x86_64-linux-gnu/libnss_files-2.19.so
2b48be2d8000-2b48be2e0000 r-xp 00000000 ca:01 169554                     /usr/lib/jvm/java-7-openjdk-amd64/jre/lib/amd64/libzip.so
2b48be2e0000-2b48be4df000 ---p 00008000 ca:01 169554                     /usr/lib/jvm/java-7-openjdk-amd64/jre/lib/amd64/libzip.so
2b48be4df000-2b48be4e0000 r--p 00007000 ca:01 169554                     /usr/lib/jvm/java-7-openjdk-amd64/jre/lib/amd64/libzip.so
2b48be4e0000-2b48be4e1000 rw-p 00008000 ca:01 169554                     /usr/lib/jvm/java-7-openjdk-amd64/jre/lib/amd64/libzip.so
2b48be4e1000-2b48be506000 rw-p 00000000 00:00 0 
2b48be506000-2b48bf8e1000 rw-p 00000000 00:00 0 
2b48bf8e1000-2b48bf8ec000 rw-p 00000000 00:00 0 
2b48bf8ec000-2b48bfae1000 rw-p 00000000 00:00 0 
2b48bfae1000-2b48bfae2000 ---p 00000000 00:00 0 
2b48bfae2000-2b48bfbe2000 rw-p 00000000 00:00 0                          [stack:4006]
2b48bfbe2000-2b48bfbe3000 ---p 00000000 00:00 0 
2b48bfbe3000-2b48bfce3000 rw-p 00000000 00:00 0                          [stack:4007]
2b48bfce3000-2b48bfce4000 ---p 00000000 00:00 0 
2b48bfce4000-2b48bfde4000 rw-p 00000000 00:00 0                          [stack:4008]
2b48bfde4000-2b48bfde5000 ---p 00000000 00:00 0 
2b48bfde5000-2b48bfee5000 rw-p 00000000 00:00 0                          [stack:4009]
2b48bfee5000-2b48bfee6000 ---p 00000000 00:00 0 
2b48bfee6000-2b48bffe6000 rw-p 00000000 00:00 0                          [stack:4010]
2b48bffe6000-2b48bffea000 r--s 00085000 ca:01 169539                     /usr/lib/jvm/java-7-openjdk-amd64/jre/lib/ext/localedata.jar
2b48bffea000-2b48bffec000 r--s 00012000 ca:01 169545                     /usr/lib/jvm/java-7-openjdk-amd64/jre/lib/ext/zipfs.jar
2b48bffec000-2b48bffef000 r--s 0000f000 ca:01 169544                     /usr/lib/jvm/java-7-openjdk-amd64/jre/lib/ext/icedtea-sound.jar
2b48bffef000-2b48bfff6000 r--s 000ee000 ca:01 925601                     /opt/software/qualimap/qualimap_v2.1.1/qualimap.jar
2b48bfff6000-2b48bfff8000 r--s 00005000 ca:01 925557                     /opt/software/qualimap/qualimap_v2.1.1/lib/bioinfo-tool-0.9.0.jar
2b48bfff8000-2b48bfffa000 r--s 00008000 ca:01 925590                     /opt/software/qualimap/qualimap_v2.1.1/lib/batik-parser-1.6-1.jar
2b48bfffa000-2b48bfffb000 r--s 00006000 ca:01 925574                     /opt/software/qualimap/qualimap_v2.1.1/lib/sax-2.0.1.jar
2b48bfffb000-2b48bfffd000 r--s 00008000 ca:01 925586                     /opt/software/qualimap/qualimap_v2.1.1/lib/batik-rasterizer-1.6-1.jar
2b48bfffd000-2b48c0000000 r--s 0000c000 ca:01 925592                     /opt/software/qualimap/qualimap_v2.1.1/lib/avalon-framework-4.0.jar
2b48c0000000-2b48c05b8000 rw-p 00000000 00:00 0 
2b48c05b8000-2b48c4000000 ---p 00000000 00:00 0 
2b48c4000000-2b48c4270000 rwxp 00000000 00:00 0 
2b48c4270000-2b48c7000000 rw-p 00000000 00:00 0 
2b48c7000000-2b48c700b000 rw-p 00000000 00:00 0 
2b48c700b000-2b48c7200000 rw-p 00000000 00:00 0 
2b48c7200000-2b48c7225000 rw-p 00000000 00:00 0 
2b48c7225000-2b48c8600000 rw-p 00000000 00:00 0 
2b48c8600000-2b48c8682000 rw-p 00000000 00:00 0 
2b48c8682000-2b48c8683000 ---p 00000000 00:00 0 
2b48c8683000-2b48c9000000 rw-p 00000000 00:00 0 
2b48c9000000-2b48c9001000 rw-p 00000000 00:00 0 
2b48c9001000-2b48c9002000 ---p 00000000 00:00 0 
2b48c9002000-2b48c9102000 rw-p 00000000 00:00 0                          [stack:4011]
2b48c9102000-2b48c9103000 ---p 00000000 00:00 0 
2b48c9103000-2b48c9203000 rw-p 00000000 00:00 0                          [stack:4012]
2b48c9203000-2b48c9204000 ---p 00000000 00:00 0 
2b48c9204000-2b48c9304000 rw-p 00000000 00:00 0                          [stack:4013]
2b48c9304000-2b48c9305000 ---p 00000000 00:00 0 
2b48c9305000-2b48c9405000 rw-p 00000000 00:00 0                          [stack:4014]
2b48c9405000-2b48c9406000 ---p 00000000 00:00 0 
2b48c9406000-2b48c9506000 rw-p 00000000 00:00 0                          [stack:4015]
2b48c9506000-2b48c9507000 ---p 00000000 00:00 0 
2b48c9507000-2b48c9607000 rw-p 00000000 00:00 0                          [stack:4016]
2b48c9607000-2b48c9608000 ---p 00000000 00:00 0 
2b48c9608000-2b48c9708000 rw-p 00000000 00:00 0                          [stack:4017]
2b48c9708000-2b48c9709000 ---p 00000000 00:00 0 
2b48c9709000-2b48c9809000 rw-p 00000000 00:00 0                          [stack:4018]
2b48c9809000-2b48c980a000 ---p 00000000 00:00 0 
2b48c980a000-2b48c990a000 rw-p 00000000 00:00 0                          [stack:4019]
2b48c990a000-2b48c990b000 ---p 00000000 00:00 0 
2b48c990b000-2b48c9a0b000 rw-p 00000000 00:00 0                          [stack:4020]
2b48c9a0b000-2b48c9a0c000 ---p 00000000 00:00 0 
2b48c9a0c000-2b48c9b0c000 rw-p 00000000 00:00 0                          [stack:4021]
2b48c9b0c000-2b48c9b0d000 ---p 00000000 00:00 0 
2b48c9b0d000-2b48c9c0d000 rw-p 00000000 00:00 0                          [stack:4022]
2b48c9c0d000-2b48c9c0e000 ---p 00000000 00:00 0 
2b48c9c0e000-2b48c9d0e000 rw-p 00000000 00:00 0                          [stack:4023]
2b48c9d0e000-2b48c9d0f000 ---p 00000000 00:00 0 
2b48c9d0f000-2b48c9e0f000 rw-p 00000000 00:00 0                          [stack:4024]
2b48c9e0f000-2b48c9e10000 ---p 00000000 00:00 0 
2b48c9e10000-2b48c9f10000 rw-p 00000000 00:00 0                          [stack:4026]
2b48c9f10000-2b48c9f11000 ---p 00000000 00:00 0 
2b48c9f11000-2b48ca011000 rw-p 00000000 00:00 0                          [stack:4027]
2b48ca011000-2b48ca012000 ---p 00000000 00:00 0 
2b48ca012000-2b48ca112000 rw-p 00000000 00:00 0                          [stack:4028]
2b48ca112000-2b48ca113000 ---p 00000000 00:00 0 
2b48ca113000-2b48ca44c000 rw-p 00000000 00:00 0                          [stack:4029]
2b48ca44c000-2b48ca5fd000 r--s 01d29000 ca:01 169520                     /usr/lib/jvm/java-7-openjdk-amd64/jre/lib/rt.jar
2b48ca5fd000-2b48cbfe3000 rw-p 00000000 00:00 0 
2b48cbfe3000-2b48cbffc000 r--s 0015b000 ca:01 925587                     /opt/software/qualimap/qualimap_v2.1.1/lib/fop-0.20.5.jar
2b48cbffc000-2b48cbffd000 r--s 00006000 ca:01 925599                     /opt/software/qualimap/qualimap_v2.1.1/lib/bioinfo-report-0.1.0.jar
2b48cbffd000-2b48cc000000 r--s 00013000 ca:01 925558                     /opt/software/qualimap/qualimap_v2.1.1/lib/batik-dom-1.6-1.jar
2b48cc000000-2b48cc021000 rw-p 00000000 00:00 0 
2b48cc021000-2b48d0000000 ---p 00000000 00:00 0 
2b48d0000000-2b48d0021000 rw-p 00000000 00:00 0 
2b48d0021000-2b48d4000000 ---p 00000000 00:00 0 
2b48d4000000-2b48d7f90000 rw-p 00000000 00:00 0 
2b48d7f90000-2b48d7fa1000 r--s 000bb000 ca:01 925576                     /opt/software/qualimap/qualimap_v2.1.1/lib/xercesImpl-2.2.1.jar
2b48d7fa1000-2b48d7faf000 r--s 000ee000 ca:01 925580                     /opt/software/qualimap/qualimap_v2.1.1/lib/xalan-2.4.1.jar
2b48d7faf000-2b48d7fbb000 r--s 0005d000 ca:01 925556                     /opt/software/qualimap/qualimap_v2.1.1/lib/batik-svg-dom-1.6-1.jar
2b48d7fbb000-2b48d7fc1000 r--s 00024000 ca:01 925579                     /opt/software/qualimap/qualimap_v2.1.1/lib/bioinfo-formats-0.2.0.jar
2b48d7fc1000-2b48d7fd1000 r--s 0013f000 ca:01 925561                     /opt/software/qualimap/qualimap_v2.1.1/lib/jfreechart-1.0.12.jar
2b48d7fd1000-2b48d7fd9000 r--s 00033000 ca:01 925567                     /opt/software/qualimap/qualimap_v2.1.1/lib/batik-css-1.6-1.jar
2b48d7fd9000-2b48d7fe3000 r--s 0014a000 ca:01 925571                     /opt/software/qualimap/qualimap_v2.1.1/lib/picard-1.70.jar
2b48d7fe3000-2b48d7fe7000 r--s 0002e000 ca:01 925564                     /opt/software/qualimap/qualimap_v2.1.1/lib/miglayout-3.7.4.jar
2b48d7fe7000-2b48d7feb000 r--s 00010000 ca:01 925573                     /opt/software/qualimap/qualimap_v2.1.1/lib/xmlParserAPIs-2.0.2.jar
2b48d7feb000-2b48d7ff7000 r--s 0010a000 ca:01 925597                     /opt/software/qualimap/qualimap_v2.1.1/lib/itext-2.1.6.jar
2b48d7ff7000-2b48d7ffb000 r--s 00026000 ca:01 925578                     /opt/software/qualimap/qualimap_v2.1.1/lib/batik-gvt-1.6-1.jar
2b48d7ffb000-2b48d7fff000 r--s 00088000 ca:01 925555                     /opt/software/qualimap/qualimap_v2.1.1/lib/samtools-1.70.jar
2b48d7fff000-2b48d8000000 r--s 00005000 ca:01 925572                     /opt/software/qualimap/qualimap_v2.1.1/lib/bioinfo-chart-0.3.0.jar
2b48d8000000-2b48d8021000 rw-p 00000000 00:00 0 
2b48d8021000-2b48dc000000 ---p 00000000 00:00 0 
2b48dc000000-2b48dc021000 rw-p 00000000 00:00 0 
2b48dc021000-2b48e0000000 ---p 00000000 00:00 0 
2b48e0000000-2b48e0021000 rw-p 00000000 00:00 0 
2b48e0021000-2b48e4000000 ---p 00000000 00:00 0 
2b48e4000000-2b48e4021000 rw-p 00000000 00:00 0 
2b48e4021000-2b48e8000000 ---p 00000000 00:00 0 
2b48e8000000-2b48e8021000 rw-p 00000000 00:00 0 
2b48e8021000-2b48ec000000 ---p 00000000 00:00 0 
2b48ec000000-2b48ec021000 rw-p 00000000 00:00 0 
2b48ec021000-2b48f0000000 ---p 00000000 00:00 0 
2b48f0000000-2b48f1212000 rw-p 00000000 00:00 0 
2b48f1212000-2b48f1213000 ---p 00000000 00:00 0 
2b48f1213000-2b48f1313000 rw-p 00000000 00:00 0                          [stack:4054]
2b48f1313000-2b48f1316000 ---p 00000000 00:00 0 
2b48f1316000-2b48f1414000 rw-p 00000000 00:00 0                          [stack:4055]
2b48f1414000-2b48f1417000 ---p 00000000 00:00 0 
2b48f1417000-2b48f1515000 rw-p 00000000 00:00 0                          [stack:4056]
2b48f1515000-2b48f188c000 r--p 00000000 ca:01 1568                       /usr/lib/locale/locale-archive
2b48f188c000-2b48f188f000 ---p 00000000 00:00 0 
2b48f188f000-2b48f198d000 rw-p 00000000 00:00 0                          [stack:4060]
2b48f198d000-2b48f1990000 ---p 00000000 00:00 0 
2b48f1990000-2b48f1a8e000 rw-p 00000000 00:00 0                          [stack:4061]
2b48f1a8e000-2b48f1a91000 ---p 00000000 00:00 0 
2b48f1a91000-2b48f1b8f000 rw-p 00000000 00:00 0                          [stack:4062]
2b48f1b8f000-2b48f1b92000 ---p 00000000 00:00 0 
2b48f1b92000-2b48f1c90000 rw-p 00000000 00:00 0                          [stack:4063]
2b48f1c90000-2b48f1c91000 ---p 00000000 00:00 0 
2b48f1c91000-2b48f1d91000 rw-p 00000000 00:00 0                          [stack:4064]
2b48f1d91000-2b48f1dba000 r--s 001db000 ca:01 925581                     /opt/software/qualimap/qualimap_v2.1.1/lib/batik-1.5-fop-0.20-5.jar
2b48f1dba000-2b48f1ea0000 r--s 00d5a000 ca:01 925569                     /opt/software/qualimap/qualimap_v2.1.1/lib/paxtools-1.0b1.jar
2b48f1ea0000-2b48f1ec7000 rw-p 00000000 00:00 0 
2b48f1ec7000-2b48f1ed8000 r--s 000bb000 ca:01 925566                     /opt/software/qualimap/qualimap_v2.1.1/lib/commons-math-2.1.jar
2b48f1ed8000-2b48f1edb000 r--s 0000d000 ca:01 925585                     /opt/software/qualimap/qualimap_v2.1.1/lib/batik-transcoder-1.6-1.jar
2b48f1edb000-2b48f1ee1000 r--s 0003e000 ca:01 925588                     /opt/software/qualimap/qualimap_v2.1.1/lib/batik-bridge-1.6-1.jar
2b48f1ee1000-2b48f1ee6000 r--s 0023f000 ca:01 925565                     /opt/software/qualimap/qualimap_v2.1.1/lib/sqlite-jdbc-3.6.16.jar
2b48f1ee6000-2b48f1ee9000 r--s 00023000 ca:01 925594                     /opt/software/qualimap/qualimap_v2.1.1/lib/jdom-1.1.jar
2b48f1ee9000-2b48f1eee000 r--s 0000e000 ca:01 925582                     /opt/software/qualimap/qualimap_v2.1.1/lib/batik-ext-1.6-1.jar
2b48f1eee000-2b48f1ef0000 r--s 0000e000 ca:01 925584                     /opt/software/qualimap/qualimap_v2.1.1/lib/bioinfo-graphics-0.4.0.jar
2b48f1ef0000-2b48f1ef2000 r--s 00012000 ca:01 925591                     /opt/software/qualimap/qualimap_v2.1.1/lib/batik-util-1.6-1.jar
2b48f1ef2000-2b48f1ef5000 r--s 00007000 ca:01 925563                     /opt/software/qualimap/qualimap_v2.1.1/lib/batik-script-1.6-1.jar
2b48f1ef5000-2b48f1ef8000 r--s 00027000 ca:01 925600                     /opt/software/qualimap/qualimap_v2.1.1/lib/nestedvm-1.0.jar
2b48f1ef8000-2b48f1efa000 r--s 0000c000 ca:01 925595                     /opt/software/qualimap/qualimap_v2.1.1/lib/bioinfo-math-0.3.0.jar
2b48f1efa000-2b48f1efc000 r--s 00012000 ca:01 925562                     /opt/software/qualimap/qualimap_v2.1.1/lib/bioinfo-commons-0.10.1.jar
2b48f1efc000-2b48f1f05000 r--s 00052000 ca:01 925598                     /opt/software/qualimap/qualimap_v2.1.1/lib/batik-awt-util-1.6-1.jar
2b48f1f05000-2b48f1f0a000 r--s 00055000 ca:01 925577                     /opt/software/qualimap/qualimap_v2.1.1/lib/bioinfo-ngs-0.1.0.jar
2b48f1f0a000-2b48f1f0c000 r--s 00009000 ca:01 925559                     /opt/software/qualimap/qualimap_v2.1.1/lib/commons-cli-1.2.jar
2b48f1f0c000-2b48f1f0f000 ---p 00000000 00:00 0 
2b48f1f0f000-2b48f200d000 rw-p 00000000 00:00 0                          [stack:4070]
2b48f200d000-2b48f2010000 ---p 00000000 00:00 0 
2b48f2010000-2b48f210e000 rw-p 00000000 00:00 0                          [stack:4071]
2b48f210e000-2b48f2111000 ---p 00000000 00:00 0 
2b48f2111000-2b48f220f000 rw-p 00000000 00:00 0                          [stack:4072]
2b48f220f000-2b48f2212000 ---p 00000000 00:00 0 
2b48f2212000-2b48f2310000 rw-p 00000000 00:00 0                          [stack:4073]
2b48f2310000-2b48f2313000 ---p 00000000 00:00 0 
2b48f2313000-2b48f2411000 rw-p 00000000 00:00 0                          [stack:4074]
2b48f2411000-2b48f2414000 ---p 00000000 00:00 0 
2b48f2414000-2b48f2512000 rw-p 00000000 00:00 0                          [stack:4075]
2b48f2512000-2b48f2515000 ---p 00000000 00:00 0 
2b48f2515000-2b48f2613000 rw-p 00000000 00:00 0                          [stack:4076]
2b48f2613000-2b48f2616000 ---p 00000000 00:00 0 
2b48f2616000-2b48f2714000 rw-p 00000000 00:00 0                          [stack:4077]
2b48f2714000-2b48f2717000 ---p 00000000 00:00 0 
2b48f2717000-2b48f2815000 rw-p 00000000 00:00 0                          [stack:4078]
2b48f2815000-2b48f2818000 ---p 00000000 00:00 0 
2b48f2818000-2b48f2916000 rw-p 00000000 00:00 0                          [stack:4079]
2b48f2916000-2b48f2919000 ---p 00000000 00:00 0 
2b48f2919000-2b48f2a17000 rw-p 00000000 00:00 0                          [stack:4080]
2b48f2a17000-2b48f2a1a000 ---p 00000000 00:00 0 
2b48f2a1a000-2b48f2b18000 rw-p 00000000 00:00 0                          [stack:4081]
2b48f2b18000-2b48f2b1b000 ---p 00000000 00:00 0 
2b48f2b1b000-2b48f2c19000 rw-p 00000000 00:00 0                          [stack:4082]
2b48f2c19000-2b48f2c1c000 ---p 00000000 00:00 0 
2b48f2c1c000-2b48f2d1a000 rw-p 00000000 00:00 0                          [stack:4083]
2b48f2d1a000-2b48f2d1d000 ---p 00000000 00:00 0 
2b48f2d1d000-2b48f2e1b000 rw-p 00000000 00:00 0                          [stack:4084]
2b48f2e1b000-2b48f2e1e000 ---p 00000000 00:00 0 
2b48f2e1e000-2b48f2f1c000 rw-p 00000000 00:00 0                          [stack:4085]
2b48f2f1c000-2b48f2f1f000 ---p 00000000 00:00 0 
2b48f2f1f000-2b48f301d000 rw-p 00000000 00:00 0                          [stack:4086]
2b48f301d000-2b48f3020000 ---p 00000000 00:00 0 
2b48f3020000-2b48f321f000 rw-p 00000000 00:00 0                          [stack:4088]
2b48f4000000-2b48f4021000 rw-p 00000000 00:00 0 
2b48f4021000-2b48f8000000 ---p 00000000 00:00 0 
2b48f8000000-2b48f8021000 rw-p 00000000 00:00 0 
2b48f8021000-2b48fc000000 ---p 00000000 00:00 0 
2b48fc000000-2b48fc021000 rw-p 00000000 00:00 0 
2b48fc021000-2b4900000000 ---p 00000000 00:00 0 
2b4900000000-2b4900021000 rw-p 00000000 00:00 0 
2b4900021000-2b4904000000 ---p 00000000 00:00 0 
2b4904000000-2b4904021000 rw-p 00000000 00:00 0 
2b4904021000-2b4908000000 ---p 00000000 00:00 0 
2b4908000000-2b4908021000 rw-p 00000000 00:00 0 
2b4908021000-2b490c000000 ---p 00000000 00:00 0 
2b490c000000-2b490c021000 rw-p 00000000 00:00 0 
2b490c021000-2b4910000000 ---p 00000000 00:00 0 
2b4910000000-2b4910021000 rw-p 00000000 00:00 0 
2b4910021000-2b4914000000 ---p 00000000 00:00 0 
2b4918000000-2b4918021000 rw-p 00000000 00:00 0 
2b4918021000-2b491c000000 ---p 00000000 00:00 0 
2b491c000000-2b491c021000 rw-p 00000000 00:00 0 
2b491c021000-2b4920000000 ---p 00000000 00:00 0 
2b4920000000-2b4920021000 rw-p 00000000 00:00 0 
2b4920021000-2b4924000000 ---p 00000000 00:00 0 
2b4928000000-2b4928021000 rw-p 00000000 00:00 0 
2b4928021000-2b492c000000 ---p 00000000 00:00 0 
2b492c000000-2b492c021000 rw-p 00000000 00:00 0 
2b492c021000-2b4930000000 ---p 00000000 00:00 0 
2b4930000000-2b4930021000 rw-p 00000000 00:00 0 
2b4930021000-2b4934000000 ---p 00000000 00:00 0 
2b4934000000-2b4934021000 rw-p 00000000 00:00 0 
2b4934021000-2b4938000000 ---p 00000000 00:00 0 
2b4938000000-2b4958000000 rw-p 00000000 00:00 0 
2b4958000000-2b4958021000 rw-p 00000000 00:00 0 
2b4958021000-2b495c000000 ---p 00000000 00:00 0 
2b495c000000-2b495c021000 rw-p 00000000 00:00 0 
2b495c021000-2b4960000000 ---p 00000000 00:00 0 
2b4960000000-2b4960021000 rw-p 00000000 00:00 0 
2b4960021000-2b4964000000 ---p 00000000 00:00 0 
2b4964000000-2b4964021000 rw-p 00000000 00:00 0 
2b4964021000-2b4968000000 ---p 00000000 00:00 0 
2b4968000000-2b49689ed000 rw-p 00000000 00:00 0 
2b49689ed000-2b496c000000 ---p 00000000 00:00 0 
2b496c000000-2b496ca34000 rw-p 00000000 00:00 0 
2b496ca34000-2b4970000000 ---p 00000000 00:00 0 
2b4970000000-2b4970021000 rw-p 00000000 00:00 0 
2b4970021000-2b4974000000 ---p 00000000 00:00 0 
2b4974000000-2b4974021000 rw-p 00000000 00:00 0 
2b4974021000-2b4978000000 ---p 00000000 00:00 0 
2b4978000000-2b4978021000 rw-p 00000000 00:00 0 
2b4978021000-2b497c000000 ---p 00000000 00:00 0 
2b497c000000-2b497c021000 rw-p 00000000 00:00 0 
2b497c021000-2b4980000000 ---p 00000000 00:00 0 
2b4980000000-2b4980021000 rw-p 00000000 00:00 0 
2b4980021000-2b4984000000 ---p 00000000 00:00 0 
2b4984000000-2b4984021000 rw-p 00000000 00:00 0 
2b4984021000-2b4988000000 ---p 00000000 00:00 0 
2b4988000000-2b4988021000 rw-p 00000000 00:00 0 
2b4988021000-2b498c000000 ---p 00000000 00:00 0 
2b498c000000-2b498c021000 rw-p 00000000 00:00 0 
2b498c021000-2b4990000000 ---p 00000000 00:00 0 
2b4990000000-2b4990021000 rw-p 00000000 00:00 0 
2b4990021000-2b4994000000 ---p 00000000 00:00 0 
2b4994000000-2b4994021000 rw-p 00000000 00:00 0 
2b4994021000-2b4998000000 ---p 00000000 00:00 0 
2b4998000000-2b4998021000 rw-p 00000000 00:00 0 
2b4998021000-2b499c000000 ---p 00000000 00:00 0 
2b499c000000-2b499c021000 rw-p 00000000 00:00 0 
2b499c021000-2b49a0000000 ---p 00000000 00:00 0 
2b49a0000000-2b49a0021000 rw-p 00000000 00:00 0 
2b49a0021000-2b49a4000000 ---p 00000000 00:00 0 
2b49a4000000-2b49a4021000 rw-p 00000000 00:00 0 
2b49a4021000-2b49a8000000 ---p 00000000 00:00 0 
2b49a8000000-2b49a8021000 rw-p 00000000 00:00 0 
2b49a8021000-2b49ac000000 ---p 00000000 00:00 0 
2b49ac000000-2b49ac021000 rw-p 00000000 00:00 0 
2b49ac021000-2b49b0000000 ---p 00000000 00:00 0 
2b49b0000000-2b49b0021000 rw-p 00000000 00:00 0 
2b49b0021000-2b49b4000000 ---p 00000000 00:00 0 
2b49b4000000-2b49b4021000 rw-p 00000000 00:00 0 
2b49b4021000-2b49b8000000 ---p 00000000 00:00 0 
2b49b8000000-2b49b8021000 rw-p 00000000 00:00 0 
2b49b8021000-2b49bc000000 ---p 00000000 00:00 0 
2b49bc000000-2b49bc021000 rw-p 00000000 00:00 0 
2b49bc021000-2b49c0000000 ---p 00000000 00:00 0 
7fffa2f19000-7fffa2f3a000 rw-p 00000000 00:00 0                          [stack]
7fffa2ffc000-7fffa2ffe000 r-xp 00000000 00:00 0                          [vdso]
7fffa2ffe000-7fffa3000000 r--p 00000000 00:00 0                          [vvar]
ffffffffff600000-ffffffffff601000 r-xp 00000000 00:00 0                  [vsyscall]

VM Arguments:
jvm_args: -Xms32m -Xmx15G -XX:MaxPermSize=1024m 
java_command: org.bioinfo.ngs.qc.qualimap.main.NgsSmartMain bamqc -gd HUMAN -sd -gff /data/database/avera/MedExome_hg19_capture_targets_6.bed -bam /data/storage/patients/alignments/CCD144-T1-DNA/CCD144-T1-DNA_realigned_sorted.bam -outdir /data/storage/patients/qualimap/CCD144-T1-DNA
Launcher Type: SUN_STANDARD

Environment Variables:
PATH=/opt/software/qualimap/qualimap_v2.1.1:/tmp/2992.1.all.q:/home/adam/.virtualenvs/op2/bin:/usr/local/sbin:/usr/local/bin:/usr/sbin:/usr/bin:/sbin:/bin:/usr/games:/usr/local/games:/opt/sge6/bin/linux-x64
SHELL=/bin/bash

Signal Handlers:
SIGSEGV: [libjvm.so+0x94bab0], sa_mask[0]=0x7ffbfeff, sa_flags=0x10000004
SIGBUS: [libjvm.so+0x94bab0], sa_mask[0]=0x7ffbfeff, sa_flags=0x10000004
SIGFPE: [libjvm.so+0x7c38b0], sa_mask[0]=0x7ffbfeff, sa_flags=0x10000004
SIGPIPE: [libjvm.so+0x7c38b0], sa_mask[0]=0x7ffbfeff, sa_flags=0x10000004
SIGXFSZ: [libjvm.so+0x7c38b0], sa_mask[0]=0x7ffbfeff, sa_flags=0x10000004
SIGILL: [libjvm.so+0x7c38b0], sa_mask[0]=0x7ffbfeff, sa_flags=0x10000004
SIGUSR1: SIG_DFL, sa_mask[0]=0x00000000, sa_flags=0x00000000
SIGUSR2: [libjvm.so+0x7c3750], sa_mask[0]=0x00000000, sa_flags=0x10000004
SIGHUP: [libjvm.so+0x7c3930], sa_mask[0]=0x7ffbfeff, sa_flags=0x10000004
SIGINT: [libjvm.so+0x7c3930], sa_mask[0]=0x7ffbfeff, sa_flags=0x10000004
SIGTERM: [libjvm.so+0x7c3930], sa_mask[0]=0x7ffbfeff, sa_flags=0x10000004
SIGQUIT: [libjvm.so+0x7c3930], sa_mask[0]=0x7ffbfeff, sa_flags=0x10000004
SIGTRAP: SIG_DFL, sa_mask[0]=0x00000000, sa_flags=0x00000000


---------------  S Y S T E M  ---------------

OS:Ubuntu 14.04 (trusty)
uname:Linux 3.16.0-031600-generic #201408031935 SMP Sun Aug 3 23:36:11 UTC 2014 x86_64
libc:glibc 2.19 NPTL 2.19 
rlimit: STACK infinity, CORE infinity, NPROC 241203, NOFILE 4096, AS 20971520k
load average:2.18 1.43 0.80

/proc/meminfo:
MemTotal:       61835544 kB
MemFree:        58436984 kB
MemAvailable:   60460496 kB
Buffers:           95984 kB
Cached:          2050160 kB
SwapCached:            0 kB
Active:           710900 kB
Inactive:        1914784 kB
Active(anon):     480092 kB
Inactive(anon):      332 kB
Active(file):     230808 kB
Inactive(file):  1914452 kB
Unevictable:           0 kB
Mlocked:               0 kB
SwapTotal:             0 kB
SwapFree:              0 kB
Dirty:              1096 kB
Writeback:            24 kB
AnonPages:        528760 kB
Mapped:            52544 kB
Shmem:               424 kB
Slab:             270500 kB
SReclaimable:     206980 kB
SUnreclaim:        63520 kB
KernelStack:       12864 kB
PageTables:         6356 kB
NFS_Unstable:          0 kB
Bounce:                0 kB
WritebackTmp:          0 kB
CommitLimit:    30917772 kB
Committed_AS:    2592936 kB
VmallocTotal:   34359738367 kB
VmallocUsed:      137532 kB
VmallocChunk:   34327723444 kB
HardwareCorrupted:     0 kB
AnonHugePages:    169984 kB
HugePages_Total:       0
HugePages_Free:        0
HugePages_Rsvd:        0
HugePages_Surp:        0
Hugepagesize:       2048 kB
DirectMap4k:      106496 kB
DirectMap2M:    62939136 kB


CPU:total 32 (8 cores per cpu, 2 threads per core) family 6 model 62 stepping 4, cmov, cx8, fxsr, mmx, sse, sse2, sse3, ssse3, sse4.1, sse4.2, popcnt, avx, aes, erms, ht, tsc

/proc/cpuinfo:
processor	: 0
vendor_id	: GenuineIntel
cpu family	: 6
model		: 62
model name	: Intel(R) Xeon(R) CPU E5-2680 v2 @ 2.80GHz
stepping	: 4
microcode	: 0x428
cpu MHz		: 2793.366
cache size	: 25600 KB
physical id	: 0
siblings	: 16
core id		: 0
cpu cores	: 8
apicid		: 0
initial apicid	: 0
fpu		: yes
fpu_exception	: yes
cpuid level	: 13
wp		: yes
flags		: fpu vme de pse tsc msr pae mce cx8 apic sep mtrr pge mca cmov pat pse36 clflush mmx fxsr sse sse2 ht syscall nx rdtscp lm constant_tsc rep_good nopl xtopology eagerfpu pni pclmulqdq ssse3 cx16 pcid sse4_1 sse4_2 x2apic popcnt tsc_deadline_timer aes xsave avx f16c rdrand hypervisor lahf_lm xsaveopt fsgsbase smep erms
bogomips	: 5586.73
clflush size	: 64
cache_alignment	: 64
address sizes	: 46 bits physical, 48 bits virtual
power management:

processor	: 1
vendor_id	: GenuineIntel
cpu family	: 6
model		: 62
model name	: Intel(R) Xeon(R) CPU E5-2680 v2 @ 2.80GHz
stepping	: 4
microcode	: 0x428
cpu MHz		: 2793.366
cache size	: 25600 KB
physical id	: 0
siblings	: 16
core id		: 1
cpu cores	: 8
apicid		: 2
initial apicid	: 2
fpu		: yes
fpu_exception	: yes
cpuid level	: 13
wp		: yes
flags		: fpu vme de pse tsc msr pae mce cx8 apic sep mtrr pge mca cmov pat pse36 clflush mmx fxsr sse sse2 ht syscall nx rdtscp lm constant_tsc rep_good nopl xtopology eagerfpu pni pclmulqdq ssse3 cx16 pcid sse4_1 sse4_2 x2apic popcnt tsc_deadline_timer aes xsave avx f16c rdrand hypervisor lahf_lm xsaveopt fsgsbase smep erms
bogomips	: 5586.73
clflush size	: 64
cache_alignment	: 64
address sizes	: 46 bits physical, 48 bits virtual
power management:

processor	: 2
vendor_id	: GenuineIntel
cpu family	: 6
model		: 62
model name	: Intel(R) Xeon(R) CPU E5-2680 v2 @ 2.80GHz
stepping	: 4
microcode	: 0x428
cpu MHz		: 2793.366
cache size	: 25600 KB
physical id	: 0
siblings	: 16
core id		: 2
cpu cores	: 8
apicid		: 4
initial apicid	: 4
fpu		: yes
fpu_exception	: yes
cpuid level	: 13
wp		: yes
flags		: fpu vme de pse tsc msr pae mce cx8 apic sep mtrr pge mca cmov pat pse36 clflush mmx fxsr sse sse2 ht syscall nx rdtscp lm constant_tsc rep_good nopl xtopology eagerfpu pni pclmulqdq ssse3 cx16 pcid sse4_1 sse4_2 x2apic popcnt tsc_deadline_timer aes xsave avx f16c rdrand hypervisor lahf_lm xsaveopt fsgsbase smep erms
bogomips	: 5586.73
clflush size	: 64
cache_alignment	: 64
address sizes	: 46 bits physical, 48 bits virtual
power management:

processor	: 3
vendor_id	: GenuineIntel
cpu family	: 6
model		: 62
model name	: Intel(R) Xeon(R) CPU E5-2680 v2 @ 2.80GHz
stepping	: 4
microcode	: 0x428
cpu MHz		: 2793.366
cache size	: 25600 KB
physical id	: 0
siblings	: 16
core id		: 3
cpu cores	: 8
apicid		: 6
initial apicid	: 6
fpu		: yes
fpu_exception	: yes
cpuid level	: 13
wp		: yes
flags		: fpu vme de pse tsc msr pae mce cx8 apic sep mtrr pge mca cmov pat pse36 clflush mmx fxsr sse sse2 ht syscall nx rdtscp lm constant_tsc rep_good nopl xtopology eagerfpu pni pclmulqdq ssse3 cx16 pcid sse4_1 sse4_2 x2apic popcnt tsc_deadline_timer aes xsave avx f16c rdrand hypervisor lahf_lm xsaveopt fsgsbase smep erms
bogomips	: 5586.73
clflush size	: 64
cache_alignment	: 64
address sizes	: 46 bits physical, 48 bits virtual
power management:

processor	: 4
vendor_id	: GenuineIntel
cpu family	: 6
model		: 62
model name	: Intel(R) Xeon(R) CPU E5-2680 v2 @ 2.80GHz
stepping	: 4
microcode	: 0x428
cpu MHz		: 2793.366
cache size	: 25600 KB
physical id	: 0
siblings	: 16
core id		: 4
cpu cores	: 8
apicid		: 8
initial apicid	: 8
fpu		: yes
fpu_exception	: yes
cpuid level	: 13
wp		: yes
flags		: fpu vme de pse tsc msr pae mce cx8 apic sep mtrr pge mca cmov pat pse36 clflush mmx fxsr sse sse2 ht syscall nx rdtscp lm constant_tsc rep_good nopl xtopology eagerfpu pni pclmulqdq ssse3 cx16 pcid sse4_1 sse4_2 x2apic popcnt tsc_deadline_timer aes xsave avx f16c rdrand hypervisor lahf_lm xsaveopt fsgsbase smep erms
bogomips	: 5586.73
clflush size	: 64
cache_alignment	: 64
address sizes	: 46 bits physical, 48 bits virtual
power management:

processor	: 5
vendor_id	: GenuineIntel
cpu family	: 6
model		: 62
model name	: Intel(R) Xeon(R) CPU E5-2680 v2 @ 2.80GHz
stepping	: 4
microcode	: 0x428
cpu MHz		: 2793.366
cache size	: 25600 KB
physical id	: 0
siblings	: 16
core id		: 5
cpu cores	: 8
apicid		: 10
initial apicid	: 10
fpu		: yes
fpu_exception	: yes
cpuid level	: 13
wp		: yes
flags		: fpu vme de pse tsc msr pae mce cx8 apic sep mtrr pge mca cmov pat pse36 clflush mmx fxsr sse sse2 ht syscall nx rdtscp lm constant_tsc rep_good nopl xtopology eagerfpu pni pclmulqdq ssse3 cx16 pcid sse4_1 sse4_2 x2apic popcnt tsc_deadline_timer aes xsave avx f16c rdrand hypervisor lahf_lm xsaveopt fsgsbase smep erms
bogomips	: 5586.73
clflush size	: 64
cache_alignment	: 64
address sizes	: 46 bits physical, 48 bits virtual
power management:

processor	: 6
vendor_id	: GenuineIntel
cpu family	: 6
model		: 62
model name	: Intel(R) Xeon(R) CPU E5-2680 v2 @ 2.80GHz
stepping	: 4
microcode	: 0x428
cpu MHz		: 2793.366
cache size	: 25600 KB
physical id	: 0
siblings	: 16
core id		: 6
cpu cores	: 8
apicid		: 12
initial apicid	: 12
fpu		: yes
fpu_exception	: yes
cpuid level	: 13
wp		: yes
flags		: fpu vme de pse tsc msr pae mce cx8 apic sep mtrr pge mca cmov pat pse36 clflush mmx fxsr sse sse2 ht syscall nx rdtscp lm constant_tsc rep_good nopl xtopology eagerfpu pni pclmulqdq ssse3 cx16 pcid sse4_1 sse4_2 x2apic popcnt tsc_deadline_timer aes xsave avx f16c rdrand hypervisor lahf_lm xsaveopt fsgsbase smep erms
bogomips	: 5586.73
clflush size	: 64
cache_alignment	: 64
address sizes	: 46 bits physical, 48 bits virtual
power management:

processor	: 7
vendor_id	: GenuineIntel
cpu family	: 6
model		: 62
model name	: Intel(R) Xeon(R) CPU E5-2680 v2 @ 2.80GHz
stepping	: 4
microcode	: 0x428
cpu MHz		: 2793.366
cache size	: 25600 KB
physical id	: 0
siblings	: 16
core id		: 7
cpu cores	: 8
apicid		: 14
initial apicid	: 14
fpu		: yes
fpu_exception	: yes
cpuid level	: 13
wp		: yes
flags		: fpu vme de pse tsc msr pae mce cx8 apic sep mtrr pge mca cmov pat pse36 clflush mmx fxsr sse sse2 ht syscall nx rdtscp lm constant_tsc rep_good nopl xtopology eagerfpu pni pclmulqdq ssse3 cx16 pcid sse4_1 sse4_2 x2apic popcnt tsc_deadline_timer aes xsave avx f16c rdrand hypervisor lahf_lm xsaveopt fsgsbase smep erms
bogomips	: 5586.73
clflush size	: 64
cache_alignment	: 64
address sizes	: 46 bits physical, 48 bits virtual
power management:

processor	: 8
vendor_id	: GenuineIntel
cpu family	: 6
model		: 62
model name	: Intel(R) Xeon(R) CPU E5-2680 v2 @ 2.80GHz
stepping	: 4
microcode	: 0x428
cpu MHz		: 2793.366
cache size	: 25600 KB
physical id	: 1
siblings	: 16
core id		: 0
cpu cores	: 8
apicid		: 32
initial apicid	: 32
fpu		: yes
fpu_exception	: yes
cpuid level	: 13
wp		: yes
flags		: fpu vme de pse tsc msr pae mce cx8 apic sep mtrr pge mca cmov pat pse36 clflush mmx fxsr sse sse2 ht syscall nx rdtscp lm constant_tsc rep_good nopl xtopology eagerfpu pni pclmulqdq ssse3 cx16 pcid sse4_1 sse4_2 x2apic popcnt tsc_deadline_timer aes xsave avx f16c rdrand hypervisor lahf_lm xsaveopt fsgsbase smep erms
bogomips	: 5660.42
clflush size	: 64
cache_alignment	: 64
address sizes	: 46 bits physical, 48 bits virtual
power management:

processor	: 9
vendor_id	: GenuineIntel
cpu family	: 6
model		: 62
model name	: Intel(R) Xeon(R) CPU E5-2680 v2 @ 2.80GHz
stepping	: 4
microcode	: 0x428
cpu MHz		: 2793.366
cache size	: 25600 KB
physical id	: 1
siblings	: 16
core id		: 1
cpu cores	: 8
apicid		: 34
initial apicid	: 34
fpu		: yes
fpu_exception	: yes
cpuid level	: 13
wp		: yes
flags		: fpu vme de pse tsc msr pae mce cx8 apic sep mtrr pge mca cmov pat pse36 clflush mmx fxsr sse sse2 ht syscall nx rdtscp lm constant_tsc rep_good nopl xtopology eagerfpu pni pclmulqdq ssse3 cx16 pcid sse4_1 sse4_2 x2apic popcnt tsc_deadline_timer aes xsave avx f16c rdrand hypervisor lahf_lm xsaveopt fsgsbase smep erms
bogomips	: 5660.42
clflush size	: 64
cache_alignment	: 64
address sizes	: 46 bits physical, 48 bits virtual
power management:

processor	: 10
vendor_id	: GenuineIntel
cpu family	: 6
model		: 62
model name	: Intel(R) Xeon(R) CPU E5-2680 v2 @ 2.80GHz
stepping	: 4
microcode	: 0x428
cpu MHz		: 2793.366
cache size	: 25600 KB
physical id	: 1
siblings	: 16
core id		: 2
cpu cores	: 8
apicid		: 36
initial apicid	: 36
fpu		: yes
fpu_exception	: yes
cpuid level	: 13
wp		: yes
flags		: fpu vme de pse tsc msr pae mce cx8 apic sep mtrr pge mca cmov pat pse36 clflush mmx fxsr sse sse2 ht syscall nx rdtscp lm constant_tsc rep_good nopl xtopology eagerfpu pni pclmulqdq ssse3 cx16 pcid sse4_1 sse4_2 x2apic popcnt tsc_deadline_timer aes xsave avx f16c rdrand hypervisor lahf_lm xsaveopt fsgsbase smep erms
bogomips	: 5660.42
clflush size	: 64
cache_alignment	: 64
address sizes	: 46 bits physical, 48 bits virtual
power management:

processor	: 11
vendor_id	: GenuineIntel
cpu family	: 6
model		: 62
model name	: Intel(R) Xeon(R) CPU E5-2680 v2 @ 2.80GHz
stepping	: 4
microcode	: 0x428
cpu MHz		: 2793.366
cache size	: 25600 KB
physical id	: 1
siblings	: 16
core id		: 3
cpu cores	: 8
apicid		: 38
initial apicid	: 38
fpu		: yes
fpu_exception	: yes
cpuid level	: 13
wp		: yes
flags		: fpu vme de pse tsc msr pae mce cx8 apic sep mtrr pge mca cmov pat pse36 clflush mmx fxsr sse sse2 ht syscall nx rdtscp lm constant_tsc rep_good nopl xtopology eagerfpu pni pclmulqdq ssse3 cx16 pcid sse4_1 sse4_2 x2apic popcnt tsc_deadline_timer aes xsave avx f16c rdrand hypervisor lahf_lm xsaveopt fsgsbase smep erms
bogomips	: 5660.42
clflush size	: 64
cache_alignment	: 64
address sizes	: 46 bits physical, 48 bits virtual
power management:

processor	: 12
vendor_id	: GenuineIntel
cpu family	: 6
model		: 62
model name	: Intel(R) Xeon(R) CPU E5-2680 v2 @ 2.80GHz
stepping	: 4
microcode	: 0x428
cpu MHz		: 2793.366
cache size	: 25600 KB
physical id	: 1
siblings	: 16
core id		: 4
cpu cores	: 8
apicid		: 40
initial apicid	: 40
fpu		: yes
fpu_exception	: yes
cpuid level	: 13
wp		: yes
flags		: fpu vme de pse tsc msr pae mce cx8 apic sep mtrr pge mca cmov pat pse36 clflush mmx fxsr sse sse2 ht syscall nx rdtscp lm constant_tsc rep_good nopl xtopology eagerfpu pni pclmulqdq ssse3 cx16 pcid sse4_1 sse4_2 x2apic popcnt tsc_deadline_timer aes xsave avx f16c rdrand hypervisor lahf_lm xsaveopt fsgsbase smep erms
bogomips	: 5660.42
clflush size	: 64
cache_alignment	: 64
address sizes	: 46 bits physical, 48 bits virtual
power management:

processor	: 13
vendor_id	: GenuineIntel
cpu family	: 6
model		: 62
model name	: Intel(R) Xeon(R) CPU E5-2680 v2 @ 2.80GHz
stepping	: 4
microcode	: 0x428
cpu MHz		: 2793.366
cache size	: 25600 KB
physical id	: 1
siblings	: 16
core id		: 5
cpu cores	: 8
apicid		: 42
initial apicid	: 42
fpu		: yes
fpu_exception	: yes
cpuid level	: 13
wp		: yes
flags		: fpu vme de pse tsc msr pae mce cx8 apic sep mtrr pge mca cmov pat pse36 clflush mmx fxsr sse sse2 ht syscall nx rdtscp lm constant_tsc rep_good nopl xtopology eagerfpu pni pclmulqdq ssse3 cx16 pcid sse4_1 sse4_2 x2apic popcnt tsc_deadline_timer aes xsave avx f16c rdrand hypervisor lahf_lm xsaveopt fsgsbase smep erms
bogomips	: 5660.42
clflush size	: 64
cache_alignment	: 64
address sizes	: 46 bits physical, 48 bits virtual
power management:

processor	: 14
vendor_id	: GenuineIntel
cpu family	: 6
model		: 62
model name	: Intel(R) Xeon(R) CPU E5-2680 v2 @ 2.80GHz
stepping	: 4
microcode	: 0x428
cpu MHz		: 2793.366
cache size	: 25600 KB
physical id	: 1
siblings	: 16
core id		: 6
cpu cores	: 8
apicid		: 44
initial apicid	: 44
fpu		: yes
fpu_exception	: yes
cpuid level	: 13
wp		: yes
flags		: fpu vme de pse tsc msr pae mce cx8 apic sep mtrr pge mca cmov pat pse36 clflush mmx fxsr sse sse2 ht syscall nx rdtscp lm constant_tsc rep_good nopl xtopology eagerfpu pni pclmulqdq ssse3 cx16 pcid sse4_1 sse4_2 x2apic popcnt tsc_deadline_timer aes xsave avx f16c rdrand hypervisor lahf_lm xsaveopt fsgsbase smep erms
bogomips	: 5660.42
clflush size	: 64
cache_alignment	: 64
address sizes	: 46 bits physical, 48 bits virtual
power management:

processor	: 15
vendor_id	: GenuineIntel
cpu family	: 6
model		: 62
model name	: Intel(R) Xeon(R) CPU E5-2680 v2 @ 2.80GHz
stepping	: 4
microcode	: 0x428
cpu MHz		: 2793.366
cache size	: 25600 KB
physical id	: 1
siblings	: 16
core id		: 7
cpu cores	: 8
apicid		: 46
initial apicid	: 46
fpu		: yes
fpu_exception	: yes
cpuid level	: 13
wp		: yes
flags		: fpu vme de pse tsc msr pae mce cx8 apic sep mtrr pge mca cmov pat pse36 clflush mmx fxsr sse sse2 ht syscall nx rdtscp lm constant_tsc rep_good nopl xtopology eagerfpu pni pclmulqdq ssse3 cx16 pcid sse4_1 sse4_2 x2apic popcnt tsc_deadline_timer aes xsave avx f16c rdrand hypervisor lahf_lm xsaveopt fsgsbase smep erms
bogomips	: 5660.42
clflush size	: 64
cache_alignment	: 64
address sizes	: 46 bits physical, 48 bits virtual
power management:

processor	: 16
vendor_id	: GenuineIntel
cpu family	: 6
model		: 62
model name	: Intel(R) Xeon(R) CPU E5-2680 v2 @ 2.80GHz
stepping	: 4
microcode	: 0x428
cpu MHz		: 2793.366
cache size	: 25600 KB
physical id	: 0
siblings	: 16
core id		: 0
cpu cores	: 8
apicid		: 1
initial apicid	: 1
fpu		: yes
fpu_exception	: yes
cpuid level	: 13
wp		: yes
flags		: fpu vme de pse tsc msr pae mce cx8 apic sep mtrr pge mca cmov pat pse36 clflush mmx fxsr sse sse2 ht syscall nx rdtscp lm constant_tsc rep_good nopl xtopology eagerfpu pni pclmulqdq ssse3 cx16 pcid sse4_1 sse4_2 x2apic popcnt tsc_deadline_timer aes xsave avx f16c rdrand hypervisor lahf_lm xsaveopt fsgsbase smep erms
bogomips	: 5586.73
clflush size	: 64
cache_alignment	: 64
address sizes	: 46 bits physical, 48 bits virtual
power management:

processor	: 17
vendor_id	: GenuineIntel
cpu family	: 6
model		: 62
model name	: Intel(R) Xeon(R) CPU E5-2680 v2 @ 2.80GHz
stepping	: 4
microcode	: 0x428
cpu MHz		: 2793.366
cache size	: 25600 KB
physical id	: 0
siblings	: 16
core id		: 1
cpu cores	: 8
apicid		: 3
initial apicid	: 3
fpu		: yes
fpu_exception	: yes
cpuid level	: 13
wp		: yes
flags		: fpu vme de pse tsc msr pae mce cx8 apic sep mtrr pge mca cmov pat pse36 clflush mmx fxsr sse sse2 ht syscall nx rdtscp lm constant_tsc rep_good nopl xtopology eagerfpu pni pclmulqdq ssse3 cx16 pcid sse4_1 sse4_2 x2apic popcnt tsc_deadline_timer aes xsave avx f16c rdrand hypervisor lahf_lm xsaveopt fsgsbase smep erms
bogomips	: 5586.73
clflush size	: 64
cache_alignment	: 64
address sizes	: 46 bits physical, 48 bits virtual
power management:

processor	: 18
vendor_id	: GenuineIntel
cpu family	: 6
model		: 62
model name	: Intel(R) Xeon(R) CPU E5-2680 v2 @ 2.80GHz
stepping	: 4
microcode	: 0x428
cpu MHz		: 2793.366
cache size	: 25600 KB
physical id	: 0
siblings	: 16
core id		: 2
cpu cores	: 8
apicid		: 5
initial apicid	: 5
fpu		: yes
fpu_exception	: yes
cpuid level	: 13
wp		: yes
flags		: fpu vme de pse tsc msr pae mce cx8 apic sep mtrr pge mca cmov pat pse36 clflush mmx fxsr sse sse2 ht syscall nx rdtscp lm constant_tsc rep_good nopl xtopology eagerfpu pni pclmulqdq ssse3 cx16 pcid sse4_1 sse4_2 x2apic popcnt tsc_deadline_timer aes xsave avx f16c rdrand hypervisor lahf_lm xsaveopt fsgsbase smep erms
bogomips	: 5586.73
clflush size	: 64
cache_alignment	: 64
address sizes	: 46 bits physical, 48 bits virtual
power management:

processor	: 19
vendor_id	: GenuineIntel
cpu family	: 6
model		: 62
model name	: Intel(R) Xeon(R) CPU E5-2680 v2 @ 2.80GHz
stepping	: 4
microcode	: 0x428
cpu MHz		: 2793.366
cache size	: 25600 KB
physical id	: 0
siblings	: 16
core id		: 3
cpu cores	: 8
apicid		: 7
initial apicid	: 7
fpu		: yes
fpu_exception	: yes
cpuid level	: 13
wp		: yes
flags		: fpu vme de pse tsc msr pae mce cx8 apic sep mtrr pge mca cmov pat pse36 clflush mmx fxsr sse sse2 ht syscall nx rdtscp lm constant_tsc rep_good nopl xtopology eagerfpu pni pclmulqdq ssse3 cx16 pcid sse4_1 sse4_2 x2apic popcnt tsc_deadline_timer aes xsave avx f16c rdrand hypervisor lahf_lm xsaveopt fsgsbase smep erms
bogomips	: 5586.73
clflush size	: 64
cache_alignment	: 64
address sizes	: 46 bits physical, 48 bits virtual
power management:

processor	: 20
vendor_id	: GenuineIntel
cpu family	: 6
model		: 62
model name	: Intel(R) Xeon(R) CPU E5-2680 v2 @ 2.80GHz
stepping	: 4
microcode	: 0x428
cpu MHz		: 2793.366
cache size	: 25600 KB
physical id	: 0
siblings	: 16
core id		: 4
cpu cores	: 8
apicid		: 9
initial apicid	: 9
fpu		: yes
fpu_exception	: yes
cpuid level	: 13
wp		: yes
flags		: fpu vme de pse tsc msr pae mce cx8 apic sep mtrr pge mca cmov pat pse36 clflush mmx fxsr sse sse2 ht syscall nx rdtscp lm constant_tsc rep_good nopl xtopology eagerfpu pni pclmulqdq ssse3 cx16 pcid sse4_1 sse4_2 x2apic popcnt tsc_deadline_timer aes xsave avx f16c rdrand hypervisor lahf_lm xsaveopt fsgsbase smep erms
bogomips	: 5586.73
clflush size	: 64
cache_alignment	: 64
address sizes	: 46 bits physical, 48 bits virtual
power management:

processor	: 21
vendor_id	: GenuineIntel
cpu family	: 6
model		: 62
model name	: Intel(R) Xeon(R) CPU E5-2680 v2 @ 2.80GHz
stepping	: 4
microcode	: 0x428
cpu MHz		: 2793.366
cache size	: 25600 KB
physical id	: 0
siblings	: 16
core id		: 5
cpu cores	: 8
apicid		: 11
initial apicid	: 11
fpu		: yes
fpu_exception	: yes
cpuid level	: 13
wp		: yes
flags		: fpu vme de pse tsc msr pae mce cx8 apic sep mtrr pge mca cmov pat pse36 clflush mmx fxsr sse sse2 ht syscall nx rdtscp lm constant_tsc rep_good nopl xtopology eagerfpu pni pclmulqdq ssse3 cx16 pcid sse4_1 sse4_2 x2apic popcnt tsc_deadline_timer aes xsave avx f16c rdrand hypervisor lahf_lm xsaveopt fsgsbase smep erms
bogomips	: 5586.73
clflush size	: 64
cache_alignment	: 64
address sizes	: 46 bits physical, 48 bits virtual
power management:

processor	: 22
vendor_id	: GenuineIntel
cpu family	: 6
model		: 62
model name	: Intel(R) Xeon(R) CPU E5-2680 v2 @ 2.80GHz
stepping	: 4
microcode	: 0x428
cpu MHz		: 2793.366
cache size	: 25600 KB
physical id	: 0
siblings	: 16
core id		: 6
cpu cores	: 8
apicid		: 13
initial apicid	: 13
fpu		: yes
fpu_exception	: yes
cpuid level	: 13
wp		: yes
flags		: fpu vme de pse tsc msr pae mce cx8 apic sep mtrr pge mca cmov pat pse36 clflush mmx fxsr sse sse2 ht syscall nx rdtscp lm constant_tsc rep_good nopl xtopology eagerfpu pni pclmulqdq ssse3 cx16 pcid sse4_1 sse4_2 x2apic popcnt tsc_deadline_timer aes xsave avx f16c rdrand hypervisor lahf_lm xsaveopt fsgsbase smep erms
bogomips	: 5586.73
clflush size	: 64
cache_alignment	: 64
address sizes	: 46 bits physical, 48 bits virtual
power management:

processor	: 23
vendor_id	: GenuineIntel
cpu family	: 6
model		: 62
model name	: Intel(R) Xeon(R) CPU E5-2680 v2 @ 2.80GHz
stepping	: 4
microcode	: 0x428
cpu MHz		: 2793.366
cache size	: 25600 KB
physical id	: 0
siblings	: 16
core id		: 7
cpu cores	: 8
apicid		: 15
initial apicid	: 15
fpu		: yes
fpu_exception	: yes
cpuid level	: 13
wp		: yes
flags		: fpu vme de pse tsc msr pae mce cx8 apic sep mtrr pge mca cmov pat pse36 clflush mmx fxsr sse sse2 ht syscall nx rdtscp lm constant_tsc rep_good nopl xtopology eagerfpu pni pclmulqdq ssse3 cx16 pcid sse4_1 sse4_2 x2apic popcnt tsc_deadline_timer aes xsave avx f16c rdrand hypervisor lahf_lm xsaveopt fsgsbase smep erms
bogomips	: 5586.73
clflush size	: 64
cache_alignment	: 64
address sizes	: 46 bits physical, 48 bits virtual
power management:

processor	: 24
vendor_id	: GenuineIntel
cpu family	: 6
model		: 62
model name	: Intel(R) Xeon(R) CPU E5-2680 v2 @ 2.80GHz
stepping	: 4
microcode	: 0x428
cpu MHz		: 2793.366
cache size	: 25600 KB
physical id	: 1
siblings	: 16
core id		: 0
cpu cores	: 8
apicid		: 33
initial apicid	: 33
fpu		: yes
fpu_exception	: yes
cpuid level	: 13
wp		: yes
flags		: fpu vme de pse tsc msr pae mce cx8 apic sep mtrr pge mca cmov pat pse36 clflush mmx fxsr sse sse2 ht syscall nx rdtscp lm constant_tsc rep_good nopl xtopology eagerfpu pni pclmulqdq ssse3 cx16 pcid sse4_1 sse4_2 x2apic popcnt tsc_deadline_timer aes xsave avx f16c rdrand hypervisor lahf_lm xsaveopt fsgsbase smep erms
bogomips	: 5660.42
clflush size	: 64
cache_alignment	: 64
address sizes	: 46 bits physical, 48 bits virtual
power management:

processor	: 25
vendor_id	: GenuineIntel
cpu family	: 6
model		: 62
model name	: Intel(R) Xeon(R) CPU E5-2680 v2 @ 2.80GHz
stepping	: 4
microcode	: 0x428
cpu MHz		: 2793.366
cache size	: 25600 KB
physical id	: 1
siblings	: 16
core id		: 1
cpu cores	: 8
apicid		: 35
initial apicid	: 35
fpu		: yes
fpu_exception	: yes
cpuid level	: 13
wp		: yes
flags		: fpu vme de pse tsc msr pae mce cx8 apic sep mtrr pge mca cmov pat pse36 clflush mmx fxsr sse sse2 ht syscall nx rdtscp lm constant_tsc rep_good nopl xtopology eagerfpu pni pclmulqdq ssse3 cx16 pcid sse4_1 sse4_2 x2apic popcnt tsc_deadline_timer aes xsave avx f16c rdrand hypervisor lahf_lm xsaveopt fsgsbase smep erms
bogomips	: 5660.42
clflush size	: 64
cache_alignment	: 64
address sizes	: 46 bits physical, 48 bits virtual
power management:

processor	: 26
vendor_id	: GenuineIntel
cpu family	: 6
model		: 62
model name	: Intel(R) Xeon(R) CPU E5-2680 v2 @ 2.80GHz
stepping	: 4
microcode	: 0x428
cpu MHz		: 2793.366
cache size	: 25600 KB
physical id	: 1
siblings	: 16
core id		: 2
cpu cores	: 8
apicid		: 37
initial apicid	: 37
fpu		: yes
fpu_exception	: yes
cpuid level	: 13
wp		: yes
flags		: fpu vme de pse tsc msr pae mce cx8 apic sep mtrr pge mca cmov pat pse36 clflush mmx fxsr sse sse2 ht syscall nx rdtscp lm constant_tsc rep_good nopl xtopology eagerfpu pni pclmulqdq ssse3 cx16 pcid sse4_1 sse4_2 x2apic popcnt tsc_deadline_timer aes xsave avx f16c rdrand hypervisor lahf_lm xsaveopt fsgsbase smep erms
bogomips	: 5660.42
clflush size	: 64
cache_alignment	: 64
address sizes	: 46 bits physical, 48 bits virtual
power management:

processor	: 27
vendor_id	: GenuineIntel
cpu family	: 6
model		: 62
model name	: Intel(R) Xeon(R) CPU E5-2680 v2 @ 2.80GHz
stepping	: 4
microcode	: 0x428
cpu MHz		: 2793.366
cache size	: 25600 KB
physical id	: 1
siblings	: 16
core id		: 3
cpu cores	: 8
apicid		: 39
initial apicid	: 39
fpu		: yes
fpu_exception	: yes
cpuid level	: 13
wp		: yes
flags		: fpu vme de pse tsc msr pae mce cx8 apic sep mtrr pge mca cmov pat pse36 clflush mmx fxsr sse sse2 ht syscall nx rdtscp lm constant_tsc rep_good nopl xtopology eagerfpu pni pclmulqdq ssse3 cx16 pcid sse4_1 sse4_2 x2apic popcnt tsc_deadline_timer aes xsave avx f16c rdrand hypervisor lahf_lm xsaveopt fsgsbase smep erms
bogomips	: 5660.42
clflush size	: 64
cache_alignment	: 64
address sizes	: 46 bits physical, 48 bits virtual
power management:

processor	: 28
vendor_id	: GenuineIntel
cpu family	: 6
model		: 62
model name	: Intel(R) Xeon(R) CPU E5-2680 v2 @ 2.80GHz
stepping	: 4
microcode	: 0x428
cpu MHz		: 2793.366
cache size	: 25600 KB
physical id	: 1
siblings	: 16
core id		: 4
cpu cores	: 8
apicid		: 41
initial apicid	: 41
fpu		: yes
fpu_exception	: yes
cpuid level	: 13
wp		: yes
flags		: fpu vme de pse tsc msr pae mce cx8 apic sep mtrr pge mca cmov pat pse36 clflush mmx fxsr sse sse2 ht syscall nx rdtscp lm constant_tsc rep_good nopl xtopology eagerfpu pni pclmulqdq ssse3 cx16 pcid sse4_1 sse4_2 x2apic popcnt tsc_deadline_timer aes xsave avx f16c rdrand hypervisor lahf_lm xsaveopt fsgsbase smep erms
bogomips	: 5660.42
clflush size	: 64
cache_alignment	: 64
address sizes	: 46 bits physical, 48 bits virtual
power management:

processor	: 29
vendor_id	: GenuineIntel
cpu family	: 6
model		: 62
model name	: Intel(R) Xeon(R) CPU E5-2680 v2 @ 2.80GHz
stepping	: 4
microcode	: 0x428
cpu MHz		: 2793.366
cache size	: 25600 KB
physical id	: 1
siblings	: 16
core id		: 5
cpu cores	: 8
apicid		: 43
initial apicid	: 43
fpu		: yes
fpu_exception	: yes
cpuid level	: 13
wp		: yes
flags		: fpu vme de pse tsc msr pae mce cx8 apic sep mtrr pge mca cmov pat pse36 clflush mmx fxsr sse sse2 ht syscall nx rdtscp lm constant_tsc rep_good nopl xtopology eagerfpu pni pclmulqdq ssse3 cx16 pcid sse4_1 sse4_2 x2apic popcnt tsc_deadline_timer aes xsave avx f16c rdrand hypervisor lahf_lm xsaveopt fsgsbase smep erms
bogomips	: 5660.42
clflush size	: 64
cache_alignment	: 64
address sizes	: 46 bits physical, 48 bits virtual
power management:

processor	: 30
vendor_id	: GenuineIntel
cpu family	: 6
model		: 62
model name	: Intel(R) Xeon(R) CPU E5-2680 v2 @ 2.80GHz
stepping	: 4
microcode	: 0x428
cpu MHz		: 2793.366
cache size	: 25600 KB
physical id	: 1
siblings	: 16
core id		: 6
cpu cores	: 8
apicid		: 45
initial apicid	: 45
fpu		: yes
fpu_exception	: yes
cpuid level	: 13
wp		: yes
flags		: fpu vme de pse tsc msr pae mce cx8 apic sep mtrr pge mca cmov pat pse36 clflush mmx fxsr sse sse2 ht syscall nx rdtscp lm constant_tsc rep_good nopl xtopology eagerfpu pni pclmulqdq ssse3 cx16 pcid sse4_1 sse4_2 x2apic popcnt tsc_deadline_timer aes xsave avx f16c rdrand hypervisor lahf_lm xsaveopt fsgsbase smep erms
bogomips	: 5660.42
clflush size	: 64
cache_alignment	: 64
address sizes	: 46 bits physical, 48 bits virtual
power management:

processor	: 31
vendor_id	: GenuineIntel
cpu family	: 6
model		: 62
model name	: Intel(R) Xeon(R) CPU E5-2680 v2 @ 2.80GHz
stepping	: 4
microcode	: 0x428
cpu MHz		: 2793.366
cache size	: 25600 KB
physical id	: 1
siblings	: 16
core id		: 7
cpu cores	: 8
apicid		: 47
initial apicid	: 47
fpu		: yes
fpu_exception	: yes
cpuid level	: 13
wp		: yes
flags		: fpu vme de pse tsc msr pae mce cx8 apic sep mtrr pge mca cmov pat pse36 clflush mmx fxsr sse sse2 ht syscall nx rdtscp lm constant_tsc rep_good nopl xtopology eagerfpu pni pclmulqdq ssse3 cx16 pcid sse4_1 sse4_2 x2apic popcnt tsc_deadline_timer aes xsave avx f16c rdrand hypervisor lahf_lm xsaveopt fsgsbase smep erms
bogomips	: 5660.42
clflush size	: 64
cache_alignment	: 64
address sizes	: 46 bits physical, 48 bits virtual
power management:



Memory: 4k page, physical 61835544k(58436984k free), swap 0k(0k free)

vm_info: OpenJDK 64-Bit Server VM (24.79-b02) for linux-amd64 JRE (1.7.0_79-b14), built on Jul 24 2015 08:15:54 by "buildd" with gcc 4.8.2

time: Fri Jan 29 19:46:20 2016
elapsed time: 1 seconds

