#
# There is insufficient memory for the Java Runtime Environment to continue.
# pthread_getattr_np
# Possible reasons:
#   The system is out of physical RAM or swap space
#   In 32 bit mode, the process size limit was hit
# Possible solutions:
#   Reduce memory load on the system
#   Increase physical memory or swap space
#   Check if swap backing store is full
#   Use 64 bit Java on a 64 bit OS
#   Decrease Java heap size (-Xmx/-Xms)
#   Decrease number of Java threads
#   Decrease Java thread stack sizes (-Xss)
#   Set larger code cache with -XX:ReservedCodeCacheSize=
# This output file may be truncated or incomplete.
#
#  Out of Memory Error (os_linux_x86.cpp:718), pid=3865, tid=46952221251328
#
# JRE version: OpenJDK Runtime Environment (7.0_79-b14) (build 1.7.0_79-b14)
# Java VM: OpenJDK 64-Bit Server VM (24.79-b02 mixed mode linux-amd64 compressed oops)
# Derivative: IcedTea 2.5.6
# Distribution: Ubuntu 14.04 LTS, package 7u79-2.5.6-0ubuntu1.14.04.1
# Core dump written. Default location: /home/adam/.virtualenvs/op2/omics_pipe/omics_pipe/scripts/core or core.3865
#

---------------  T H R E A D  ---------------

Current thread (0x00002ab35c32f000):  JavaThread "pool-1-thread-19" [_thread_new, id=3975, stack(0x0000000000000000,0x0000000000000000)]

Stack: [0x0000000000000000,0x0000000000000000],  sp=0x00002ab3ea780ae0,  free space=45851778562k
Native frames: (J=compiled Java code, j=interpreted, Vv=VM code, C=native code)
V  [libjvm.so+0x94afd5]
V  [libjvm.so+0x48b9f4]
V  [libjvm.so+0x7cf89a]
V  [libjvm.so+0x7cf8ed]
V  [libjvm.so+0x8f8409]
V  [libjvm.so+0x900fbc]
V  [libjvm.so+0x7c4f62]


---------------  P R O C E S S  ---------------

Java Threads: ( => current thread )
=>0x00002ab35c32f000 JavaThread "pool-1-thread-19" [_thread_new, id=3975, stack(0x0000000000000000,0x0000000000000000)]
  0x00002ab35c32d000 JavaThread "pool-1-thread-18" [_thread_blocked, id=3974, stack(0x00002ab3ea580000,0x00002ab3ea681000)]
  0x00002ab35c32b000 JavaThread "pool-1-thread-17" [_thread_blocked, id=3972, stack(0x00002ab3ea47f000,0x00002ab3ea580000)]
  0x00002ab35c329000 JavaThread "pool-1-thread-16" [_thread_blocked, id=3970, stack(0x00002ab3ea37e000,0x00002ab3ea47f000)]
  0x00002ab35c2ff800 JavaThread "pool-1-thread-15" [_thread_blocked, id=3968, stack(0x00002ab3ea27d000,0x00002ab3ea37e000)]
  0x00002ab35c2fd800 JavaThread "pool-1-thread-14" [_thread_blocked, id=3966, stack(0x00002ab3ea17c000,0x00002ab3ea27d000)]
  0x00002ab35c2fb800 JavaThread "pool-1-thread-13" [_thread_blocked, id=3964, stack(0x00002ab3ea07b000,0x00002ab3ea17c000)]
  0x00002ab35c2f9800 JavaThread "pool-1-thread-12" [_thread_blocked, id=3962, stack(0x00002ab3e9f7a000,0x00002ab3ea07b000)]
  0x00002ab35c2f7000 JavaThread "pool-1-thread-11" [_thread_blocked, id=3960, stack(0x00002ab3e9e79000,0x00002ab3e9f7a000)]
  0x00002ab35c226000 JavaThread "pool-1-thread-10" [_thread_blocked, id=3958, stack(0x00002ab3e9d78000,0x00002ab3e9e79000)]
  0x00002ab35c223800 JavaThread "pool-1-thread-9" [_thread_blocked, id=3956, stack(0x00002ab3e9c77000,0x00002ab3e9d78000)]
  0x00002ab35c222000 JavaThread "pool-1-thread-8" [_thread_blocked, id=3954, stack(0x00002ab3e9b76000,0x00002ab3e9c77000)]
  0x00002ab35c220000 JavaThread "pool-1-thread-7" [_thread_blocked, id=3953, stack(0x00002ab3e9a75000,0x00002ab3e9b76000)]
  0x00002ab35c364800 JavaThread "pool-1-thread-6" [_thread_blocked, id=3951, stack(0x00002ab3e9974000,0x00002ab3e9a75000)]
  0x00002ab35c362800 JavaThread "pool-1-thread-5" [_thread_blocked, id=3949, stack(0x00002ab3e9873000,0x00002ab3e9974000)]
  0x00002ab35c361000 JavaThread "pool-1-thread-4" [_thread_blocked, id=3945, stack(0x00002ab3e9772000,0x00002ab3e9873000)]
  0x00002ab35c35f000 JavaThread "pool-1-thread-3" [_thread_blocked, id=3944, stack(0x00002ab3e9671000,0x00002ab3e9772000)]
  0x00002ab35c35d800 JavaThread "pool-1-thread-2" [_thread_blocked, id=3941, stack(0x00002ab3e9570000,0x00002ab3e9671000)]
  0x00002ab35c12e800 JavaThread "pool-1-thread-1" [_thread_blocked, id=3939, stack(0x00002ab3e946f000,0x00002ab3e9570000)]
  0x00002ab35c0d8800 JavaThread "Service Thread" daemon [_thread_blocked, id=3935, stack(0x00002ab3e9084000,0x00002ab3e9185000)]
  0x00002ab35c0d6800 JavaThread "C2 CompilerThread1" daemon [_thread_in_native, id=3933, stack(0x00002ab3e8f83000,0x00002ab3e9084000)]
  0x00002ab35c0d3800 JavaThread "C2 CompilerThread0" daemon [_thread_blocked, id=3930, stack(0x00002ab3e8e82000,0x00002ab3e8f83000)]
  0x00002ab35c0d1800 JavaThread "Signal Dispatcher" daemon [_thread_blocked, id=3929, stack(0x00002ab3e8d81000,0x00002ab3e8e82000)]
  0x00002ab35c0a6800 JavaThread "Finalizer" daemon [_thread_blocked, id=3926, stack(0x00002ab3e8909000,0x00002ab3e8a0a000)]
  0x00002ab35c0a4800 JavaThread "Reference Handler" daemon [_thread_blocked, id=3925, stack(0x00002ab3e8808000,0x00002ab3e8909000)]
  0x00002ab35c00b800 JavaThread "main" [_thread_in_native, id=3870, stack(0x00002ab35659c000,0x00002ab35669d000)]

Other Threads:
  0x00002ab35c0a0800 VMThread [stack: 0x00002ab3e8707000,0x00002ab3e8808000] [id=3923]
  0x00002ab35c0db800 WatcherThread [stack: 0x00002ab3e9185000,0x00002ab3e9286000] [id=3937]

VM state:not at safepoint (normal execution)

VM Mutex/Monitor currently owned by a thread: None

Heap
 PSYoungGen      total 151552K, used 87022K [0x00000006c0000000, 0x00000006ccd80000, 0x0000000800000000)
  eden space 133120K, 51% used [0x00000006c0000000,0x00000006c43334d8,0x00000006c8200000)
  from space 18432K, 98% used [0x00000006cbb80000,0x00000006ccd48720,0x00000006ccd80000)
  to   space 23552K, 0% used [0x00000006c9f80000,0x00000006c9f80000,0x00000006cb680000)
 ParOldGen       total 80384K, used 55307K [0x0000000440000000, 0x0000000444e80000, 0x00000006c0000000)
  object space 80384K, 68% used [0x0000000440000000,0x0000000443602d40,0x0000000444e80000)
 PSPermGen       total 21504K, used 4693K [0x0000000400000000, 0x0000000401500000, 0x0000000440000000)
  object space 21504K, 21% used [0x0000000400000000,0x0000000400495478,0x0000000401500000)

Card table byte_map: [0x00002ab359a44000,0x00002ab35ba45000] byte_map_base: 0x00002ab357a44000

Polling page: 0x00002ab356586000

Code Cache  [0x00002ab360000000, 0x00002ab360270000, 0x00002ab363000000)
 total_blobs=536 nmethods=335 adapters=154 free_code_cache=48125Kb largest_free_block=49242816

Compilation events (10 events):
Event: 9.850 Thread 0x00002ab35c0d3800  334             java.util.ArrayList::clear (39 bytes)
Event: 9.851 Thread 0x00002ab35c0d6800 nmethod 333 0x00002ab3600fde10 code [0x00002ab3600fdfc0, 0x00002ab3600fe6e8]
Event: 9.851 Thread 0x00002ab35c0d6800  335   !         org.bioinfo.ngs.qc.qualimap.process.ProcessBunchOfReadsTask::call (312 bytes)
Event: 9.852 Thread 0x00002ab35c0d3800 nmethod 334 0x00002ab3600e3e50 code [0x00002ab3600e3f80, 0x00002ab3600e40d8]
Event: 9.852 Thread 0x00002ab35c0d3800  336             org.bioinfo.ngs.qc.qualimap.beans.BamGenomeWindow::acumInsertSize (31 bytes)
Event: 9.852 Thread 0x00002ab35c0d3800 nmethod 336 0x00002ab3600ff410 code [0x00002ab3600ff540, 0x00002ab3600ff5b8]
Event: 9.852 Thread 0x00002ab35c0d3800  337 % !         org.bioinfo.ngs.qc.qualimap.process.BamStatsAnalysis::run @ 651 (2575 bytes)
Event: 9.865 Thread 0x00002ab35c0d6800 nmethod 335 0x00002ab360104510 code [0x00002ab360104760, 0x00002ab360105290]
Event: 9.865 Thread 0x00002ab35c0d6800  338 % !         org.bioinfo.ngs.qc.qualimap.process.ProcessBunchOfReadsTask::call @ 18 (312 bytes)
Event: 9.874 Thread 0x00002ab35c0d3800 nmethod 337% 0x00002ab3601065d0 code [0x00002ab360106920, 0x00002ab360107ee0]

GC Heap History (10 events):
Event: 8.252 GC heap before
{Heap before GC invocations=10 (full 1):
 PSYoungGen      total 75264K, used 4080K [0x00000006c0000000, 0x00000006c8080000, 0x0000000800000000)
  eden space 71168K, 0% used [0x00000006c0000000,0x00000006c0000000,0x00000006c4580000)
  from space 4096K, 99% used [0x00000006c4580000,0x00000006c497c010,0x00000006c4980000)
  to   space 8704K, 0% used [0x00000006c7800000,0x00000006c7800000,0x00000006c8080000)
 ParOldGen       total 22016K, used 20068K [0x0000000440000000, 0x0000000441580000, 0x00000006c0000000)
  object space 22016K, 91% used [0x0000000440000000,0x0000000441399190,0x0000000441580000)
 PSPermGen       total 21504K, used 4371K [0x0000000400000000, 0x0000000401500000, 0x0000000440000000)
  object space 21504K, 20% used [0x0000000400000000,0x0000000400444de8,0x0000000401500000)
Event: 8.359 GC heap after
Heap after GC invocations=10 (full 1):
 PSYoungGen      total 75264K, used 1518K [0x00000006c0000000, 0x00000006c8080000, 0x0000000800000000)
  eden space 71168K, 0% used [0x00000006c0000000,0x00000006c0000000,0x00000006c4580000)
  from space 4096K, 37% used [0x00000006c4580000,0x00000006c46fb820,0x00000006c4980000)
  to   space 8704K, 0% used [0x00000006c7800000,0x00000006c7800000,0x00000006c8080000)
 ParOldGen       total 39936K, used 21839K [0x0000000440000000, 0x0000000442700000, 0x00000006c0000000)
  object space 39936K, 54% used [0x0000000440000000,0x0000000441553d10,0x0000000442700000)
 PSPermGen       total 21504K, used 4370K [0x0000000400000000, 0x0000000401500000, 0x0000000440000000)
  object space 21504K, 20% used [0x0000000400000000,0x0000000400444930,0x0000000401500000)
}
Event: 8.418 GC heap before
{Heap before GC invocations=11 (full 1):
 PSYoungGen      total 75264K, used 72686K [0x00000006c0000000, 0x00000006c8080000, 0x0000000800000000)
  eden space 71168K, 100% used [0x00000006c0000000,0x00000006c4580000,0x00000006c4580000)
  from space 4096K, 37% used [0x00000006c4580000,0x00000006c46fb820,0x00000006c4980000)
  to   space 8704K, 0% used [0x00000006c7800000,0x00000006c7800000,0x00000006c8080000)
 ParOldGen       total 39936K, used 21839K [0x0000000440000000, 0x0000000442700000, 0x00000006c0000000)
  object space 39936K, 54% used [0x0000000440000000,0x0000000441553d10,0x0000000442700000)
 PSPermGen       total 21504K, used 4370K [0x0000000400000000, 0x0000000401500000, 0x0000000440000000)
  object space 21504K, 20% used [0x0000000400000000,0x0000000400444930,0x0000000401500000)
Event: 8.445 GC heap after
Heap after GC invocations=11 (full 1):
 PSYoungGen      total 118784K, used 8704K [0x00000006c0000000, 0x00000006c8500000, 0x0000000800000000)
  eden space 110080K, 0% used [0x00000006c0000000,0x00000006c0000000,0x00000006c6b80000)
  from space 8704K, 100% used [0x00000006c7800000,0x00000006c8080000,0x00000006c8080000)
  to   space 12800K, 0% used [0x00000006c6b80000,0x00000006c6b80000,0x00000006c7800000)
 ParOldGen       total 39936K, used 27503K [0x0000000440000000, 0x0000000442700000, 0x00000006c0000000)
  object space 39936K, 68% used [0x0000000440000000,0x0000000441adbd10,0x0000000442700000)
 PSPermGen       total 21504K, used 4370K [0x0000000400000000, 0x0000000401500000, 0x0000000440000000)
  object space 21504K, 20% used [0x0000000400000000,0x0000000400444930,0x0000000401500000)
}
Event: 8.537 GC heap before
{Heap before GC invocations=12 (full 1):
 PSYoungGen      total 118784K, used 118784K [0x00000006c0000000, 0x00000006c8500000, 0x0000000800000000)
  eden space 110080K, 100% used [0x00000006c0000000,0x00000006c6b80000,0x00000006c6b80000)
  from space 8704K, 100% used [0x00000006c7800000,0x00000006c8080000,0x00000006c8080000)
  to   space 12800K, 0% used [0x00000006c6b80000,0x00000006c6b80000,0x00000006c7800000)
 ParOldGen       total 39936K, used 27503K [0x0000000440000000, 0x0000000442700000, 0x00000006c0000000)
  object space 39936K, 68% used [0x0000000440000000,0x0000000441adbd10,0x0000000442700000)
 PSPermGen       total 21504K, used 4370K [0x0000000400000000, 0x0000000401500000, 0x0000000440000000)
  object space 21504K, 20% used [0x0000000400000000,0x0000000400444930,0x0000000401500000)
Event: 8.571 GC heap after
Heap after GC invocations=12 (full 1):
 PSYoungGen      total 122880K, used 12800K [0x00000006c0000000, 0x00000006ccf80000, 0x0000000800000000)
  eden space 110080K, 0% used [0x00000006c0000000,0x00000006c0000000,0x00000006c6b80000)
  from space 12800K, 100% used [0x00000006c6b80000,0x00000006c7800000,0x00000006c7800000)
  to   space 20480K, 0% used [0x00000006cbb80000,0x00000006cbb80000,0x00000006ccf80000)
 ParOldGen       total 50688K, used 42831K [0x0000000440000000, 0x0000000443180000, 0x00000006c0000000)
  object space 50688K, 84% used [0x0000000440000000,0x00000004429d3d10,0x0000000443180000)
 PSPermGen       total 21504K, used 4370K [0x0000000400000000, 0x0000000401500000, 0x0000000440000000)
  object space 21504K, 20% used [0x0000000400000000,0x0000000400444930,0x0000000401500000)
}
Event: 8.571 GC heap before
{Heap before GC invocations=13 (full 2):
 PSYoungGen      total 122880K, used 12800K [0x00000006c0000000, 0x00000006ccf80000, 0x0000000800000000)
  eden space 110080K, 0% used [0x00000006c0000000,0x00000006c0000000,0x00000006c6b80000)
  from space 12800K, 100% used [0x00000006c6b80000,0x00000006c7800000,0x00000006c7800000)
  to   space 20480K, 0% used [0x00000006cbb80000,0x00000006cbb80000,0x00000006ccf80000)
 ParOldGen       total 50688K, used 42831K [0x0000000440000000, 0x0000000443180000, 0x00000006c0000000)
  object space 50688K, 84% used [0x0000000440000000,0x00000004429d3d10,0x0000000443180000)
 PSPermGen       total 21504K, used 4370K [0x0000000400000000, 0x0000000401500000, 0x0000000440000000)
  object space 21504K, 20% used [0x0000000400000000,0x0000000400444930,0x0000000401500000)
Event: 8.810 GC heap after
Heap after GC invocations=13 (full 2):
 PSYoungGen      total 122880K, used 4602K [0x00000006c0000000, 0x00000006ccf80000, 0x0000000800000000)
  eden space 110080K, 0% used [0x00000006c0000000,0x00000006c0000000,0x00000006c6b80000)
  from space 12800K, 35% used [0x00000006c6b80000,0x00000006c6ffe8e8,0x00000006c7800000)
  to   space 20480K, 0% used [0x00000006cbb80000,0x00000006cbb80000,0x00000006ccf80000)
 ParOldGen       total 80384K, used 50651K [0x0000000440000000, 0x0000000444e80000, 0x00000006c0000000)
  object space 80384K, 63% used [0x0000000440000000,0x0000000443176d40,0x0000000444e80000)
 PSPermGen       total 21504K, used 4370K [0x0000000400000000, 0x0000000401500000, 0x0000000440000000)
  object space 21504K, 20% used [0x0000000400000000,0x0000000400444930,0x0000000401500000)
}
Event: 9.089 GC heap before
{Heap before GC invocations=14 (full 2):
 PSYoungGen      total 122880K, used 114682K [0x00000006c0000000, 0x00000006ccf80000, 0x0000000800000000)
  eden space 110080K, 100% used [0x00000006c0000000,0x00000006c6b80000,0x00000006c6b80000)
  from space 12800K, 35% used [0x00000006c6b80000,0x00000006c6ffe8e8,0x00000006c7800000)
  to   space 20480K, 0% used [0x00000006cbb80000,0x00000006cbb80000,0x00000006ccf80000)
 ParOldGen       total 80384K, used 50651K [0x0000000440000000, 0x0000000444e80000, 0x00000006c0000000)
  object space 80384K, 63% used [0x0000000440000000,0x0000000443176d40,0x0000000444e80000)
 PSPermGen       total 21504K, used 4676K [0x0000000400000000, 0x0000000401500000, 0x0000000440000000)
  object space 21504K, 21% used [0x0000000400000000,0x0000000400491310,0x0000000401500000)
Event: 9.122 GC heap after
Heap after GC invocations=14 (full 2):
 PSYoungGen      total 151552K, used 18209K [0x00000006c0000000, 0x00000006ccd80000, 0x0000000800000000)
  eden space 133120K, 0% used [0x00000006c0000000,0x00000006c0000000,0x00000006c8200000)
  from space 18432K, 98% used [0x00000006cbb80000,0x00000006ccd48720,0x00000006ccd80000)
  to   space 23552K, 0% used [0x00000006c9f80000,0x00000006c9f80000,0x00000006cb680000)
 ParOldGen       total 80384K, used 55307K [0x0000000440000000, 0x0000000444e80000, 0x00000006c0000000)
  object space 80384K, 68% used [0x0000000440000000,0x0000000443602d40,0x0000000444e80000)
 PSPermGen       total 21504K, used 4676K [0x0000000400000000, 0x0000000401500000, 0x0000000440000000)
  object space 21504K, 21% used [0x0000000400000000,0x0000000400491310,0x0000000401500000)
}

Deoptimization events (10 events):
Event: 7.959 Thread 0x00002ab35c00b800 Uncommon trap: reason=array_check action=maybe_recompile pc=0x00002ab360082074 method=java.util.AbstractCollection.toArray([Ljava/lang/Object;)[Ljava/lang/Object; @ 119
Event: 8.125 Thread 0x00002ab35c00b800 Uncommon trap: reason=unreached action=reinterpret pc=0x00002ab36009de00 method=java.util.HashMap.getEntry(Ljava/lang/Object;)Ljava/util/HashMap$Entry; @ 39
Event: 8.126 Thread 0x00002ab35c00b800 Uncommon trap: reason=unreached action=reinterpret pc=0x00002ab360079494 method=net.sf.picard.util.IntervalTree.put(IILjava/lang/Object;)Ljava/lang/Object; @ 25
Event: 8.168 Thread 0x00002ab35c00b800 Uncommon trap: reason=unreached action=reinterpret pc=0x00002ab360097564 method=java.util.HashMap.getEntry(Ljava/lang/Object;)Ljava/util/HashMap$Entry; @ 39
Event: 8.199 Thread 0x00002ab35c00b800 Uncommon trap: reason=unreached action=reinterpret pc=0x00002ab3600885c0 method=java.util.HashMap.getEntry(Ljava/lang/Object;)Ljava/util/HashMap$Entry; @ 39
Event: 8.884 Thread 0x00002ab35c00b800 Uncommon trap: reason=unreached action=reinterpret pc=0x00002ab360095b20 method=org.bioinfo.ngs.qc.qualimap.common.GenomicFeatureStreamReader.readNextRecord()Lorg/bioinfo/ngs/qc/qualimap/common/GenomicFeature; @ 9
Event: 8.884 Thread 0x00002ab35c00b800 Uncommon trap: reason=unreached action=reinterpret pc=0x00002ab36009ae2c method=org.bioinfo.ngs.qc.qualimap.process.BamStatsAnalysis.loadSelectedRegions()V @ 224
Event: 8.891 Thread 0x00002ab35c00b800 Uncommon trap: reason=unreached action=reinterpret pc=0x00002ab360083a10 method=java.util.HashMap.getEntry(Ljava/lang/Object;)Ljava/util/HashMap$Entry; @ 39
Event: 8.897 Thread 0x00002ab35c00b800 Uncommon trap: reason=unreached action=reinterpret pc=0x00002ab3600945c8 method=java.util.HashMap.getEntry(Ljava/lang/Object;)Ljava/util/HashMap$Entry; @ 58
Event: 8.899 Thread 0x00002ab35c00b800 Uncommon trap: reason=unreached action=reinterpret pc=0x00002ab360093310 method=java.util.HashMap.getEntry(Ljava/lang/Object;)Ljava/util/HashMap$Entry; @ 58

Internal exceptions (10 events):
Event: 8.897 Thread 0x00002ab35c00b800 Threw 0x00000006c6142338 at /build/openjdk-7-FO0dNI/openjdk-7-7u79-2.5.6/build/openjdk/hotspot/src/share/vm/prims/jvm.cpp:1284
Event: 8.897 Thread 0x00002ab35c00b800 Threw 0x00000006c6147de0 at /build/openjdk-7-FO0dNI/openjdk-7-7u79-2.5.6/build/openjdk/hotspot/src/share/vm/prims/jvm.cpp:1284
Event: 8.898 Thread 0x00002ab35c00b800 Threw 0x00000006c614bb28 at /build/openjdk-7-FO0dNI/openjdk-7-7u79-2.5.6/build/openjdk/hotspot/src/share/vm/prims/jvm.cpp:1284
Event: 8.898 Thread 0x00002ab35c00b800 Threw 0x00000006c6151788 at /build/openjdk-7-FO0dNI/openjdk-7-7u79-2.5.6/build/openjdk/hotspot/src/share/vm/prims/jvm.cpp:1284
Event: 8.899 Thread 0x00002ab35c00b800 Threw 0x00000006c6155528 at /build/openjdk-7-FO0dNI/openjdk-7-7u79-2.5.6/build/openjdk/hotspot/src/share/vm/prims/jvm.cpp:1284
Event: 8.899 Thread 0x00002ab35c00b800 Threw 0x00000006c6158cd8 at /build/openjdk-7-FO0dNI/openjdk-7-7u79-2.5.6/build/openjdk/hotspot/src/share/vm/prims/jvm.cpp:1284
Event: 9.011 Thread 0x00002ab35c00b800 Threw 0x00000006c63f6460 at /build/openjdk-7-FO0dNI/openjdk-7-7u79-2.5.6/build/openjdk/hotspot/src/share/vm/prims/jvm.cpp:1284
Event: 9.011 Thread 0x00002ab35c00b800 Threw 0x00000006c64024e8 at /build/openjdk-7-FO0dNI/openjdk-7-7u79-2.5.6/build/openjdk/hotspot/src/share/vm/prims/jvm.cpp:1284
Event: 9.013 Thread 0x00002ab35c12e800 Threw 0x00000006c6522610 at /build/openjdk-7-FO0dNI/openjdk-7-7u79-2.5.6/build/openjdk/hotspot/src/share/vm/prims/jvm.cpp:1284
Event: 9.013 Thread 0x00002ab35c12e800 Threw 0x00000006c65264b8 at /build/openjdk-7-FO0dNI/openjdk-7-7u79-2.5.6/build/openjdk/hotspot/src/share/vm/prims/jvm.cpp:1284

Events (10 events):
Event: 9.812 Thread 0x00002ab35c226000 Thread added: 0x00002ab35c226000
Event: 9.823 Thread 0x00002ab35c2f7000 Thread added: 0x00002ab35c2f7000
Event: 9.834 Thread 0x00002ab35c2f9800 Thread added: 0x00002ab35c2f9800
Event: 9.840 Thread 0x00002ab35c2fb800 Thread added: 0x00002ab35c2fb800
Event: 9.846 Thread 0x00002ab35c2fd800 Thread added: 0x00002ab35c2fd800
Event: 9.852 Thread 0x00002ab35c2ff800 Thread added: 0x00002ab35c2ff800
Event: 9.858 Thread 0x00002ab35c329000 Thread added: 0x00002ab35c329000
Event: 9.863 Thread 0x00002ab35c32b000 Thread added: 0x00002ab35c32b000
Event: 9.869 Thread 0x00002ab35c32d000 Thread added: 0x00002ab35c32d000
Event: 9.875 Thread 0x00002ab35c32f000 Thread added: 0x00002ab35c32f000


Dynamic libraries:
00400000-00401000 r-xp 00000000 ca:01 169629                             /usr/lib/jvm/java-7-openjdk-amd64/jre/bin/java
00600000-00601000 r--p 00000000 ca:01 169629                             /usr/lib/jvm/java-7-openjdk-amd64/jre/bin/java
00601000-00602000 rw-p 00001000 ca:01 169629                             /usr/lib/jvm/java-7-openjdk-amd64/jre/bin/java
01b3c000-01b5d000 rw-p 00000000 00:00 0                                  [heap]
400000000-401500000 rw-p 00000000 00:00 0 
401500000-440000000 rw-p 00000000 00:00 0 
440000000-444e80000 rw-p 00000000 00:00 0 
444e80000-6c0000000 rw-p 00000000 00:00 0 
6c0000000-6ccd80000 rw-p 00000000 00:00 0 
6ccd80000-6ccf80000 ---p 00000000 00:00 0 
6ccf80000-800000000 rw-p 00000000 00:00 0 
2ab356561000-2ab356584000 r-xp 00000000 ca:01 429522                     /lib/x86_64-linux-gnu/ld-2.19.so
2ab356584000-2ab356586000 rw-p 00000000 00:00 0 
2ab356586000-2ab356587000 r--p 00000000 00:00 0 
2ab356587000-2ab356588000 rw-p 00000000 00:00 0 
2ab356588000-2ab356590000 rw-s 00000000 ca:1a00 3473412                  /tmp/hsperfdata_adam/3865
2ab356590000-2ab356591000 r--s 00002000 ca:01 169540                     /usr/lib/jvm/java-7-openjdk-amd64/jre/lib/ext/dnsns.jar
2ab356591000-2ab356595000 r--s 00034000 ca:01 169541                     /usr/lib/jvm/java-7-openjdk-amd64/jre/lib/ext/sunjce_provider.jar
2ab356595000-2ab356597000 r--s 00006000 ca:01 45236                      /usr/share/java/java-atk-wrapper.jar
2ab356597000-2ab35659c000 rw-p 00000000 00:00 0 
2ab35659c000-2ab35659f000 ---p 00000000 00:00 0 
2ab35659f000-2ab3566a7000 rw-p 00000000 00:00 0                          [stack:3870]
2ab3566a7000-2ab35675d000 rw-p 00000000 00:00 0 
2ab35675d000-2ab35677e000 rw-p 00000000 00:00 0 
2ab35677e000-2ab356782000 r--s 0003c000 ca:01 169542                     /usr/lib/jvm/java-7-openjdk-amd64/jre/lib/ext/sunpkcs11.jar
2ab356782000-2ab356783000 r--s 00004000 ca:01 925570                     /opt/software/qualimap/qualimap_v2.1.1/lib/batik-xml-1.6-1.jar
2ab356783000-2ab356784000 r--p 00022000 ca:01 429522                     /lib/x86_64-linux-gnu/ld-2.19.so
2ab356784000-2ab356785000 rw-p 00023000 ca:01 429522                     /lib/x86_64-linux-gnu/ld-2.19.so
2ab356785000-2ab356786000 rw-p 00000000 00:00 0 
2ab356786000-2ab356793000 r-xp 00000000 ca:01 169556                     /usr/lib/jvm/java-7-openjdk-amd64/jre/lib/amd64/jli/libjli.so
2ab356793000-2ab356992000 ---p 0000d000 ca:01 169556                     /usr/lib/jvm/java-7-openjdk-amd64/jre/lib/amd64/jli/libjli.so
2ab356992000-2ab356993000 r--p 0000c000 ca:01 169556                     /usr/lib/jvm/java-7-openjdk-amd64/jre/lib/amd64/jli/libjli.so
2ab356993000-2ab356994000 rw-p 0000d000 ca:01 169556                     /usr/lib/jvm/java-7-openjdk-amd64/jre/lib/amd64/jli/libjli.so
2ab356994000-2ab356b4f000 r-xp 00000000 ca:01 429525                     /lib/x86_64-linux-gnu/libc-2.19.so
2ab356b4f000-2ab356d4e000 ---p 001bb000 ca:01 429525                     /lib/x86_64-linux-gnu/libc-2.19.so
2ab356d4e000-2ab356d52000 r--p 001ba000 ca:01 429525                     /lib/x86_64-linux-gnu/libc-2.19.so
2ab356d52000-2ab356d54000 rw-p 001be000 ca:01 429525                     /lib/x86_64-linux-gnu/libc-2.19.so
2ab356d54000-2ab356d59000 rw-p 00000000 00:00 0 
2ab356d59000-2ab356d5c000 r-xp 00000000 ca:01 429513                     /lib/x86_64-linux-gnu/libdl-2.19.so
2ab356d5c000-2ab356f5b000 ---p 00003000 ca:01 429513                     /lib/x86_64-linux-gnu/libdl-2.19.so
2ab356f5b000-2ab356f5c000 r--p 00002000 ca:01 429513                     /lib/x86_64-linux-gnu/libdl-2.19.so
2ab356f5c000-2ab356f5d000 rw-p 00003000 ca:01 429513                     /lib/x86_64-linux-gnu/libdl-2.19.so
2ab356f5d000-2ab356f76000 r-xp 00000000 ca:01 429526                     /lib/x86_64-linux-gnu/libpthread-2.19.so
2ab356f76000-2ab357175000 ---p 00019000 ca:01 429526                     /lib/x86_64-linux-gnu/libpthread-2.19.so
2ab357175000-2ab357176000 r--p 00018000 ca:01 429526                     /lib/x86_64-linux-gnu/libpthread-2.19.so
2ab357176000-2ab357177000 rw-p 00019000 ca:01 429526                     /lib/x86_64-linux-gnu/libpthread-2.19.so
2ab357177000-2ab35717b000 rw-p 00000000 00:00 0 
2ab35717b000-2ab357193000 r-xp 00000000 ca:01 396077                     /lib/x86_64-linux-gnu/libz.so.1.2.8
2ab357193000-2ab357392000 ---p 00018000 ca:01 396077                     /lib/x86_64-linux-gnu/libz.so.1.2.8
2ab357392000-2ab357393000 r--p 00017000 ca:01 396077                     /lib/x86_64-linux-gnu/libz.so.1.2.8
2ab357393000-2ab357394000 rw-p 00018000 ca:01 396077                     /lib/x86_64-linux-gnu/libz.so.1.2.8
2ab357394000-2ab357ead000 r-xp 00000000 ca:01 169558                     /usr/lib/jvm/java-7-openjdk-amd64/jre/lib/amd64/server/libjvm.so
2ab357ead000-2ab3580ad000 ---p 00b19000 ca:01 169558                     /usr/lib/jvm/java-7-openjdk-amd64/jre/lib/amd64/server/libjvm.so
2ab3580ad000-2ab358147000 r--p 00b19000 ca:01 169558                     /usr/lib/jvm/java-7-openjdk-amd64/jre/lib/amd64/server/libjvm.so
2ab358147000-2ab35816a000 rw-p 00bb3000 ca:01 169558                     /usr/lib/jvm/java-7-openjdk-amd64/jre/lib/amd64/server/libjvm.so
2ab35816a000-2ab358198000 rw-p 00000000 00:00 0 
2ab358198000-2ab35827e000 r-xp 00000000 ca:01 811                        /usr/lib/x86_64-linux-gnu/libstdc++.so.6.0.19
2ab35827e000-2ab35847d000 ---p 000e6000 ca:01 811                        /usr/lib/x86_64-linux-gnu/libstdc++.so.6.0.19
2ab35847d000-2ab358485000 r--p 000e5000 ca:01 811                        /usr/lib/x86_64-linux-gnu/libstdc++.so.6.0.19
2ab358485000-2ab358487000 rw-p 000ed000 ca:01 811                        /usr/lib/x86_64-linux-gnu/libstdc++.so.6.0.19
2ab358487000-2ab35849c000 rw-p 00000000 00:00 0 
2ab35849c000-2ab3585a1000 r-xp 00000000 ca:01 429508                     /lib/x86_64-linux-gnu/libm-2.19.so
2ab3585a1000-2ab3587a0000 ---p 00105000 ca:01 429508                     /lib/x86_64-linux-gnu/libm-2.19.so
2ab3587a0000-2ab3587a1000 r--p 00104000 ca:01 429508                     /lib/x86_64-linux-gnu/libm-2.19.so
2ab3587a1000-2ab3587a2000 rw-p 00105000 ca:01 429508                     /lib/x86_64-linux-gnu/libm-2.19.so
2ab3587a2000-2ab3587b8000 r-xp 00000000 ca:01 395112                     /lib/x86_64-linux-gnu/libgcc_s.so.1
2ab3587b8000-2ab3589b7000 ---p 00016000 ca:01 395112                     /lib/x86_64-linux-gnu/libgcc_s.so.1
2ab3589b7000-2ab3589b8000 rw-p 00015000 ca:01 395112                     /lib/x86_64-linux-gnu/libgcc_s.so.1
2ab3589b8000-2ab3589bf000 r-xp 00000000 ca:01 429528                     /lib/x86_64-linux-gnu/librt-2.19.so
2ab3589bf000-2ab358bbe000 ---p 00007000 ca:01 429528                     /lib/x86_64-linux-gnu/librt-2.19.so
2ab358bbe000-2ab358bbf000 r--p 00006000 ca:01 429528                     /lib/x86_64-linux-gnu/librt-2.19.so
2ab358bbf000-2ab358bc0000 rw-p 00007000 ca:01 429528                     /lib/x86_64-linux-gnu/librt-2.19.so
2ab358bc0000-2ab358bd0000 r-xp 00000000 ca:01 169571                     /usr/lib/jvm/java-7-openjdk-amd64/jre/lib/amd64/libverify.so
2ab358bd0000-2ab358dcf000 ---p 00010000 ca:01 169571                     /usr/lib/jvm/java-7-openjdk-amd64/jre/lib/amd64/libverify.so
2ab358dcf000-2ab358dd1000 r--p 0000f000 ca:01 169571                     /usr/lib/jvm/java-7-openjdk-amd64/jre/lib/amd64/libverify.so
2ab358dd1000-2ab358dd2000 rw-p 00011000 ca:01 169571                     /usr/lib/jvm/java-7-openjdk-amd64/jre/lib/amd64/libverify.so
2ab358dd2000-2ab358dfd000 r-xp 00000000 ca:01 169592                     /usr/lib/jvm/java-7-openjdk-amd64/jre/lib/amd64/libjava.so
2ab358dfd000-2ab358ffc000 ---p 0002b000 ca:01 169592                     /usr/lib/jvm/java-7-openjdk-amd64/jre/lib/amd64/libjava.so
2ab358ffc000-2ab358ffd000 r--p 0002a000 ca:01 169592                     /usr/lib/jvm/java-7-openjdk-amd64/jre/lib/amd64/libjava.so
2ab358ffd000-2ab358fff000 rw-p 0002b000 ca:01 169592                     /usr/lib/jvm/java-7-openjdk-amd64/jre/lib/amd64/libjava.so
2ab358fff000-2ab359008000 r-xp 00000000 ca:01 429519                     /lib/x86_64-linux-gnu/libnss_compat-2.19.so
2ab359008000-2ab359207000 ---p 00009000 ca:01 429519                     /lib/x86_64-linux-gnu/libnss_compat-2.19.so
2ab359207000-2ab359208000 r--p 00008000 ca:01 429519                     /lib/x86_64-linux-gnu/libnss_compat-2.19.so
2ab359208000-2ab359209000 rw-p 00009000 ca:01 429519                     /lib/x86_64-linux-gnu/libnss_compat-2.19.so
2ab359209000-2ab359220000 r-xp 00000000 ca:01 429520                     /lib/x86_64-linux-gnu/libnsl-2.19.so
2ab359220000-2ab35941f000 ---p 00017000 ca:01 429520                     /lib/x86_64-linux-gnu/libnsl-2.19.so
2ab35941f000-2ab359420000 r--p 00016000 ca:01 429520                     /lib/x86_64-linux-gnu/libnsl-2.19.so
2ab359420000-2ab359421000 rw-p 00017000 ca:01 429520                     /lib/x86_64-linux-gnu/libnsl-2.19.so
2ab359421000-2ab359423000 rw-p 00000000 00:00 0 
2ab359423000-2ab35942e000 r-xp 00000000 ca:01 429531                     /lib/x86_64-linux-gnu/libnss_nis-2.19.so
2ab35942e000-2ab35962d000 ---p 0000b000 ca:01 429531                     /lib/x86_64-linux-gnu/libnss_nis-2.19.so
2ab35962d000-2ab35962e000 r--p 0000a000 ca:01 429531                     /lib/x86_64-linux-gnu/libnss_nis-2.19.so
2ab35962e000-2ab35962f000 rw-p 0000b000 ca:01 429531                     /lib/x86_64-linux-gnu/libnss_nis-2.19.so
2ab35962f000-2ab35963a000 r-xp 00000000 ca:01 429509                     /lib/x86_64-linux-gnu/libnss_files-2.19.so
2ab35963a000-2ab359839000 ---p 0000b000 ca:01 429509                     /lib/x86_64-linux-gnu/libnss_files-2.19.so
2ab359839000-2ab35983a000 r--p 0000a000 ca:01 429509                     /lib/x86_64-linux-gnu/libnss_files-2.19.so
2ab35983a000-2ab35983b000 rw-p 0000b000 ca:01 429509                     /lib/x86_64-linux-gnu/libnss_files-2.19.so
2ab35983b000-2ab359843000 r-xp 00000000 ca:01 169554                     /usr/lib/jvm/java-7-openjdk-amd64/jre/lib/amd64/libzip.so
2ab359843000-2ab359a42000 ---p 00008000 ca:01 169554                     /usr/lib/jvm/java-7-openjdk-amd64/jre/lib/amd64/libzip.so
2ab359a42000-2ab359a43000 r--p 00007000 ca:01 169554                     /usr/lib/jvm/java-7-openjdk-amd64/jre/lib/amd64/libzip.so
2ab359a43000-2ab359a44000 rw-p 00008000 ca:01 169554                     /usr/lib/jvm/java-7-openjdk-amd64/jre/lib/amd64/libzip.so
2ab359a44000-2ab359a4f000 rw-p 00000000 00:00 0 
2ab359a4f000-2ab359c44000 rw-p 00000000 00:00 0 
2ab359c44000-2ab359c6c000 rw-p 00000000 00:00 0 
2ab359c6c000-2ab35b044000 rw-p 00000000 00:00 0 
2ab35b044000-2ab35b0ab000 rw-p 00000000 00:00 0 
2ab35b0ab000-2ab35b0ac000 ---p 00000000 00:00 0 
2ab35b0ac000-2ab35ba44000 rw-p 00000000 00:00 0 
2ab35ba44000-2ab35ba50000 rw-p 00000000 00:00 0 
2ab35ba50000-2ab35bc45000 rw-p 00000000 00:00 0 
2ab35bc45000-2ab35bc46000 ---p 00000000 00:00 0 
2ab35bc46000-2ab35bd46000 rw-p 00000000 00:00 0                          [stack:3875]
2ab35bd46000-2ab35bd47000 ---p 00000000 00:00 0 
2ab35bd47000-2ab35be47000 rw-p 00000000 00:00 0                          [stack:3876]
2ab35be47000-2ab35be48000 ---p 00000000 00:00 0 
2ab35be48000-2ab35bfec000 rw-p 00000000 00:00 0                          [stack:3877]
2ab35bfec000-2ab35bff0000 r--s 00085000 ca:01 169539                     /usr/lib/jvm/java-7-openjdk-amd64/jre/lib/ext/localedata.jar
2ab35bff0000-2ab35bff2000 r--s 00012000 ca:01 169545                     /usr/lib/jvm/java-7-openjdk-amd64/jre/lib/ext/zipfs.jar
2ab35bff2000-2ab35bff5000 r--s 0000f000 ca:01 169544                     /usr/lib/jvm/java-7-openjdk-amd64/jre/lib/ext/icedtea-sound.jar
2ab35bff5000-2ab35bffc000 r--s 000ee000 ca:01 925601                     /opt/software/qualimap/qualimap_v2.1.1/qualimap.jar
2ab35bffc000-2ab35bffe000 r--s 00005000 ca:01 925557                     /opt/software/qualimap/qualimap_v2.1.1/lib/bioinfo-tool-0.9.0.jar
2ab35bffe000-2ab35c000000 r--s 00008000 ca:01 925590                     /opt/software/qualimap/qualimap_v2.1.1/lib/batik-parser-1.6-1.jar
2ab35c000000-2ab35c5a7000 rw-p 00000000 00:00 0 
2ab35c5a7000-2ab360000000 ---p 00000000 00:00 0 
2ab360000000-2ab360270000 rwxp 00000000 00:00 0 
2ab360270000-2ab363000000 rw-p 00000000 00:00 0 
2ab363000000-2ab363028000 rw-p 00000000 00:00 0 
2ab363028000-2ab364400000 rw-p 00000000 00:00 0 
2ab364400000-2ab364401000 ---p 00000000 00:00 0 
2ab364401000-2ab364501000 rw-p 00000000 00:00 0                          [stack:3878]
2ab364501000-2ab364502000 ---p 00000000 00:00 0 
2ab364502000-2ab364602000 rw-p 00000000 00:00 0                          [stack:3879]
2ab364602000-2ab364603000 ---p 00000000 00:00 0 
2ab364603000-2ab364703000 rw-p 00000000 00:00 0                          [stack:3880]
2ab364703000-2ab364704000 ---p 00000000 00:00 0 
2ab364704000-2ab364804000 rw-p 00000000 00:00 0                          [stack:3881]
2ab364804000-2ab364805000 ---p 00000000 00:00 0 
2ab364805000-2ab364905000 rw-p 00000000 00:00 0                          [stack:3882]
2ab364905000-2ab364906000 ---p 00000000 00:00 0 
2ab364906000-2ab364a06000 rw-p 00000000 00:00 0                          [stack:3883]
2ab364a06000-2ab364a07000 ---p 00000000 00:00 0 
2ab364a07000-2ab364b07000 rw-p 00000000 00:00 0                          [stack:3884]
2ab364b07000-2ab364b08000 ---p 00000000 00:00 0 
2ab364b08000-2ab364c08000 rw-p 00000000 00:00 0                          [stack:3885]
2ab364c08000-2ab364c09000 ---p 00000000 00:00 0 
2ab364c09000-2ab364d09000 rw-p 00000000 00:00 0                          [stack:3886]
2ab364d09000-2ab364d0a000 ---p 00000000 00:00 0 
2ab364d0a000-2ab364e0a000 rw-p 00000000 00:00 0                          [stack:3887]
2ab364e0a000-2ab364e0b000 ---p 00000000 00:00 0 
2ab364e0b000-2ab364f0b000 rw-p 00000000 00:00 0                          [stack:3888]
2ab364f0b000-2ab364f0c000 ---p 00000000 00:00 0 
2ab364f0c000-2ab36500c000 rw-p 00000000 00:00 0                          [stack:3889]
2ab36500c000-2ab36500d000 ---p 00000000 00:00 0 
2ab36500d000-2ab36510d000 rw-p 00000000 00:00 0                          [stack:3890]
2ab36510d000-2ab36510e000 ---p 00000000 00:00 0 
2ab36510e000-2ab36520e000 rw-p 00000000 00:00 0                          [stack:3891]
2ab36520e000-2ab36520f000 ---p 00000000 00:00 0 
2ab36520f000-2ab36530f000 rw-p 00000000 00:00 0                          [stack:3892]
2ab36530f000-2ab365310000 ---p 00000000 00:00 0 
2ab365310000-2ab365410000 rw-p 00000000 00:00 0                          [stack:3893]
2ab365410000-2ab365411000 ---p 00000000 00:00 0 
2ab365411000-2ab365511000 rw-p 00000000 00:00 0                          [stack:3894]
2ab365511000-2ab365512000 ---p 00000000 00:00 0 
2ab365512000-2ab365612000 rw-p 00000000 00:00 0                          [stack:3895]
2ab365612000-2ab365613000 ---p 00000000 00:00 0 
2ab365613000-2ab365713000 rw-p 00000000 00:00 0                          [stack:3896]
2ab365713000-2ab365714000 ---p 00000000 00:00 0 
2ab365714000-2ab3679ca000 rw-p 00000000 00:00 0                          [stack:3897]
2ab3679ca000-2ab367b7b000 r--s 01d29000 ca:01 169520                     /usr/lib/jvm/java-7-openjdk-amd64/jre/lib/rt.jar
2ab367b7b000-2ab367fe9000 rw-p 00000000 00:00 0 
2ab367fe9000-2ab367ffa000 r--s 000bb000 ca:01 925576                     /opt/software/qualimap/qualimap_v2.1.1/lib/xercesImpl-2.2.1.jar
2ab367ffa000-2ab367ffb000 r--s 00006000 ca:01 925574                     /opt/software/qualimap/qualimap_v2.1.1/lib/sax-2.0.1.jar
2ab367ffb000-2ab367ffd000 r--s 00008000 ca:01 925586                     /opt/software/qualimap/qualimap_v2.1.1/lib/batik-rasterizer-1.6-1.jar
2ab367ffd000-2ab368000000 r--s 0000c000 ca:01 925592                     /opt/software/qualimap/qualimap_v2.1.1/lib/avalon-framework-4.0.jar
2ab368000000-2ab368021000 rw-p 00000000 00:00 0 
2ab368021000-2ab36c000000 ---p 00000000 00:00 0 
2ab36c000000-2ab36c021000 rw-p 00000000 00:00 0 
2ab36c021000-2ab370000000 ---p 00000000 00:00 0 
2ab370000000-2ab370021000 rw-p 00000000 00:00 0 
2ab370021000-2ab374000000 ---p 00000000 00:00 0 
2ab374000000-2ab374021000 rw-p 00000000 00:00 0 
2ab374021000-2ab378000000 ---p 00000000 00:00 0 
2ab378000000-2ab378021000 rw-p 00000000 00:00 0 
2ab378021000-2ab37c000000 ---p 00000000 00:00 0 
2ab37c000000-2ab37c021000 rw-p 00000000 00:00 0 
2ab37c021000-2ab380000000 ---p 00000000 00:00 0 
2ab380000000-2ab380021000 rw-p 00000000 00:00 0 
2ab380021000-2ab384000000 ---p 00000000 00:00 0 
2ab384000000-2ab384021000 rw-p 00000000 00:00 0 
2ab384021000-2ab388000000 ---p 00000000 00:00 0 
2ab388000000-2ab388021000 rw-p 00000000 00:00 0 
2ab388021000-2ab38c000000 ---p 00000000 00:00 0 
2ab38c000000-2ab38c021000 rw-p 00000000 00:00 0 
2ab38c021000-2ab390000000 ---p 00000000 00:00 0 
2ab390000000-2ab390021000 rw-p 00000000 00:00 0 
2ab390021000-2ab394000000 ---p 00000000 00:00 0 
2ab394000000-2ab394021000 rw-p 00000000 00:00 0 
2ab394021000-2ab398000000 ---p 00000000 00:00 0 
2ab398000000-2ab398021000 rw-p 00000000 00:00 0 
2ab398021000-2ab39c000000 ---p 00000000 00:00 0 
2ab39c000000-2ab39c021000 rw-p 00000000 00:00 0 
2ab39c021000-2ab3a0000000 ---p 00000000 00:00 0 
2ab3a0000000-2ab3a0021000 rw-p 00000000 00:00 0 
2ab3a0021000-2ab3a4000000 ---p 00000000 00:00 0 
2ab3a4000000-2ab3a4021000 rw-p 00000000 00:00 0 
2ab3a4021000-2ab3a8000000 ---p 00000000 00:00 0 
2ab3a8000000-2ab3a8021000 rw-p 00000000 00:00 0 
2ab3a8021000-2ab3ac000000 ---p 00000000 00:00 0 
2ab3ac000000-2ab3ac021000 rw-p 00000000 00:00 0 
2ab3ac021000-2ab3b0000000 ---p 00000000 00:00 0 
2ab3b0000000-2ab3b0021000 rw-p 00000000 00:00 0 
2ab3b0021000-2ab3b4000000 ---p 00000000 00:00 0 
2ab3b4000000-2ab3b7ff2000 rw-p 00000000 00:00 0 
2ab3b7ff2000-2ab3b8000000 r--s 000ee000 ca:01 925580                     /opt/software/qualimap/qualimap_v2.1.1/lib/xalan-2.4.1.jar
2ab3b8000000-2ab3b8021000 rw-p 00000000 00:00 0 
2ab3b8021000-2ab3bc000000 ---p 00000000 00:00 0 
2ab3bc000000-2ab3bc021000 rw-p 00000000 00:00 0 
2ab3bc021000-2ab3c0000000 ---p 00000000 00:00 0 
2ab3c0000000-2ab3c0021000 rw-p 00000000 00:00 0 
2ab3c0021000-2ab3c4000000 ---p 00000000 00:00 0 
2ab3c4000000-2ab3c4021000 rw-p 00000000 00:00 0 
2ab3c4021000-2ab3c8000000 ---p 00000000 00:00 0 
2ab3c8000000-2ab3e8707000 rw-p 00000000 00:00 0 
2ab3e8707000-2ab3e8708000 ---p 00000000 00:00 0 
2ab3e8708000-2ab3e8808000 rw-p 00000000 00:00 0                          [stack:3923]
2ab3e8808000-2ab3e880b000 ---p 00000000 00:00 0 
2ab3e880b000-2ab3e8909000 rw-p 00000000 00:00 0                          [stack:3925]
2ab3e8909000-2ab3e890c000 ---p 00000000 00:00 0 
2ab3e890c000-2ab3e8a0a000 rw-p 00000000 00:00 0                          [stack:3926]
2ab3e8a0a000-2ab3e8d81000 r--p 00000000 ca:01 1568                       /usr/lib/locale/locale-archive
2ab3e8d81000-2ab3e8d84000 ---p 00000000 00:00 0 
2ab3e8d84000-2ab3e8e82000 rw-p 00000000 00:00 0                          [stack:3929]
2ab3e8e82000-2ab3e8e85000 ---p 00000000 00:00 0 
2ab3e8e85000-2ab3e8f83000 rw-p 00000000 00:00 0                          [stack:3930]
2ab3e8f83000-2ab3e8f86000 ---p 00000000 00:00 0 
2ab3e8f86000-2ab3e9084000 rw-p 00000000 00:00 0                          [stack:3933]
2ab3e9084000-2ab3e9087000 ---p 00000000 00:00 0 
2ab3e9087000-2ab3e9185000 rw-p 00000000 00:00 0                          [stack:3935]
2ab3e9185000-2ab3e9186000 ---p 00000000 00:00 0 
2ab3e9186000-2ab3e9286000 rw-p 00000000 00:00 0                          [stack:3937]
2ab3e9286000-2ab3e929f000 r--s 0015b000 ca:01 925587                     /opt/software/qualimap/qualimap_v2.1.1/lib/fop-0.20.5.jar
2ab3e929f000-2ab3e92ab000 r--s 0005d000 ca:01 925556                     /opt/software/qualimap/qualimap_v2.1.1/lib/batik-svg-dom-1.6-1.jar
2ab3e92ab000-2ab3e92b1000 r--s 00024000 ca:01 925579                     /opt/software/qualimap/qualimap_v2.1.1/lib/bioinfo-formats-0.2.0.jar
2ab3e92b1000-2ab3e92c1000 r--s 0013f000 ca:01 925561                     /opt/software/qualimap/qualimap_v2.1.1/lib/jfreechart-1.0.12.jar
2ab3e92c1000-2ab3e92c9000 r--s 00033000 ca:01 925567                     /opt/software/qualimap/qualimap_v2.1.1/lib/batik-css-1.6-1.jar
2ab3e92c9000-2ab3e92f2000 r--s 001db000 ca:01 925581                     /opt/software/qualimap/qualimap_v2.1.1/lib/batik-1.5-fop-0.20-5.jar
2ab3e92f2000-2ab3e92fc000 r--s 0014a000 ca:01 925571                     /opt/software/qualimap/qualimap_v2.1.1/lib/picard-1.70.jar
2ab3e92fc000-2ab3e92fd000 r--s 00006000 ca:01 925599                     /opt/software/qualimap/qualimap_v2.1.1/lib/bioinfo-report-0.1.0.jar
2ab3e92fd000-2ab3e9301000 r--s 0002e000 ca:01 925564                     /opt/software/qualimap/qualimap_v2.1.1/lib/miglayout-3.7.4.jar
2ab3e9301000-2ab3e9305000 r--s 00010000 ca:01 925573                     /opt/software/qualimap/qualimap_v2.1.1/lib/xmlParserAPIs-2.0.2.jar
2ab3e9305000-2ab3e9311000 r--s 0010a000 ca:01 925597                     /opt/software/qualimap/qualimap_v2.1.1/lib/itext-2.1.6.jar
2ab3e9311000-2ab3e93f7000 r--s 00d5a000 ca:01 925569                     /opt/software/qualimap/qualimap_v2.1.1/lib/paxtools-1.0b1.jar
2ab3e93f7000-2ab3e941e000 rw-p 00000000 00:00 0 
2ab3e941e000-2ab3e9422000 r--s 00026000 ca:01 925578                     /opt/software/qualimap/qualimap_v2.1.1/lib/batik-gvt-1.6-1.jar
2ab3e9422000-2ab3e9426000 r--s 00088000 ca:01 925555                     /opt/software/qualimap/qualimap_v2.1.1/lib/samtools-1.70.jar
2ab3e9426000-2ab3e9437000 r--s 000bb000 ca:01 925566                     /opt/software/qualimap/qualimap_v2.1.1/lib/commons-math-2.1.jar
2ab3e9437000-2ab3e943a000 r--s 00013000 ca:01 925558                     /opt/software/qualimap/qualimap_v2.1.1/lib/batik-dom-1.6-1.jar
2ab3e943a000-2ab3e943d000 r--s 0000d000 ca:01 925585                     /opt/software/qualimap/qualimap_v2.1.1/lib/batik-transcoder-1.6-1.jar
2ab3e943d000-2ab3e9443000 r--s 0003e000 ca:01 925588                     /opt/software/qualimap/qualimap_v2.1.1/lib/batik-bridge-1.6-1.jar
2ab3e9443000-2ab3e9448000 r--s 0023f000 ca:01 925565                     /opt/software/qualimap/qualimap_v2.1.1/lib/sqlite-jdbc-3.6.16.jar
2ab3e9448000-2ab3e944b000 r--s 00023000 ca:01 925594                     /opt/software/qualimap/qualimap_v2.1.1/lib/jdom-1.1.jar
2ab3e944b000-2ab3e9450000 r--s 0000e000 ca:01 925582                     /opt/software/qualimap/qualimap_v2.1.1/lib/batik-ext-1.6-1.jar
2ab3e9450000-2ab3e9452000 r--s 0000e000 ca:01 925584                     /opt/software/qualimap/qualimap_v2.1.1/lib/bioinfo-graphics-0.4.0.jar
2ab3e9452000-2ab3e9454000 r--s 00012000 ca:01 925591                     /opt/software/qualimap/qualimap_v2.1.1/lib/batik-util-1.6-1.jar
2ab3e9454000-2ab3e9457000 r--s 00007000 ca:01 925563                     /opt/software/qualimap/qualimap_v2.1.1/lib/batik-script-1.6-1.jar
2ab3e9457000-2ab3e945a000 r--s 00027000 ca:01 925600                     /opt/software/qualimap/qualimap_v2.1.1/lib/nestedvm-1.0.jar
2ab3e945a000-2ab3e945c000 r--s 0000c000 ca:01 925595                     /opt/software/qualimap/qualimap_v2.1.1/lib/bioinfo-math-0.3.0.jar
2ab3e945c000-2ab3e945e000 r--s 00012000 ca:01 925562                     /opt/software/qualimap/qualimap_v2.1.1/lib/bioinfo-commons-0.10.1.jar
2ab3e945e000-2ab3e9467000 r--s 00052000 ca:01 925598                     /opt/software/qualimap/qualimap_v2.1.1/lib/batik-awt-util-1.6-1.jar
2ab3e9467000-2ab3e946c000 r--s 00055000 ca:01 925577                     /opt/software/qualimap/qualimap_v2.1.1/lib/bioinfo-ngs-0.1.0.jar
2ab3e946c000-2ab3e946d000 r--s 00005000 ca:01 925572                     /opt/software/qualimap/qualimap_v2.1.1/lib/bioinfo-chart-0.3.0.jar
2ab3e946d000-2ab3e946f000 r--s 00009000 ca:01 925559                     /opt/software/qualimap/qualimap_v2.1.1/lib/commons-cli-1.2.jar
2ab3e946f000-2ab3e9472000 ---p 00000000 00:00 0 
2ab3e9472000-2ab3e9570000 rw-p 00000000 00:00 0                          [stack:3939]
2ab3e9570000-2ab3e9573000 ---p 00000000 00:00 0 
2ab3e9573000-2ab3e9671000 rw-p 00000000 00:00 0                          [stack:3941]
2ab3e9671000-2ab3e9674000 ---p 00000000 00:00 0 
2ab3e9674000-2ab3e9772000 rw-p 00000000 00:00 0                          [stack:3944]
2ab3e9772000-2ab3e9775000 ---p 00000000 00:00 0 
2ab3e9775000-2ab3e9873000 rw-p 00000000 00:00 0                          [stack:3945]
2ab3e9873000-2ab3e9876000 ---p 00000000 00:00 0 
2ab3e9876000-2ab3e9974000 rw-p 00000000 00:00 0                          [stack:3949]
2ab3e9974000-2ab3e9977000 ---p 00000000 00:00 0 
2ab3e9977000-2ab3e9a75000 rw-p 00000000 00:00 0                          [stack:3951]
2ab3e9a75000-2ab3e9a78000 ---p 00000000 00:00 0 
2ab3e9a78000-2ab3e9b76000 rw-p 00000000 00:00 0                          [stack:3953]
2ab3e9b76000-2ab3e9b79000 ---p 00000000 00:00 0 
2ab3e9b79000-2ab3e9c77000 rw-p 00000000 00:00 0                          [stack:3954]
2ab3e9c77000-2ab3e9c7a000 ---p 00000000 00:00 0 
2ab3e9c7a000-2ab3e9d78000 rw-p 00000000 00:00 0                          [stack:3956]
2ab3e9d78000-2ab3e9d7b000 ---p 00000000 00:00 0 
2ab3e9d7b000-2ab3e9e79000 rw-p 00000000 00:00 0                          [stack:3958]
2ab3e9e79000-2ab3e9e7c000 ---p 00000000 00:00 0 
2ab3e9e7c000-2ab3e9f7a000 rw-p 00000000 00:00 0                          [stack:3960]
2ab3e9f7a000-2ab3e9f7d000 ---p 00000000 00:00 0 
2ab3e9f7d000-2ab3ea07b000 rw-p 00000000 00:00 0                          [stack:3962]
2ab3ea07b000-2ab3ea07e000 ---p 00000000 00:00 0 
2ab3ea07e000-2ab3ea17c000 rw-p 00000000 00:00 0                          [stack:3964]
2ab3ea17c000-2ab3ea17f000 ---p 00000000 00:00 0 
2ab3ea17f000-2ab3ea27d000 rw-p 00000000 00:00 0                          [stack:3966]
2ab3ea27d000-2ab3ea280000 ---p 00000000 00:00 0 
2ab3ea280000-2ab3ea37e000 rw-p 00000000 00:00 0                          [stack:3968]
2ab3ea37e000-2ab3ea381000 ---p 00000000 00:00 0 
2ab3ea381000-2ab3ea47f000 rw-p 00000000 00:00 0                          [stack:3970]
2ab3ea47f000-2ab3ea482000 ---p 00000000 00:00 0 
2ab3ea482000-2ab3ea580000 rw-p 00000000 00:00 0                          [stack:3972]
2ab3ea580000-2ab3ea583000 ---p 00000000 00:00 0 
2ab3ea583000-2ab3ea782000 rw-p 00000000 00:00 0                          [stack:3975]
2ab3ec000000-2ab3ec021000 rw-p 00000000 00:00 0 
2ab3ec021000-2ab3f0000000 ---p 00000000 00:00 0 
2ab3f0000000-2ab3f0021000 rw-p 00000000 00:00 0 
2ab3f0021000-2ab3f4000000 ---p 00000000 00:00 0 
2ab3f4000000-2ab3f4021000 rw-p 00000000 00:00 0 
2ab3f4021000-2ab3f8000000 ---p 00000000 00:00 0 
2ab3f8000000-2ab3f8021000 rw-p 00000000 00:00 0 
2ab3f8021000-2ab3fc000000 ---p 00000000 00:00 0 
2ab3fc000000-2ab3fc827000 rw-p 00000000 00:00 0 
2ab3fc827000-2ab400000000 ---p 00000000 00:00 0 
2ab400000000-2ab40082c000 rw-p 00000000 00:00 0 
2ab40082c000-2ab404000000 ---p 00000000 00:00 0 
2ab404000000-2ab404021000 rw-p 00000000 00:00 0 
2ab404021000-2ab408000000 ---p 00000000 00:00 0 
2ab408000000-2ab408021000 rw-p 00000000 00:00 0 
2ab408021000-2ab40c000000 ---p 00000000 00:00 0 
2ab40c000000-2ab40c021000 rw-p 00000000 00:00 0 
2ab40c021000-2ab410000000 ---p 00000000 00:00 0 
2ab410000000-2ab410021000 rw-p 00000000 00:00 0 
2ab410021000-2ab414000000 ---p 00000000 00:00 0 
2ab414000000-2ab414021000 rw-p 00000000 00:00 0 
2ab414021000-2ab418000000 ---p 00000000 00:00 0 
2ab418000000-2ab418021000 rw-p 00000000 00:00 0 
2ab418021000-2ab41c000000 ---p 00000000 00:00 0 
2ab41c000000-2ab41c021000 rw-p 00000000 00:00 0 
2ab41c021000-2ab420000000 ---p 00000000 00:00 0 
2ab420000000-2ab420021000 rw-p 00000000 00:00 0 
2ab420021000-2ab424000000 ---p 00000000 00:00 0 
2ab424000000-2ab424021000 rw-p 00000000 00:00 0 
2ab424021000-2ab428000000 ---p 00000000 00:00 0 
2ab428000000-2ab428021000 rw-p 00000000 00:00 0 
2ab428021000-2ab42c000000 ---p 00000000 00:00 0 
2ab42c000000-2ab42c021000 rw-p 00000000 00:00 0 
2ab42c021000-2ab430000000 ---p 00000000 00:00 0 
2ab430000000-2ab430021000 rw-p 00000000 00:00 0 
2ab430021000-2ab434000000 ---p 00000000 00:00 0 
2ab434000000-2ab434021000 rw-p 00000000 00:00 0 
2ab434021000-2ab438000000 ---p 00000000 00:00 0 
2ab438000000-2ab438021000 rw-p 00000000 00:00 0 
2ab438021000-2ab43c000000 ---p 00000000 00:00 0 
2ab43c000000-2ab43c021000 rw-p 00000000 00:00 0 
2ab43c021000-2ab440000000 ---p 00000000 00:00 0 
2ab440000000-2ab440021000 rw-p 00000000 00:00 0 
2ab440021000-2ab444000000 ---p 00000000 00:00 0 
2ab444000000-2ab444021000 rw-p 00000000 00:00 0 
2ab444021000-2ab448000000 ---p 00000000 00:00 0 
2ab448000000-2ab448021000 rw-p 00000000 00:00 0 
2ab448021000-2ab44c000000 ---p 00000000 00:00 0 
2ab44c000000-2ab44c021000 rw-p 00000000 00:00 0 
2ab44c021000-2ab450000000 ---p 00000000 00:00 0 
2ab450000000-2ab450021000 rw-p 00000000 00:00 0 
2ab450021000-2ab454000000 ---p 00000000 00:00 0 
7fff2ddbd000-7fff2ddde000 rw-p 00000000 00:00 0                          [stack]
7fff2ddfc000-7fff2ddfe000 r-xp 00000000 00:00 0                          [vdso]
7fff2ddfe000-7fff2de00000 r--p 00000000 00:00 0                          [vvar]
ffffffffff600000-ffffffffff601000 r-xp 00000000 00:00 0                  [vsyscall]

VM Arguments:
jvm_args: -Xms32m -Xmx15G -XX:MaxPermSize=1024m 
java_command: org.bioinfo.ngs.qc.qualimap.main.NgsSmartMain bamqc -gd HUMAN -sd -gff /data/database/avera/MedExome_hg19_capture_targets_6.bed -bam /data/storage/patients/alignments/CCD315-T1-DNA/CCD315-T1-DNA_realigned_sorted.bam -outdir /data/storage/patients/qualimap/CCD315-T1-DNA
Launcher Type: SUN_STANDARD

Environment Variables:
PATH=/opt/software/qualimap/qualimap_v2.1.1:/tmp/2990.1.all.q:/home/adam/.virtualenvs/op2/bin:/usr/local/sbin:/usr/local/bin:/usr/sbin:/usr/bin:/sbin:/bin:/usr/games:/usr/local/games:/opt/sge6/bin/linux-x64
SHELL=/bin/bash

Signal Handlers:
SIGSEGV: [libjvm.so+0x94bab0], sa_mask[0]=0x7ffbfeff, sa_flags=0x10000004
SIGBUS: [libjvm.so+0x94bab0], sa_mask[0]=0x7ffbfeff, sa_flags=0x10000004
SIGFPE: [libjvm.so+0x7c38b0], sa_mask[0]=0x7ffbfeff, sa_flags=0x10000004
SIGPIPE: [libjvm.so+0x7c38b0], sa_mask[0]=0x7ffbfeff, sa_flags=0x10000004
SIGXFSZ: [libjvm.so+0x7c38b0], sa_mask[0]=0x7ffbfeff, sa_flags=0x10000004
SIGILL: [libjvm.so+0x7c38b0], sa_mask[0]=0x7ffbfeff, sa_flags=0x10000004
SIGUSR1: SIG_DFL, sa_mask[0]=0x00000000, sa_flags=0x00000000
SIGUSR2: [libjvm.so+0x7c3750], sa_mask[0]=0x00000000, sa_flags=0x10000004
SIGHUP: [libjvm.so+0x7c3930], sa_mask[0]=0x7ffbfeff, sa_flags=0x10000004
SIGINT: [libjvm.so+0x7c3930], sa_mask[0]=0x7ffbfeff, sa_flags=0x10000004
SIGTERM: [libjvm.so+0x7c3930], sa_mask[0]=0x7ffbfeff, sa_flags=0x10000004
SIGQUIT: [libjvm.so+0x7c3930], sa_mask[0]=0x7ffbfeff, sa_flags=0x10000004
SIGTRAP: SIG_DFL, sa_mask[0]=0x00000000, sa_flags=0x00000000


---------------  S Y S T E M  ---------------

OS:Ubuntu 14.04 (trusty)
uname:Linux 3.16.0-031600-generic #201408031935 SMP Sun Aug 3 23:36:11 UTC 2014 x86_64
libc:glibc 2.19 NPTL 2.19 
rlimit: STACK infinity, CORE infinity, NPROC 241203, NOFILE 4096, AS 20971520k
load average:1.59 1.32 0.74

/proc/meminfo:
MemTotal:       61835544 kB
MemFree:        58381108 kB
MemAvailable:   60398644 kB
Buffers:           95916 kB
Cached:          2044448 kB
SwapCached:            0 kB
Active:           793868 kB
Inactive:        1916172 kB
Active(anon):     570396 kB
Inactive(anon):      332 kB
Active(file):     223472 kB
Inactive(file):  1915840 kB
Unevictable:           0 kB
Mlocked:               0 kB
SwapTotal:             0 kB
SwapFree:              0 kB
Dirty:               816 kB
Writeback:             0 kB
AnonPages:        597648 kB
Mapped:            51812 kB
Shmem:               424 kB
Slab:             269840 kB
SReclaimable:     206928 kB
SUnreclaim:        62912 kB
KernelStack:       12976 kB
PageTables:         6976 kB
NFS_Unstable:          0 kB
Bounce:                0 kB
WritebackTmp:          0 kB
CommitLimit:    30917772 kB
Committed_AS:    2678352 kB
VmallocTotal:   34359738367 kB
VmallocUsed:      137532 kB
VmallocChunk:   34327723444 kB
HardwareCorrupted:     0 kB
AnonHugePages:    432128 kB
HugePages_Total:       0
HugePages_Free:        0
HugePages_Rsvd:        0
HugePages_Surp:        0
Hugepagesize:       2048 kB
DirectMap4k:      106496 kB
DirectMap2M:    62939136 kB


CPU:total 32 (8 cores per cpu, 2 threads per core) family 6 model 62 stepping 4, cmov, cx8, fxsr, mmx, sse, sse2, sse3, ssse3, sse4.1, sse4.2, popcnt, avx, aes, erms, ht, tsc

/proc/cpuinfo:
processor	: 0
vendor_id	: GenuineIntel
cpu family	: 6
model		: 62
model name	: Intel(R) Xeon(R) CPU E5-2680 v2 @ 2.80GHz
stepping	: 4
microcode	: 0x428
cpu MHz		: 2793.366
cache size	: 25600 KB
physical id	: 0
siblings	: 16
core id		: 0
cpu cores	: 8
apicid		: 0
initial apicid	: 0
fpu		: yes
fpu_exception	: yes
cpuid level	: 13
wp		: yes
flags		: fpu vme de pse tsc msr pae mce cx8 apic sep mtrr pge mca cmov pat pse36 clflush mmx fxsr sse sse2 ht syscall nx rdtscp lm constant_tsc rep_good nopl xtopology eagerfpu pni pclmulqdq ssse3 cx16 pcid sse4_1 sse4_2 x2apic popcnt tsc_deadline_timer aes xsave avx f16c rdrand hypervisor lahf_lm xsaveopt fsgsbase smep erms
bogomips	: 5586.73
clflush size	: 64
cache_alignment	: 64
address sizes	: 46 bits physical, 48 bits virtual
power management:

processor	: 1
vendor_id	: GenuineIntel
cpu family	: 6
model		: 62
model name	: Intel(R) Xeon(R) CPU E5-2680 v2 @ 2.80GHz
stepping	: 4
microcode	: 0x428
cpu MHz		: 2793.366
cache size	: 25600 KB
physical id	: 0
siblings	: 16
core id		: 1
cpu cores	: 8
apicid		: 2
initial apicid	: 2
fpu		: yes
fpu_exception	: yes
cpuid level	: 13
wp		: yes
flags		: fpu vme de pse tsc msr pae mce cx8 apic sep mtrr pge mca cmov pat pse36 clflush mmx fxsr sse sse2 ht syscall nx rdtscp lm constant_tsc rep_good nopl xtopology eagerfpu pni pclmulqdq ssse3 cx16 pcid sse4_1 sse4_2 x2apic popcnt tsc_deadline_timer aes xsave avx f16c rdrand hypervisor lahf_lm xsaveopt fsgsbase smep erms
bogomips	: 5586.73
clflush size	: 64
cache_alignment	: 64
address sizes	: 46 bits physical, 48 bits virtual
power management:

processor	: 2
vendor_id	: GenuineIntel
cpu family	: 6
model		: 62
model name	: Intel(R) Xeon(R) CPU E5-2680 v2 @ 2.80GHz
stepping	: 4
microcode	: 0x428
cpu MHz		: 2793.366
cache size	: 25600 KB
physical id	: 0
siblings	: 16
core id		: 2
cpu cores	: 8
apicid		: 4
initial apicid	: 4
fpu		: yes
fpu_exception	: yes
cpuid level	: 13
wp		: yes
flags		: fpu vme de pse tsc msr pae mce cx8 apic sep mtrr pge mca cmov pat pse36 clflush mmx fxsr sse sse2 ht syscall nx rdtscp lm constant_tsc rep_good nopl xtopology eagerfpu pni pclmulqdq ssse3 cx16 pcid sse4_1 sse4_2 x2apic popcnt tsc_deadline_timer aes xsave avx f16c rdrand hypervisor lahf_lm xsaveopt fsgsbase smep erms
bogomips	: 5586.73
clflush size	: 64
cache_alignment	: 64
address sizes	: 46 bits physical, 48 bits virtual
power management:

processor	: 3
vendor_id	: GenuineIntel
cpu family	: 6
model		: 62
model name	: Intel(R) Xeon(R) CPU E5-2680 v2 @ 2.80GHz
stepping	: 4
microcode	: 0x428
cpu MHz		: 2793.366
cache size	: 25600 KB
physical id	: 0
siblings	: 16
core id		: 3
cpu cores	: 8
apicid		: 6
initial apicid	: 6
fpu		: yes
fpu_exception	: yes
cpuid level	: 13
wp		: yes
flags		: fpu vme de pse tsc msr pae mce cx8 apic sep mtrr pge mca cmov pat pse36 clflush mmx fxsr sse sse2 ht syscall nx rdtscp lm constant_tsc rep_good nopl xtopology eagerfpu pni pclmulqdq ssse3 cx16 pcid sse4_1 sse4_2 x2apic popcnt tsc_deadline_timer aes xsave avx f16c rdrand hypervisor lahf_lm xsaveopt fsgsbase smep erms
bogomips	: 5586.73
clflush size	: 64
cache_alignment	: 64
address sizes	: 46 bits physical, 48 bits virtual
power management:

processor	: 4
vendor_id	: GenuineIntel
cpu family	: 6
model		: 62
model name	: Intel(R) Xeon(R) CPU E5-2680 v2 @ 2.80GHz
stepping	: 4
microcode	: 0x428
cpu MHz		: 2793.366
cache size	: 25600 KB
physical id	: 0
siblings	: 16
core id		: 4
cpu cores	: 8
apicid		: 8
initial apicid	: 8
fpu		: yes
fpu_exception	: yes
cpuid level	: 13
wp		: yes
flags		: fpu vme de pse tsc msr pae mce cx8 apic sep mtrr pge mca cmov pat pse36 clflush mmx fxsr sse sse2 ht syscall nx rdtscp lm constant_tsc rep_good nopl xtopology eagerfpu pni pclmulqdq ssse3 cx16 pcid sse4_1 sse4_2 x2apic popcnt tsc_deadline_timer aes xsave avx f16c rdrand hypervisor lahf_lm xsaveopt fsgsbase smep erms
bogomips	: 5586.73
clflush size	: 64
cache_alignment	: 64
address sizes	: 46 bits physical, 48 bits virtual
power management:

processor	: 5
vendor_id	: GenuineIntel
cpu family	: 6
model		: 62
model name	: Intel(R) Xeon(R) CPU E5-2680 v2 @ 2.80GHz
stepping	: 4
microcode	: 0x428
cpu MHz		: 2793.366
cache size	: 25600 KB
physical id	: 0
siblings	: 16
core id		: 5
cpu cores	: 8
apicid		: 10
initial apicid	: 10
fpu		: yes
fpu_exception	: yes
cpuid level	: 13
wp		: yes
flags		: fpu vme de pse tsc msr pae mce cx8 apic sep mtrr pge mca cmov pat pse36 clflush mmx fxsr sse sse2 ht syscall nx rdtscp lm constant_tsc rep_good nopl xtopology eagerfpu pni pclmulqdq ssse3 cx16 pcid sse4_1 sse4_2 x2apic popcnt tsc_deadline_timer aes xsave avx f16c rdrand hypervisor lahf_lm xsaveopt fsgsbase smep erms
bogomips	: 5586.73
clflush size	: 64
cache_alignment	: 64
address sizes	: 46 bits physical, 48 bits virtual
power management:

processor	: 6
vendor_id	: GenuineIntel
cpu family	: 6
model		: 62
model name	: Intel(R) Xeon(R) CPU E5-2680 v2 @ 2.80GHz
stepping	: 4
microcode	: 0x428
cpu MHz		: 2793.366
cache size	: 25600 KB
physical id	: 0
siblings	: 16
core id		: 6
cpu cores	: 8
apicid		: 12
initial apicid	: 12
fpu		: yes
fpu_exception	: yes
cpuid level	: 13
wp		: yes
flags		: fpu vme de pse tsc msr pae mce cx8 apic sep mtrr pge mca cmov pat pse36 clflush mmx fxsr sse sse2 ht syscall nx rdtscp lm constant_tsc rep_good nopl xtopology eagerfpu pni pclmulqdq ssse3 cx16 pcid sse4_1 sse4_2 x2apic popcnt tsc_deadline_timer aes xsave avx f16c rdrand hypervisor lahf_lm xsaveopt fsgsbase smep erms
bogomips	: 5586.73
clflush size	: 64
cache_alignment	: 64
address sizes	: 46 bits physical, 48 bits virtual
power management:

processor	: 7
vendor_id	: GenuineIntel
cpu family	: 6
model		: 62
model name	: Intel(R) Xeon(R) CPU E5-2680 v2 @ 2.80GHz
stepping	: 4
microcode	: 0x428
cpu MHz		: 2793.366
cache size	: 25600 KB
physical id	: 0
siblings	: 16
core id		: 7
cpu cores	: 8
apicid		: 14
initial apicid	: 14
fpu		: yes
fpu_exception	: yes
cpuid level	: 13
wp		: yes
flags		: fpu vme de pse tsc msr pae mce cx8 apic sep mtrr pge mca cmov pat pse36 clflush mmx fxsr sse sse2 ht syscall nx rdtscp lm constant_tsc rep_good nopl xtopology eagerfpu pni pclmulqdq ssse3 cx16 pcid sse4_1 sse4_2 x2apic popcnt tsc_deadline_timer aes xsave avx f16c rdrand hypervisor lahf_lm xsaveopt fsgsbase smep erms
bogomips	: 5586.73
clflush size	: 64
cache_alignment	: 64
address sizes	: 46 bits physical, 48 bits virtual
power management:

processor	: 8
vendor_id	: GenuineIntel
cpu family	: 6
model		: 62
model name	: Intel(R) Xeon(R) CPU E5-2680 v2 @ 2.80GHz
stepping	: 4
microcode	: 0x428
cpu MHz		: 2793.366
cache size	: 25600 KB
physical id	: 1
siblings	: 16
core id		: 0
cpu cores	: 8
apicid		: 32
initial apicid	: 32
fpu		: yes
fpu_exception	: yes
cpuid level	: 13
wp		: yes
flags		: fpu vme de pse tsc msr pae mce cx8 apic sep mtrr pge mca cmov pat pse36 clflush mmx fxsr sse sse2 ht syscall nx rdtscp lm constant_tsc rep_good nopl xtopology eagerfpu pni pclmulqdq ssse3 cx16 pcid sse4_1 sse4_2 x2apic popcnt tsc_deadline_timer aes xsave avx f16c rdrand hypervisor lahf_lm xsaveopt fsgsbase smep erms
bogomips	: 5660.42
clflush size	: 64
cache_alignment	: 64
address sizes	: 46 bits physical, 48 bits virtual
power management:

processor	: 9
vendor_id	: GenuineIntel
cpu family	: 6
model		: 62
model name	: Intel(R) Xeon(R) CPU E5-2680 v2 @ 2.80GHz
stepping	: 4
microcode	: 0x428
cpu MHz		: 2793.366
cache size	: 25600 KB
physical id	: 1
siblings	: 16
core id		: 1
cpu cores	: 8
apicid		: 34
initial apicid	: 34
fpu		: yes
fpu_exception	: yes
cpuid level	: 13
wp		: yes
flags		: fpu vme de pse tsc msr pae mce cx8 apic sep mtrr pge mca cmov pat pse36 clflush mmx fxsr sse sse2 ht syscall nx rdtscp lm constant_tsc rep_good nopl xtopology eagerfpu pni pclmulqdq ssse3 cx16 pcid sse4_1 sse4_2 x2apic popcnt tsc_deadline_timer aes xsave avx f16c rdrand hypervisor lahf_lm xsaveopt fsgsbase smep erms
bogomips	: 5660.42
clflush size	: 64
cache_alignment	: 64
address sizes	: 46 bits physical, 48 bits virtual
power management:

processor	: 10
vendor_id	: GenuineIntel
cpu family	: 6
model		: 62
model name	: Intel(R) Xeon(R) CPU E5-2680 v2 @ 2.80GHz
stepping	: 4
microcode	: 0x428
cpu MHz		: 2793.366
cache size	: 25600 KB
physical id	: 1
siblings	: 16
core id		: 2
cpu cores	: 8
apicid		: 36
initial apicid	: 36
fpu		: yes
fpu_exception	: yes
cpuid level	: 13
wp		: yes
flags		: fpu vme de pse tsc msr pae mce cx8 apic sep mtrr pge mca cmov pat pse36 clflush mmx fxsr sse sse2 ht syscall nx rdtscp lm constant_tsc rep_good nopl xtopology eagerfpu pni pclmulqdq ssse3 cx16 pcid sse4_1 sse4_2 x2apic popcnt tsc_deadline_timer aes xsave avx f16c rdrand hypervisor lahf_lm xsaveopt fsgsbase smep erms
bogomips	: 5660.42
clflush size	: 64
cache_alignment	: 64
address sizes	: 46 bits physical, 48 bits virtual
power management:

processor	: 11
vendor_id	: GenuineIntel
cpu family	: 6
model		: 62
model name	: Intel(R) Xeon(R) CPU E5-2680 v2 @ 2.80GHz
stepping	: 4
microcode	: 0x428
cpu MHz		: 2793.366
cache size	: 25600 KB
physical id	: 1
siblings	: 16
core id		: 3
cpu cores	: 8
apicid		: 38
initial apicid	: 38
fpu		: yes
fpu_exception	: yes
cpuid level	: 13
wp		: yes
flags		: fpu vme de pse tsc msr pae mce cx8 apic sep mtrr pge mca cmov pat pse36 clflush mmx fxsr sse sse2 ht syscall nx rdtscp lm constant_tsc rep_good nopl xtopology eagerfpu pni pclmulqdq ssse3 cx16 pcid sse4_1 sse4_2 x2apic popcnt tsc_deadline_timer aes xsave avx f16c rdrand hypervisor lahf_lm xsaveopt fsgsbase smep erms
bogomips	: 5660.42
clflush size	: 64
cache_alignment	: 64
address sizes	: 46 bits physical, 48 bits virtual
power management:

processor	: 12
vendor_id	: GenuineIntel
cpu family	: 6
model		: 62
model name	: Intel(R) Xeon(R) CPU E5-2680 v2 @ 2.80GHz
stepping	: 4
microcode	: 0x428
cpu MHz		: 2793.366
cache size	: 25600 KB
physical id	: 1
siblings	: 16
core id		: 4
cpu cores	: 8
apicid		: 40
initial apicid	: 40
fpu		: yes
fpu_exception	: yes
cpuid level	: 13
wp		: yes
flags		: fpu vme de pse tsc msr pae mce cx8 apic sep mtrr pge mca cmov pat pse36 clflush mmx fxsr sse sse2 ht syscall nx rdtscp lm constant_tsc rep_good nopl xtopology eagerfpu pni pclmulqdq ssse3 cx16 pcid sse4_1 sse4_2 x2apic popcnt tsc_deadline_timer aes xsave avx f16c rdrand hypervisor lahf_lm xsaveopt fsgsbase smep erms
bogomips	: 5660.42
clflush size	: 64
cache_alignment	: 64
address sizes	: 46 bits physical, 48 bits virtual
power management:

processor	: 13
vendor_id	: GenuineIntel
cpu family	: 6
model		: 62
model name	: Intel(R) Xeon(R) CPU E5-2680 v2 @ 2.80GHz
stepping	: 4
microcode	: 0x428
cpu MHz		: 2793.366
cache size	: 25600 KB
physical id	: 1
siblings	: 16
core id		: 5
cpu cores	: 8
apicid		: 42
initial apicid	: 42
fpu		: yes
fpu_exception	: yes
cpuid level	: 13
wp		: yes
flags		: fpu vme de pse tsc msr pae mce cx8 apic sep mtrr pge mca cmov pat pse36 clflush mmx fxsr sse sse2 ht syscall nx rdtscp lm constant_tsc rep_good nopl xtopology eagerfpu pni pclmulqdq ssse3 cx16 pcid sse4_1 sse4_2 x2apic popcnt tsc_deadline_timer aes xsave avx f16c rdrand hypervisor lahf_lm xsaveopt fsgsbase smep erms
bogomips	: 5660.42
clflush size	: 64
cache_alignment	: 64
address sizes	: 46 bits physical, 48 bits virtual
power management:

processor	: 14
vendor_id	: GenuineIntel
cpu family	: 6
model		: 62
model name	: Intel(R) Xeon(R) CPU E5-2680 v2 @ 2.80GHz
stepping	: 4
microcode	: 0x428
cpu MHz		: 2793.366
cache size	: 25600 KB
physical id	: 1
siblings	: 16
core id		: 6
cpu cores	: 8
apicid		: 44
initial apicid	: 44
fpu		: yes
fpu_exception	: yes
cpuid level	: 13
wp		: yes
flags		: fpu vme de pse tsc msr pae mce cx8 apic sep mtrr pge mca cmov pat pse36 clflush mmx fxsr sse sse2 ht syscall nx rdtscp lm constant_tsc rep_good nopl xtopology eagerfpu pni pclmulqdq ssse3 cx16 pcid sse4_1 sse4_2 x2apic popcnt tsc_deadline_timer aes xsave avx f16c rdrand hypervisor lahf_lm xsaveopt fsgsbase smep erms
bogomips	: 5660.42
clflush size	: 64
cache_alignment	: 64
address sizes	: 46 bits physical, 48 bits virtual
power management:

processor	: 15
vendor_id	: GenuineIntel
cpu family	: 6
model		: 62
model name	: Intel(R) Xeon(R) CPU E5-2680 v2 @ 2.80GHz
stepping	: 4
microcode	: 0x428
cpu MHz		: 2793.366
cache size	: 25600 KB
physical id	: 1
siblings	: 16
core id		: 7
cpu cores	: 8
apicid		: 46
initial apicid	: 46
fpu		: yes
fpu_exception	: yes
cpuid level	: 13
wp		: yes
flags		: fpu vme de pse tsc msr pae mce cx8 apic sep mtrr pge mca cmov pat pse36 clflush mmx fxsr sse sse2 ht syscall nx rdtscp lm constant_tsc rep_good nopl xtopology eagerfpu pni pclmulqdq ssse3 cx16 pcid sse4_1 sse4_2 x2apic popcnt tsc_deadline_timer aes xsave avx f16c rdrand hypervisor lahf_lm xsaveopt fsgsbase smep erms
bogomips	: 5660.42
clflush size	: 64
cache_alignment	: 64
address sizes	: 46 bits physical, 48 bits virtual
power management:

processor	: 16
vendor_id	: GenuineIntel
cpu family	: 6
model		: 62
model name	: Intel(R) Xeon(R) CPU E5-2680 v2 @ 2.80GHz
stepping	: 4
microcode	: 0x428
cpu MHz		: 2793.366
cache size	: 25600 KB
physical id	: 0
siblings	: 16
core id		: 0
cpu cores	: 8
apicid		: 1
initial apicid	: 1
fpu		: yes
fpu_exception	: yes
cpuid level	: 13
wp		: yes
flags		: fpu vme de pse tsc msr pae mce cx8 apic sep mtrr pge mca cmov pat pse36 clflush mmx fxsr sse sse2 ht syscall nx rdtscp lm constant_tsc rep_good nopl xtopology eagerfpu pni pclmulqdq ssse3 cx16 pcid sse4_1 sse4_2 x2apic popcnt tsc_deadline_timer aes xsave avx f16c rdrand hypervisor lahf_lm xsaveopt fsgsbase smep erms
bogomips	: 5586.73
clflush size	: 64
cache_alignment	: 64
address sizes	: 46 bits physical, 48 bits virtual
power management:

processor	: 17
vendor_id	: GenuineIntel
cpu family	: 6
model		: 62
model name	: Intel(R) Xeon(R) CPU E5-2680 v2 @ 2.80GHz
stepping	: 4
microcode	: 0x428
cpu MHz		: 2793.366
cache size	: 25600 KB
physical id	: 0
siblings	: 16
core id		: 1
cpu cores	: 8
apicid		: 3
initial apicid	: 3
fpu		: yes
fpu_exception	: yes
cpuid level	: 13
wp		: yes
flags		: fpu vme de pse tsc msr pae mce cx8 apic sep mtrr pge mca cmov pat pse36 clflush mmx fxsr sse sse2 ht syscall nx rdtscp lm constant_tsc rep_good nopl xtopology eagerfpu pni pclmulqdq ssse3 cx16 pcid sse4_1 sse4_2 x2apic popcnt tsc_deadline_timer aes xsave avx f16c rdrand hypervisor lahf_lm xsaveopt fsgsbase smep erms
bogomips	: 5586.73
clflush size	: 64
cache_alignment	: 64
address sizes	: 46 bits physical, 48 bits virtual
power management:

processor	: 18
vendor_id	: GenuineIntel
cpu family	: 6
model		: 62
model name	: Intel(R) Xeon(R) CPU E5-2680 v2 @ 2.80GHz
stepping	: 4
microcode	: 0x428
cpu MHz		: 2793.366
cache size	: 25600 KB
physical id	: 0
siblings	: 16
core id		: 2
cpu cores	: 8
apicid		: 5
initial apicid	: 5
fpu		: yes
fpu_exception	: yes
cpuid level	: 13
wp		: yes
flags		: fpu vme de pse tsc msr pae mce cx8 apic sep mtrr pge mca cmov pat pse36 clflush mmx fxsr sse sse2 ht syscall nx rdtscp lm constant_tsc rep_good nopl xtopology eagerfpu pni pclmulqdq ssse3 cx16 pcid sse4_1 sse4_2 x2apic popcnt tsc_deadline_timer aes xsave avx f16c rdrand hypervisor lahf_lm xsaveopt fsgsbase smep erms
bogomips	: 5586.73
clflush size	: 64
cache_alignment	: 64
address sizes	: 46 bits physical, 48 bits virtual
power management:

processor	: 19
vendor_id	: GenuineIntel
cpu family	: 6
model		: 62
model name	: Intel(R) Xeon(R) CPU E5-2680 v2 @ 2.80GHz
stepping	: 4
microcode	: 0x428
cpu MHz		: 2793.366
cache size	: 25600 KB
physical id	: 0
siblings	: 16
core id		: 3
cpu cores	: 8
apicid		: 7
initial apicid	: 7
fpu		: yes
fpu_exception	: yes
cpuid level	: 13
wp		: yes
flags		: fpu vme de pse tsc msr pae mce cx8 apic sep mtrr pge mca cmov pat pse36 clflush mmx fxsr sse sse2 ht syscall nx rdtscp lm constant_tsc rep_good nopl xtopology eagerfpu pni pclmulqdq ssse3 cx16 pcid sse4_1 sse4_2 x2apic popcnt tsc_deadline_timer aes xsave avx f16c rdrand hypervisor lahf_lm xsaveopt fsgsbase smep erms
bogomips	: 5586.73
clflush size	: 64
cache_alignment	: 64
address sizes	: 46 bits physical, 48 bits virtual
power management:

processor	: 20
vendor_id	: GenuineIntel
cpu family	: 6
model		: 62
model name	: Intel(R) Xeon(R) CPU E5-2680 v2 @ 2.80GHz
stepping	: 4
microcode	: 0x428
cpu MHz		: 2793.366
cache size	: 25600 KB
physical id	: 0
siblings	: 16
core id		: 4
cpu cores	: 8
apicid		: 9
initial apicid	: 9
fpu		: yes
fpu_exception	: yes
cpuid level	: 13
wp		: yes
flags		: fpu vme de pse tsc msr pae mce cx8 apic sep mtrr pge mca cmov pat pse36 clflush mmx fxsr sse sse2 ht syscall nx rdtscp lm constant_tsc rep_good nopl xtopology eagerfpu pni pclmulqdq ssse3 cx16 pcid sse4_1 sse4_2 x2apic popcnt tsc_deadline_timer aes xsave avx f16c rdrand hypervisor lahf_lm xsaveopt fsgsbase smep erms
bogomips	: 5586.73
clflush size	: 64
cache_alignment	: 64
address sizes	: 46 bits physical, 48 bits virtual
power management:

processor	: 21
vendor_id	: GenuineIntel
cpu family	: 6
model		: 62
model name	: Intel(R) Xeon(R) CPU E5-2680 v2 @ 2.80GHz
stepping	: 4
microcode	: 0x428
cpu MHz		: 2793.366
cache size	: 25600 KB
physical id	: 0
siblings	: 16
core id		: 5
cpu cores	: 8
apicid		: 11
initial apicid	: 11
fpu		: yes
fpu_exception	: yes
cpuid level	: 13
wp		: yes
flags		: fpu vme de pse tsc msr pae mce cx8 apic sep mtrr pge mca cmov pat pse36 clflush mmx fxsr sse sse2 ht syscall nx rdtscp lm constant_tsc rep_good nopl xtopology eagerfpu pni pclmulqdq ssse3 cx16 pcid sse4_1 sse4_2 x2apic popcnt tsc_deadline_timer aes xsave avx f16c rdrand hypervisor lahf_lm xsaveopt fsgsbase smep erms
bogomips	: 5586.73
clflush size	: 64
cache_alignment	: 64
address sizes	: 46 bits physical, 48 bits virtual
power management:

processor	: 22
vendor_id	: GenuineIntel
cpu family	: 6
model		: 62
model name	: Intel(R) Xeon(R) CPU E5-2680 v2 @ 2.80GHz
stepping	: 4
microcode	: 0x428
cpu MHz		: 2793.366
cache size	: 25600 KB
physical id	: 0
siblings	: 16
core id		: 6
cpu cores	: 8
apicid		: 13
initial apicid	: 13
fpu		: yes
fpu_exception	: yes
cpuid level	: 13
wp		: yes
flags		: fpu vme de pse tsc msr pae mce cx8 apic sep mtrr pge mca cmov pat pse36 clflush mmx fxsr sse sse2 ht syscall nx rdtscp lm constant_tsc rep_good nopl xtopology eagerfpu pni pclmulqdq ssse3 cx16 pcid sse4_1 sse4_2 x2apic popcnt tsc_deadline_timer aes xsave avx f16c rdrand hypervisor lahf_lm xsaveopt fsgsbase smep erms
bogomips	: 5586.73
clflush size	: 64
cache_alignment	: 64
address sizes	: 46 bits physical, 48 bits virtual
power management:

processor	: 23
vendor_id	: GenuineIntel
cpu family	: 6
model		: 62
model name	: Intel(R) Xeon(R) CPU E5-2680 v2 @ 2.80GHz
stepping	: 4
microcode	: 0x428
cpu MHz		: 2793.366
cache size	: 25600 KB
physical id	: 0
siblings	: 16
core id		: 7
cpu cores	: 8
apicid		: 15
initial apicid	: 15
fpu		: yes
fpu_exception	: yes
cpuid level	: 13
wp		: yes
flags		: fpu vme de pse tsc msr pae mce cx8 apic sep mtrr pge mca cmov pat pse36 clflush mmx fxsr sse sse2 ht syscall nx rdtscp lm constant_tsc rep_good nopl xtopology eagerfpu pni pclmulqdq ssse3 cx16 pcid sse4_1 sse4_2 x2apic popcnt tsc_deadline_timer aes xsave avx f16c rdrand hypervisor lahf_lm xsaveopt fsgsbase smep erms
bogomips	: 5586.73
clflush size	: 64
cache_alignment	: 64
address sizes	: 46 bits physical, 48 bits virtual
power management:

processor	: 24
vendor_id	: GenuineIntel
cpu family	: 6
model		: 62
model name	: Intel(R) Xeon(R) CPU E5-2680 v2 @ 2.80GHz
stepping	: 4
microcode	: 0x428
cpu MHz		: 2793.366
cache size	: 25600 KB
physical id	: 1
siblings	: 16
core id		: 0
cpu cores	: 8
apicid		: 33
initial apicid	: 33
fpu		: yes
fpu_exception	: yes
cpuid level	: 13
wp		: yes
flags		: fpu vme de pse tsc msr pae mce cx8 apic sep mtrr pge mca cmov pat pse36 clflush mmx fxsr sse sse2 ht syscall nx rdtscp lm constant_tsc rep_good nopl xtopology eagerfpu pni pclmulqdq ssse3 cx16 pcid sse4_1 sse4_2 x2apic popcnt tsc_deadline_timer aes xsave avx f16c rdrand hypervisor lahf_lm xsaveopt fsgsbase smep erms
bogomips	: 5660.42
clflush size	: 64
cache_alignment	: 64
address sizes	: 46 bits physical, 48 bits virtual
power management:

processor	: 25
vendor_id	: GenuineIntel
cpu family	: 6
model		: 62
model name	: Intel(R) Xeon(R) CPU E5-2680 v2 @ 2.80GHz
stepping	: 4
microcode	: 0x428
cpu MHz		: 2793.366
cache size	: 25600 KB
physical id	: 1
siblings	: 16
core id		: 1
cpu cores	: 8
apicid		: 35
initial apicid	: 35
fpu		: yes
fpu_exception	: yes
cpuid level	: 13
wp		: yes
flags		: fpu vme de pse tsc msr pae mce cx8 apic sep mtrr pge mca cmov pat pse36 clflush mmx fxsr sse sse2 ht syscall nx rdtscp lm constant_tsc rep_good nopl xtopology eagerfpu pni pclmulqdq ssse3 cx16 pcid sse4_1 sse4_2 x2apic popcnt tsc_deadline_timer aes xsave avx f16c rdrand hypervisor lahf_lm xsaveopt fsgsbase smep erms
bogomips	: 5660.42
clflush size	: 64
cache_alignment	: 64
address sizes	: 46 bits physical, 48 bits virtual
power management:

processor	: 26
vendor_id	: GenuineIntel
cpu family	: 6
model		: 62
model name	: Intel(R) Xeon(R) CPU E5-2680 v2 @ 2.80GHz
stepping	: 4
microcode	: 0x428
cpu MHz		: 2793.366
cache size	: 25600 KB
physical id	: 1
siblings	: 16
core id		: 2
cpu cores	: 8
apicid		: 37
initial apicid	: 37
fpu		: yes
fpu_exception	: yes
cpuid level	: 13
wp		: yes
flags		: fpu vme de pse tsc msr pae mce cx8 apic sep mtrr pge mca cmov pat pse36 clflush mmx fxsr sse sse2 ht syscall nx rdtscp lm constant_tsc rep_good nopl xtopology eagerfpu pni pclmulqdq ssse3 cx16 pcid sse4_1 sse4_2 x2apic popcnt tsc_deadline_timer aes xsave avx f16c rdrand hypervisor lahf_lm xsaveopt fsgsbase smep erms
bogomips	: 5660.42
clflush size	: 64
cache_alignment	: 64
address sizes	: 46 bits physical, 48 bits virtual
power management:

processor	: 27
vendor_id	: GenuineIntel
cpu family	: 6
model		: 62
model name	: Intel(R) Xeon(R) CPU E5-2680 v2 @ 2.80GHz
stepping	: 4
microcode	: 0x428
cpu MHz		: 2793.366
cache size	: 25600 KB
physical id	: 1
siblings	: 16
core id		: 3
cpu cores	: 8
apicid		: 39
initial apicid	: 39
fpu		: yes
fpu_exception	: yes
cpuid level	: 13
wp		: yes
flags		: fpu vme de pse tsc msr pae mce cx8 apic sep mtrr pge mca cmov pat pse36 clflush mmx fxsr sse sse2 ht syscall nx rdtscp lm constant_tsc rep_good nopl xtopology eagerfpu pni pclmulqdq ssse3 cx16 pcid sse4_1 sse4_2 x2apic popcnt tsc_deadline_timer aes xsave avx f16c rdrand hypervisor lahf_lm xsaveopt fsgsbase smep erms
bogomips	: 5660.42
clflush size	: 64
cache_alignment	: 64
address sizes	: 46 bits physical, 48 bits virtual
power management:

processor	: 28
vendor_id	: GenuineIntel
cpu family	: 6
model		: 62
model name	: Intel(R) Xeon(R) CPU E5-2680 v2 @ 2.80GHz
stepping	: 4
microcode	: 0x428
cpu MHz		: 2793.366
cache size	: 25600 KB
physical id	: 1
siblings	: 16
core id		: 4
cpu cores	: 8
apicid		: 41
initial apicid	: 41
fpu		: yes
fpu_exception	: yes
cpuid level	: 13
wp		: yes
flags		: fpu vme de pse tsc msr pae mce cx8 apic sep mtrr pge mca cmov pat pse36 clflush mmx fxsr sse sse2 ht syscall nx rdtscp lm constant_tsc rep_good nopl xtopology eagerfpu pni pclmulqdq ssse3 cx16 pcid sse4_1 sse4_2 x2apic popcnt tsc_deadline_timer aes xsave avx f16c rdrand hypervisor lahf_lm xsaveopt fsgsbase smep erms
bogomips	: 5660.42
clflush size	: 64
cache_alignment	: 64
address sizes	: 46 bits physical, 48 bits virtual
power management:

processor	: 29
vendor_id	: GenuineIntel
cpu family	: 6
model		: 62
model name	: Intel(R) Xeon(R) CPU E5-2680 v2 @ 2.80GHz
stepping	: 4
microcode	: 0x428
cpu MHz		: 2793.366
cache size	: 25600 KB
physical id	: 1
siblings	: 16
core id		: 5
cpu cores	: 8
apicid		: 43
initial apicid	: 43
fpu		: yes
fpu_exception	: yes
cpuid level	: 13
wp		: yes
flags		: fpu vme de pse tsc msr pae mce cx8 apic sep mtrr pge mca cmov pat pse36 clflush mmx fxsr sse sse2 ht syscall nx rdtscp lm constant_tsc rep_good nopl xtopology eagerfpu pni pclmulqdq ssse3 cx16 pcid sse4_1 sse4_2 x2apic popcnt tsc_deadline_timer aes xsave avx f16c rdrand hypervisor lahf_lm xsaveopt fsgsbase smep erms
bogomips	: 5660.42
clflush size	: 64
cache_alignment	: 64
address sizes	: 46 bits physical, 48 bits virtual
power management:

processor	: 30
vendor_id	: GenuineIntel
cpu family	: 6
model		: 62
model name	: Intel(R) Xeon(R) CPU E5-2680 v2 @ 2.80GHz
stepping	: 4
microcode	: 0x428
cpu MHz		: 2793.366
cache size	: 25600 KB
physical id	: 1
siblings	: 16
core id		: 6
cpu cores	: 8
apicid		: 45
initial apicid	: 45
fpu		: yes
fpu_exception	: yes
cpuid level	: 13
wp		: yes
flags		: fpu vme de pse tsc msr pae mce cx8 apic sep mtrr pge mca cmov pat pse36 clflush mmx fxsr sse sse2 ht syscall nx rdtscp lm constant_tsc rep_good nopl xtopology eagerfpu pni pclmulqdq ssse3 cx16 pcid sse4_1 sse4_2 x2apic popcnt tsc_deadline_timer aes xsave avx f16c rdrand hypervisor lahf_lm xsaveopt fsgsbase smep erms
bogomips	: 5660.42
clflush size	: 64
cache_alignment	: 64
address sizes	: 46 bits physical, 48 bits virtual
power management:

processor	: 31
vendor_id	: GenuineIntel
cpu family	: 6
model		: 62
model name	: Intel(R) Xeon(R) CPU E5-2680 v2 @ 2.80GHz
stepping	: 4
microcode	: 0x428
cpu MHz		: 2793.366
cache size	: 25600 KB
physical id	: 1
siblings	: 16
core id		: 7
cpu cores	: 8
apicid		: 47
initial apicid	: 47
fpu		: yes
fpu_exception	: yes
cpuid level	: 13
wp		: yes
flags		: fpu vme de pse tsc msr pae mce cx8 apic sep mtrr pge mca cmov pat pse36 clflush mmx fxsr sse sse2 ht syscall nx rdtscp lm constant_tsc rep_good nopl xtopology eagerfpu pni pclmulqdq ssse3 cx16 pcid sse4_1 sse4_2 x2apic popcnt tsc_deadline_timer aes xsave avx f16c rdrand hypervisor lahf_lm xsaveopt fsgsbase smep erms
bogomips	: 5660.42
clflush size	: 64
cache_alignment	: 64
address sizes	: 46 bits physical, 48 bits virtual
power management:



Memory: 4k page, physical 61835544k(58381220k free), swap 0k(0k free)

vm_info: OpenJDK 64-Bit Server VM (24.79-b02) for linux-amd64 JRE (1.7.0_79-b14), built on Jul 24 2015 08:15:54 by "buildd" with gcc 4.8.2

time: Fri Jan 29 19:45:43 2016
elapsed time: 9 seconds

